-------------------------------------------------------------------------------
Test set: com.examly.springapp.SpringappApplicationTests
-------------------------------------------------------------------------------
Tests run: 80, Failures: 13, Errors: 1, Skipped: 0, Time elapsed: 7.626 s <<< FAILURE! -- in com.examly.springapp.SpringappApplicationTests
com.examly.springapp.SpringappApplicationTests.Day6_testCreateProduct_NoBody_StatusBadRequest -- Time elapsed: 0.214 s <<< FAILURE!
java.lang.AssertionError: Status expected:<400> but was:<415>
	at org.springframework.test.util.AssertionErrors.fail(AssertionErrors.java:61)
	at org.springframework.test.util.AssertionErrors.assertEquals(AssertionErrors.java:128)
	at org.springframework.test.web.servlet.result.StatusResultMatchers.lambda$matcher$9(StatusResultMatchers.java:640)
	at org.springframework.test.web.servlet.MockMvc$1.andExpect(MockMvc.java:214)
	at com.examly.springapp.SpringappApplicationTests.Day6_testCreateProduct_NoBody_StatusBadRequest(SpringappApplicationTests.java:514)
	at java.base/java.lang.reflect.Method.invoke(Method.java:580)
	at java.base/java.util.ArrayList.forEach(ArrayList.java:1596)
	at java.base/java.util.ArrayList.forEach(ArrayList.java:1596)

com.examly.springapp.SpringappApplicationTests.Day6_testGetAllProducts_StatusNoContent -- Time elapsed: 0.160 s <<< FAILURE!
java.lang.AssertionError: Status expected:<204> but was:<200>
	at org.springframework.test.util.AssertionErrors.fail(AssertionErrors.java:61)
	at org.springframework.test.util.AssertionErrors.assertEquals(AssertionErrors.java:128)
	at org.springframework.test.web.servlet.result.StatusResultMatchers.lambda$matcher$9(StatusResultMatchers.java:640)
	at org.springframework.test.web.servlet.MockMvc$1.andExpect(MockMvc.java:214)
	at com.examly.springapp.SpringappApplicationTests.Day6_testGetAllProducts_StatusNoContent(SpringappApplicationTests.java:521)
	at java.base/java.lang.reflect.Method.invoke(Method.java:580)
	at java.base/java.util.ArrayList.forEach(ArrayList.java:1596)
	at java.base/java.util.ArrayList.forEach(ArrayList.java:1596)

com.examly.springapp.SpringappApplicationTests.Day8_testAddProduct -- Time elapsed: 0.009 s <<< FAILURE!
java.lang.AssertionError: Status expected:<201> but was:<415>
	at org.springframework.test.util.AssertionErrors.fail(AssertionErrors.java:61)
	at org.springframework.test.util.AssertionErrors.assertEquals(AssertionErrors.java:128)
	at org.springframework.test.web.servlet.result.StatusResultMatchers.lambda$matcher$9(StatusResultMatchers.java:640)
	at org.springframework.test.web.servlet.MockMvc$1.andExpect(MockMvc.java:214)
	at com.examly.springapp.SpringappApplicationTests.Day8_testAddProduct(SpringappApplicationTests.java:709)
	at java.base/java.lang.reflect.Method.invoke(Method.java:580)
	at java.base/java.util.ArrayList.forEach(ArrayList.java:1596)
	at java.base/java.util.ArrayList.forEach(ArrayList.java:1596)

com.examly.springapp.SpringappApplicationTests.Day9_testGetAllProducts -- Time elapsed: 0.078 s <<< FAILURE!
java.lang.AssertionError: JSON path "$[0].productName" expected:<Laptop> but was:<T-SHIRT>
	at org.springframework.test.util.AssertionErrors.fail(AssertionErrors.java:61)
	at org.springframework.test.util.AssertionErrors.assertEquals(AssertionErrors.java:128)
	at org.springframework.test.util.JsonPathExpectationsHelper.assertValue(JsonPathExpectationsHelper.java:172)
	at org.springframework.test.web.servlet.result.JsonPathResultMatchers.lambda$value$2(JsonPathResultMatchers.java:112)
	at org.springframework.test.web.servlet.MockMvc$1.andExpect(MockMvc.java:214)
	at com.examly.springapp.SpringappApplicationTests.Day9_testGetAllProducts(SpringappApplicationTests.java:720)
	at java.base/java.lang.reflect.Method.invoke(Method.java:580)
	at java.base/java.util.ArrayList.forEach(ArrayList.java:1596)
	at java.base/java.util.ArrayList.forEach(ArrayList.java:1596)

com.examly.springapp.SpringappApplicationTests.Day9_testGetProductById -- Time elapsed: 0.030 s <<< FAILURE!
java.lang.AssertionError: JSON path "$.productName" expected:<Laptop> but was:<T-SHIRT>
	at org.springframework.test.util.AssertionErrors.fail(AssertionErrors.java:61)
	at org.springframework.test.util.AssertionErrors.assertEquals(AssertionErrors.java:128)
	at org.springframework.test.util.JsonPathExpectationsHelper.assertValue(JsonPathExpectationsHelper.java:172)
	at org.springframework.test.web.servlet.result.JsonPathResultMatchers.lambda$value$2(JsonPathResultMatchers.java:112)
	at org.springframework.test.web.servlet.MockMvc$1.andExpect(MockMvc.java:214)
	at com.examly.springapp.SpringappApplicationTests.Day9_testGetProductById(SpringappApplicationTests.java:729)
	at java.base/java.lang.reflect.Method.invoke(Method.java:580)
	at java.base/java.util.ArrayList.forEach(ArrayList.java:1596)
	at java.base/java.util.ArrayList.forEach(ArrayList.java:1596)

com.examly.springapp.SpringappApplicationTests.Day9_testUpdateProduct -- Time elapsed: 0.013 s <<< FAILURE!
java.lang.AssertionError: Status expected:<200> but was:<415>
	at org.springframework.test.util.AssertionErrors.fail(AssertionErrors.java:61)
	at org.springframework.test.util.AssertionErrors.assertEquals(AssertionErrors.java:128)
	at org.springframework.test.web.servlet.result.StatusResultMatchers.lambda$matcher$9(StatusResultMatchers.java:640)
	at org.springframework.test.web.servlet.MockMvc$1.andExpect(MockMvc.java:214)
	at com.examly.springapp.SpringappApplicationTests.Day9_testUpdateProduct(SpringappApplicationTests.java:740)
	at java.base/java.lang.reflect.Method.invoke(Method.java:580)
	at java.base/java.util.ArrayList.forEach(ArrayList.java:1596)
	at java.base/java.util.ArrayList.forEach(ArrayList.java:1596)

com.examly.springapp.SpringappApplicationTests.Day10_testGetAllSuppliers -- Time elapsed: 0.026 s <<< FAILURE!
java.lang.AssertionError: JSON path "$[0].supplierName" expected:<Tech Supplies Inc> but was:<Adidas>
	at org.springframework.test.util.AssertionErrors.fail(AssertionErrors.java:61)
	at org.springframework.test.util.AssertionErrors.assertEquals(AssertionErrors.java:128)
	at org.springframework.test.util.JsonPathExpectationsHelper.assertValue(JsonPathExpectationsHelper.java:172)
	at org.springframework.test.web.servlet.result.JsonPathResultMatchers.lambda$value$2(JsonPathResultMatchers.java:112)
	at org.springframework.test.web.servlet.MockMvc$1.andExpect(MockMvc.java:214)
	at com.examly.springapp.SpringappApplicationTests.Day10_testGetAllSuppliers(SpringappApplicationTests.java:767)
	at java.base/java.lang.reflect.Method.invoke(Method.java:580)
	at java.base/java.util.ArrayList.forEach(ArrayList.java:1596)
	at java.base/java.util.ArrayList.forEach(ArrayList.java:1596)

com.examly.springapp.SpringappApplicationTests.Day11_testAddPurchaseOrder -- Time elapsed: 0.011 s <<< FAILURE!
java.lang.AssertionError: Status expected:<201> but was:<415>
	at org.springframework.test.util.AssertionErrors.fail(AssertionErrors.java:61)
	at org.springframework.test.util.AssertionErrors.assertEquals(AssertionErrors.java:128)
	at org.springframework.test.web.servlet.result.StatusResultMatchers.lambda$matcher$9(StatusResultMatchers.java:640)
	at org.springframework.test.web.servlet.MockMvc$1.andExpect(MockMvc.java:214)
	at com.examly.springapp.SpringappApplicationTests.Day11_testAddPurchaseOrder(SpringappApplicationTests.java:803)
	at java.base/java.lang.reflect.Method.invoke(Method.java:580)
	at java.base/java.util.ArrayList.forEach(ArrayList.java:1596)
	at java.base/java.util.ArrayList.forEach(ArrayList.java:1596)

com.examly.springapp.SpringappApplicationTests.Day11_testGetPurchaseOrderById -- Time elapsed: 0.011 s <<< FAILURE!
java.lang.AssertionError: Status expected:<200> but was:<404>
	at org.springframework.test.util.AssertionErrors.fail(AssertionErrors.java:61)
	at org.springframework.test.util.AssertionErrors.assertEquals(AssertionErrors.java:128)
	at org.springframework.test.web.servlet.result.StatusResultMatchers.lambda$matcher$9(StatusResultMatchers.java:640)
	at org.springframework.test.web.servlet.MockMvc$1.andExpect(MockMvc.java:214)
	at com.examly.springapp.SpringappApplicationTests.Day11_testGetPurchaseOrderById(SpringappApplicationTests.java:822)
	at java.base/java.lang.reflect.Method.invoke(Method.java:580)
	at java.base/java.util.ArrayList.forEach(ArrayList.java:1596)
	at java.base/java.util.ArrayList.forEach(ArrayList.java:1596)

com.examly.springapp.SpringappApplicationTests.Day11_testUpdatePurchaseOrder -- Time elapsed: 0.009 s <<< FAILURE!
java.lang.AssertionError: Status expected:<200> but was:<415>
	at org.springframework.test.util.AssertionErrors.fail(AssertionErrors.java:61)
	at org.springframework.test.util.AssertionErrors.assertEquals(AssertionErrors.java:128)
	at org.springframework.test.web.servlet.result.StatusResultMatchers.lambda$matcher$9(StatusResultMatchers.java:640)
	at org.springframework.test.web.servlet.MockMvc$1.andExpect(MockMvc.java:214)
	at com.examly.springapp.SpringappApplicationTests.Day11_testUpdatePurchaseOrder(SpringappApplicationTests.java:834)
	at java.base/java.lang.reflect.Method.invoke(Method.java:580)
	at java.base/java.util.ArrayList.forEach(ArrayList.java:1596)
	at java.base/java.util.ArrayList.forEach(ArrayList.java:1596)

com.examly.springapp.SpringappApplicationTests.Day12_testGetAllCustomerReturns -- Time elapsed: 0.042 s <<< FAILURE!
java.lang.AssertionError: No value at JSON path "$[0].reason"
	at org.springframework.test.util.JsonPathExpectationsHelper.evaluateJsonPath(JsonPathExpectationsHelper.java:351)
	at org.springframework.test.util.JsonPathExpectationsHelper.assertValue(JsonPathExpectationsHelper.java:148)
	at org.springframework.test.web.servlet.result.JsonPathResultMatchers.lambda$value$2(JsonPathResultMatchers.java:112)
	at org.springframework.test.web.servlet.MockMvc$1.andExpect(MockMvc.java:214)
	at com.examly.springapp.SpringappApplicationTests.Day12_testGetAllCustomerReturns(SpringappApplicationTests.java:862)
	at java.base/java.lang.reflect.Method.invoke(Method.java:580)
	at java.base/java.util.ArrayList.forEach(ArrayList.java:1596)
	at java.base/java.util.ArrayList.forEach(ArrayList.java:1596)
Caused by: com.jayway.jsonpath.InvalidJsonException: net.minidev.json.parser.ParseException: Malicious payload, having non natural depths, parsing stoped on { at position 31921.
	at com.jayway.jsonpath.spi.json.JsonSmartJsonProvider.parse(JsonSmartJsonProvider.java:64)
	at com.jayway.jsonpath.JsonPath.read(JsonPath.java:393)
	at org.springframework.test.util.JsonPathExpectationsHelper.evaluateJsonPath(JsonPathExpectationsHelper.java:348)
	... 7 more
Caused by: net.minidev.json.parser.ParseException: Malicious payload, having non natural depths, parsing stoped on { at position 31921.
	at net.minidev.json.parser.JSONParserBase.readObject(JSONParserBase.java:559)
	at net.minidev.json.parser.JSONParserBase.readMain(JSONParserBase.java:467)
	at net.minidev.json.parser.JSONParserBase.readArray(JSONParserBase.java:337)
	at net.minidev.json.parser.JSONParserBase.readMain(JSONParserBase.java:470)
	at net.minidev.json.parser.JSONParserBase.readObject(JSONParserBase.java:614)
	at net.minidev.json.parser.JSONParserBase.readMain(JSONParserBase.java:467)
	at net.minidev.json.parser.JSONParserBase.readObject(JSONParserBase.java:614)
	at net.minidev.json.parser.JSONParserBase.readMain(JSONParserBase.java:467)
	at net.minidev.json.parser.JSONParserBase.readArray(JSONParserBase.java:337)
	at net.minidev.json.parser.JSONParserBase.readMain(JSONParserBase.java:470)
	at net.minidev.json.parser.JSONParserBase.readObject(JSONParserBase.java:614)
	at net.minidev.json.parser.JSONParserBase.readMain(JSONParserBase.java:467)
	at net.minidev.json.parser.JSONParserBase.readObject(JSONParserBase.java:614)
	at net.minidev.json.parser.JSONParserBase.readMain(JSONParserBase.java:467)
	at net.minidev.json.parser.JSONParserBase.readArray(JSONParserBase.java:337)
	at net.minidev.json.parser.JSONParserBase.readMain(JSONParserBase.java:470)
	at net.minidev.json.parser.JSONParserBase.readObject(JSONParserBase.java:614)
	at net.minidev.json.parser.JSONParserBase.readMain(JSONParserBase.java:467)
	at net.minidev.json.parser.JSONParserBase.readObject(JSONParserBase.java:614)
	at net.minidev.json.parser.JSONParserBase.readMain(JSONParserBase.java:467)
	at net.minidev.json.parser.JSONParserBase.readArray(JSONParserBase.java:337)
	at net.minidev.json.parser.JSONParserBase.readMain(JSONParserBase.java:470)
	at net.minidev.json.parser.JSONParserBase.readObject(JSONParserBase.java:614)
	at net.minidev.json.parser.JSONParserBase.readMain(JSONParserBase.java:467)
	at net.minidev.json.parser.JSONParserBase.readObject(JSONParserBase.java:614)
	at net.minidev.json.parser.JSONParserBase.readMain(JSONParserBase.java:467)
	at net.minidev.json.parser.JSONParserBase.readArray(JSONParserBase.java:337)
	at net.minidev.json.parser.JSONParserBase.readMain(JSONParserBase.java:470)
	at net.minidev.json.parser.JSONParserBase.readObject(JSONParserBase.java:614)
	at net.minidev.json.parser.JSONParserBase.readMain(JSONParserBase.java:467)
	at net.minidev.json.parser.JSONParserBase.readObject(JSONParserBase.java:614)
	at net.minidev.json.parser.JSONParserBase.readMain(JSONParserBase.java:467)
	at net.minidev.json.parser.JSONParserBase.readArray(JSONParserBase.java:337)
	at net.minidev.json.parser.JSONParserBase.readMain(JSONParserBase.java:470)
	at net.minidev.json.parser.JSONParserBase.readObject(JSONParserBase.java:614)
	at net.minidev.json.parser.JSONParserBase.readMain(JSONParserBase.java:467)
	at net.minidev.json.parser.JSONParserBase.readObject(JSONParserBase.java:614)
	at net.minidev.json.parser.JSONParserBase.readMain(JSONParserBase.java:467)
	at net.minidev.json.parser.JSONParserBase.readArray(JSONParserBase.java:337)
	at net.minidev.json.parser.JSONParserBase.readMain(JSONParserBase.java:470)
	at net.minidev.json.parser.JSONParserBase.readObject(JSONParserBase.java:614)
	at net.minidev.json.parser.JSONParserBase.readMain(JSONParserBase.java:467)
	at net.minidev.json.parser.JSONParserBase.readObject(JSONParserBase.java:614)
	at net.minidev.json.parser.JSONParserBase.readMain(JSONParserBase.java:467)
	at net.minidev.json.parser.JSONParserBase.readArray(JSONParserBase.java:337)
	at net.minidev.json.parser.JSONParserBase.readMain(JSONParserBase.java:470)
	at net.minidev.json.parser.JSONParserBase.readObject(JSONParserBase.java:614)
	at net.minidev.json.parser.JSONParserBase.readMain(JSONParserBase.java:467)
	at net.minidev.json.parser.JSONParserBase.readObject(JSONParserBase.java:614)
	at net.minidev.json.parser.JSONParserBase.readMain(JSONParserBase.java:467)
	at net.minidev.json.parser.JSONParserBase.readArray(JSONParserBase.java:337)
	at net.minidev.json.parser.JSONParserBase.readMain(JSONParserBase.java:470)
	at net.minidev.json.parser.JSONParserBase.readObject(JSONParserBase.java:614)
	at net.minidev.json.parser.JSONParserBase.readMain(JSONParserBase.java:467)
	at net.minidev.json.parser.JSONParserBase.readObject(JSONParserBase.java:614)
	at net.minidev.json.parser.JSONParserBase.readMain(JSONParserBase.java:467)
	at net.minidev.json.parser.JSONParserBase.readArray(JSONParserBase.java:337)
	at net.minidev.json.parser.JSONParserBase.readMain(JSONParserBase.java:470)
	at net.minidev.json.parser.JSONParserBase.readObject(JSONParserBase.java:614)
	at net.minidev.json.parser.JSONParserBase.readMain(JSONParserBase.java:467)
	at net.minidev.json.parser.JSONParserBase.readObject(JSONParserBase.java:614)
	at net.minidev.json.parser.JSONParserBase.readMain(JSONParserBase.java:467)
	at net.minidev.json.parser.JSONParserBase.readArray(JSONParserBase.java:337)
	at net.minidev.json.parser.JSONParserBase.readMain(JSONParserBase.java:470)
	at net.minidev.json.parser.JSONParserBase.readObject(JSONParserBase.java:614)
	at net.minidev.json.parser.JSONParserBase.readMain(JSONParserBase.java:467)
	at net.minidev.json.parser.JSONParserBase.readObject(JSONParserBase.java:614)
	at net.minidev.json.parser.JSONParserBase.readMain(JSONParserBase.java:467)
	at net.minidev.json.parser.JSONParserBase.readArray(JSONParserBase.java:337)
	at net.minidev.json.parser.JSONParserBase.readMain(JSONParserBase.java:470)
	at net.minidev.json.parser.JSONParserBase.readObject(JSONParserBase.java:614)
	at net.minidev.json.parser.JSONParserBase.readMain(JSONParserBase.java:467)
	at net.minidev.json.parser.JSONParserBase.readObject(JSONParserBase.java:614)
	at net.minidev.json.parser.JSONParserBase.readMain(JSONParserBase.java:467)
	at net.minidev.json.parser.JSONParserBase.readArray(JSONParserBase.java:337)
	at net.minidev.json.parser.JSONParserBase.readMain(JSONParserBase.java:470)
	at net.minidev.json.parser.JSONParserBase.readObject(JSONParserBase.java:614)
	at net.minidev.json.parser.JSONParserBase.readMain(JSONParserBase.java:467)
	at net.minidev.json.parser.JSONParserBase.readObject(JSONParserBase.java:614)
	at net.minidev.json.parser.JSONParserBase.readMain(JSONParserBase.java:467)
	at net.minidev.json.parser.JSONParserBase.readArray(JSONParserBase.java:337)
	at net.minidev.json.parser.JSONParserBase.readMain(JSONParserBase.java:470)
	at net.minidev.json.parser.JSONParserBase.readObject(JSONParserBase.java:614)
	at net.minidev.json.parser.JSONParserBase.readMain(JSONParserBase.java:467)
	at net.minidev.json.parser.JSONParserBase.readObject(JSONParserBase.java:614)
	at net.minidev.json.parser.JSONParserBase.readMain(JSONParserBase.java:467)
	at net.minidev.json.parser.JSONParserBase.readArray(JSONParserBase.java:337)
	at net.minidev.json.parser.JSONParserBase.readMain(JSONParserBase.java:470)
	at net.minidev.json.parser.JSONParserBase.readObject(JSONParserBase.java:614)
	at net.minidev.json.parser.JSONParserBase.readMain(JSONParserBase.java:467)
	at net.minidev.json.parser.JSONParserBase.readObject(JSONParserBase.java:614)
	at net.minidev.json.parser.JSONParserBase.readMain(JSONParserBase.java:467)
	at net.minidev.json.parser.JSONParserBase.readArray(JSONParserBase.java:337)
	at net.minidev.json.parser.JSONParserBase.readMain(JSONParserBase.java:470)
	at net.minidev.json.parser.JSONParserBase.readObject(JSONParserBase.java:614)
	at net.minidev.json.parser.JSONParserBase.readMain(JSONParserBase.java:467)
	at net.minidev.json.parser.JSONParserBase.readObject(JSONParserBase.java:614)
	at net.minidev.json.parser.JSONParserBase.readMain(JSONParserBase.java:467)
	at net.minidev.json.parser.JSONParserBase.readArray(JSONParserBase.java:337)
	at net.minidev.json.parser.JSONParserBase.readMain(JSONParserBase.java:470)
	at net.minidev.json.parser.JSONParserBase.readObject(JSONParserBase.java:614)
	at net.minidev.json.parser.JSONParserBase.readMain(JSONParserBase.java:467)
	at net.minidev.json.parser.JSONParserBase.readObject(JSONParserBase.java:614)
	at net.minidev.json.parser.JSONParserBase.readMain(JSONParserBase.java:467)
	at net.minidev.json.parser.JSONParserBase.readArray(JSONParserBase.java:337)
	at net.minidev.json.parser.JSONParserBase.readMain(JSONParserBase.java:470)
	at net.minidev.json.parser.JSONParserBase.readObject(JSONParserBase.java:614)
	at net.minidev.json.parser.JSONParserBase.readMain(JSONParserBase.java:467)
	at net.minidev.json.parser.JSONParserBase.readObject(JSONParserBase.java:614)
	at net.minidev.json.parser.JSONParserBase.readMain(JSONParserBase.java:467)
	at net.minidev.json.parser.JSONParserBase.readArray(JSONParserBase.java:337)
	at net.minidev.json.parser.JSONParserBase.readMain(JSONParserBase.java:470)
	at net.minidev.json.parser.JSONParserBase.readObject(JSONParserBase.java:614)
	at net.minidev.json.parser.JSONParserBase.readMain(JSONParserBase.java:467)
	at net.minidev.json.parser.JSONParserBase.readObject(JSONParserBase.java:614)
	at net.minidev.json.parser.JSONParserBase.readMain(JSONParserBase.java:467)
	at net.minidev.json.parser.JSONParserBase.readArray(JSONParserBase.java:337)
	at net.minidev.json.parser.JSONParserBase.readMain(JSONParserBase.java:470)
	at net.minidev.json.parser.JSONParserBase.readObject(JSONParserBase.java:614)
	at net.minidev.json.parser.JSONParserBase.readMain(JSONParserBase.java:467)
	at net.minidev.json.parser.JSONParserBase.readObject(JSONParserBase.java:614)
	at net.minidev.json.parser.JSONParserBase.readMain(JSONParserBase.java:467)
	at net.minidev.json.parser.JSONParserBase.readArray(JSONParserBase.java:337)
	at net.minidev.json.parser.JSONParserBase.readMain(JSONParserBase.java:470)
	at net.minidev.json.parser.JSONParserBase.readObject(JSONParserBase.java:614)
	at net.minidev.json.parser.JSONParserBase.readMain(JSONParserBase.java:467)
	at net.minidev.json.parser.JSONParserBase.readObject(JSONParserBase.java:614)
	at net.minidev.json.parser.JSONParserBase.readMain(JSONParserBase.java:467)
	at net.minidev.json.parser.JSONParserBase.readArray(JSONParserBase.java:337)
	at net.minidev.json.parser.JSONParserBase.readMain(JSONParserBase.java:470)
	at net.minidev.json.parser.JSONParserBase.readObject(JSONParserBase.java:614)
	at net.minidev.json.parser.JSONParserBase.readMain(JSONParserBase.java:467)
	at net.minidev.json.parser.JSONParserBase.readObject(JSONParserBase.java:614)
	at net.minidev.json.parser.JSONParserBase.readMain(JSONParserBase.java:467)
	at net.minidev.json.parser.JSONParserBase.readArray(JSONParserBase.java:337)
	at net.minidev.json.parser.JSONParserBase.readMain(JSONParserBase.java:470)
	at net.minidev.json.parser.JSONParserBase.readObject(JSONParserBase.java:614)
	at net.minidev.json.parser.JSONParserBase.readMain(JSONParserBase.java:467)
	at net.minidev.json.parser.JSONParserBase.readObject(JSONParserBase.java:614)
	at net.minidev.json.parser.JSONParserBase.readMain(JSONParserBase.java:467)
	at net.minidev.json.parser.JSONParserBase.readArray(JSONParserBase.java:337)
	at net.minidev.json.parser.JSONParserBase.readMain(JSONParserBase.java:470)
	at net.minidev.json.parser.JSONParserBase.readObject(JSONParserBase.java:614)
	at net.minidev.json.parser.JSONParserBase.readMain(JSONParserBase.java:467)
	at net.minidev.json.parser.JSONParserBase.readObject(JSONParserBase.java:614)
	at net.minidev.json.parser.JSONParserBase.readMain(JSONParserBase.java:467)
	at net.minidev.json.parser.JSONParserBase.readArray(JSONParserBase.java:337)
	at net.minidev.json.parser.JSONParserBase.readMain(JSONParserBase.java:470)
	at net.minidev.json.parser.JSONParserBase.readObject(JSONParserBase.java:614)
	at net.minidev.json.parser.JSONParserBase.readMain(JSONParserBase.java:467)
	at net.minidev.json.parser.JSONParserBase.readObject(JSONParserBase.java:614)
	at net.minidev.json.parser.JSONParserBase.readMain(JSONParserBase.java:467)
	at net.minidev.json.parser.JSONParserBase.readArray(JSONParserBase.java:337)
	at net.minidev.json.parser.JSONParserBase.readMain(JSONParserBase.java:470)
	at net.minidev.json.parser.JSONParserBase.readObject(JSONParserBase.java:614)
	at net.minidev.json.parser.JSONParserBase.readMain(JSONParserBase.java:467)
	at net.minidev.json.parser.JSONParserBase.readObject(JSONParserBase.java:614)
	at net.minidev.json.parser.JSONParserBase.readMain(JSONParserBase.java:467)
	at net.minidev.json.parser.JSONParserBase.readArray(JSONParserBase.java:337)
	at net.minidev.json.parser.JSONParserBase.readMain(JSONParserBase.java:470)
	at net.minidev.json.parser.JSONParserBase.readObject(JSONParserBase.java:614)
	at net.minidev.json.parser.JSONParserBase.readMain(JSONParserBase.java:467)
	at net.minidev.json.parser.JSONParserBase.readObject(JSONParserBase.java:614)
	at net.minidev.json.parser.JSONParserBase.readMain(JSONParserBase.java:467)
	at net.minidev.json.parser.JSONParserBase.readArray(JSONParserBase.java:337)
	at net.minidev.json.parser.JSONParserBase.readMain(JSONParserBase.java:470)
	at net.minidev.json.parser.JSONParserBase.readObject(JSONParserBase.java:614)
	at net.minidev.json.parser.JSONParserBase.readMain(JSONParserBase.java:467)
	at net.minidev.json.parser.JSONParserBase.readObject(JSONParserBase.java:614)
	at net.minidev.json.parser.JSONParserBase.readMain(JSONParserBase.java:467)
	at net.minidev.json.parser.JSONParserBase.readArray(JSONParserBase.java:337)
	at net.minidev.json.parser.JSONParserBase.readMain(JSONParserBase.java:470)
	at net.minidev.json.parser.JSONParserBase.readObject(JSONParserBase.java:614)
	at net.minidev.json.parser.JSONParserBase.readMain(JSONParserBase.java:467)
	at net.minidev.json.parser.JSONParserBase.readObject(JSONParserBase.java:614)
	at net.minidev.json.parser.JSONParserBase.readMain(JSONParserBase.java:467)
	at net.minidev.json.parser.JSONParserBase.readArray(JSONParserBase.java:337)
	at net.minidev.json.parser.JSONParserBase.readMain(JSONParserBase.java:470)
	at net.minidev.json.parser.JSONParserBase.readObject(JSONParserBase.java:614)
	at net.minidev.json.parser.JSONParserBase.readMain(JSONParserBase.java:467)
	at net.minidev.json.parser.JSONParserBase.readObject(JSONParserBase.java:614)
	at net.minidev.json.parser.JSONParserBase.readMain(JSONParserBase.java:467)
	at net.minidev.json.parser.JSONParserBase.readArray(JSONParserBase.java:337)
	at net.minidev.json.parser.JSONParserBase.readMain(JSONParserBase.java:470)
	at net.minidev.json.parser.JSONParserBase.readObject(JSONParserBase.java:614)
	at net.minidev.json.parser.JSONParserBase.readMain(JSONParserBase.java:467)
	at net.minidev.json.parser.JSONParserBase.readObject(JSONParserBase.java:614)
	at net.minidev.json.parser.JSONParserBase.readMain(JSONParserBase.java:467)
	at net.minidev.json.parser.JSONParserBase.readArray(JSONParserBase.java:337)
	at net.minidev.json.parser.JSONParserBase.readMain(JSONParserBase.java:470)
	at net.minidev.json.parser.JSONParserBase.readObject(JSONParserBase.java:614)
	at net.minidev.json.parser.JSONParserBase.readMain(JSONParserBase.java:467)
	at net.minidev.json.parser.JSONParserBase.readObject(JSONParserBase.java:614)
	at net.minidev.json.parser.JSONParserBase.readMain(JSONParserBase.java:467)
	at net.minidev.json.parser.JSONParserBase.readArray(JSONParserBase.java:337)
	at net.minidev.json.parser.JSONParserBase.readMain(JSONParserBase.java:470)
	at net.minidev.json.parser.JSONParserBase.readObject(JSONParserBase.java:614)
	at net.minidev.json.parser.JSONParserBase.readMain(JSONParserBase.java:467)
	at net.minidev.json.parser.JSONParserBase.readObject(JSONParserBase.java:614)
	at net.minidev.json.parser.JSONParserBase.readMain(JSONParserBase.java:467)
	at net.minidev.json.parser.JSONParserBase.readArray(JSONParserBase.java:337)
	at net.minidev.json.parser.JSONParserBase.readMain(JSONParserBase.java:470)
	at net.minidev.json.parser.JSONParserBase.readObject(JSONParserBase.java:614)
	at net.minidev.json.parser.JSONParserBase.readMain(JSONParserBase.java:467)
	at net.minidev.json.parser.JSONParserBase.readObject(JSONParserBase.java:614)
	at net.minidev.json.parser.JSONParserBase.readMain(JSONParserBase.java:467)
	at net.minidev.json.parser.JSONParserBase.readArray(JSONParserBase.java:337)
	at net.minidev.json.parser.JSONParserBase.readMain(JSONParserBase.java:470)
	at net.minidev.json.parser.JSONParserBase.readObject(JSONParserBase.java:614)
	at net.minidev.json.parser.JSONParserBase.readMain(JSONParserBase.java:467)
	at net.minidev.json.parser.JSONParserBase.readObject(JSONParserBase.java:614)
	at net.minidev.json.parser.JSONParserBase.readMain(JSONParserBase.java:467)
	at net.minidev.json.parser.JSONParserBase.readArray(JSONParserBase.java:337)
	at net.minidev.json.parser.JSONParserBase.readMain(JSONParserBase.java:470)
	at net.minidev.json.parser.JSONParserBase.readObject(JSONParserBase.java:614)
	at net.minidev.json.parser.JSONParserBase.readMain(JSONParserBase.java:467)
	at net.minidev.json.parser.JSONParserBase.readObject(JSONParserBase.java:614)
	at net.minidev.json.parser.JSONParserBase.readMain(JSONParserBase.java:467)
	at net.minidev.json.parser.JSONParserBase.readArray(JSONParserBase.java:337)
	at net.minidev.json.parser.JSONParserBase.readMain(JSONParserBase.java:470)
	at net.minidev.json.parser.JSONParserBase.readObject(JSONParserBase.java:614)
	at net.minidev.json.parser.JSONParserBase.readMain(JSONParserBase.java:467)
	at net.minidev.json.parser.JSONParserBase.readObject(JSONParserBase.java:614)
	at net.minidev.json.parser.JSONParserBase.readMain(JSONParserBase.java:467)
	at net.minidev.json.parser.JSONParserBase.readArray(JSONParserBase.java:337)
	at net.minidev.json.parser.JSONParserBase.readMain(JSONParserBase.java:470)
	at net.minidev.json.parser.JSONParserBase.readObject(JSONParserBase.java:614)
	at net.minidev.json.parser.JSONParserBase.readMain(JSONParserBase.java:467)
	at net.minidev.json.parser.JSONParserBase.readObject(JSONParserBase.java:614)
	at net.minidev.json.parser.JSONParserBase.readMain(JSONParserBase.java:467)
	at net.minidev.json.parser.JSONParserBase.readArray(JSONParserBase.java:337)
	at net.minidev.json.parser.JSONParserBase.readMain(JSONParserBase.java:470)
	at net.minidev.json.parser.JSONParserBase.readObject(JSONParserBase.java:614)
	at net.minidev.json.parser.JSONParserBase.readMain(JSONParserBase.java:467)
	at net.minidev.json.parser.JSONParserBase.readObject(JSONParserBase.java:614)
	at net.minidev.json.parser.JSONParserBase.readMain(JSONParserBase.java:467)
	at net.minidev.json.parser.JSONParserBase.readArray(JSONParserBase.java:337)
	at net.minidev.json.parser.JSONParserBase.readMain(JSONParserBase.java:470)
	at net.minidev.json.parser.JSONParserBase.readObject(JSONParserBase.java:614)
	at net.minidev.json.parser.JSONParserBase.readMain(JSONParserBase.java:467)
	at net.minidev.json.parser.JSONParserBase.readObject(JSONParserBase.java:614)
	at net.minidev.json.parser.JSONParserBase.readMain(JSONParserBase.java:467)
	at net.minidev.json.parser.JSONParserBase.readArray(JSONParserBase.java:337)
	at net.minidev.json.parser.JSONParserBase.readMain(JSONParserBase.java:470)
	at net.minidev.json.parser.JSONParserBase.readObject(JSONParserBase.java:614)
	at net.minidev.json.parser.JSONParserBase.readMain(JSONParserBase.java:467)
	at net.minidev.json.parser.JSONParserBase.readObject(JSONParserBase.java:614)
	at net.minidev.json.parser.JSONParserBase.readMain(JSONParserBase.java:467)
	at net.minidev.json.parser.JSONParserBase.readArray(JSONParserBase.java:337)
	at net.minidev.json.parser.JSONParserBase.readMain(JSONParserBase.java:470)
	at net.minidev.json.parser.JSONParserBase.readObject(JSONParserBase.java:614)
	at net.minidev.json.parser.JSONParserBase.readMain(JSONParserBase.java:467)
	at net.minidev.json.parser.JSONParserBase.readObject(JSONParserBase.java:614)
	at net.minidev.json.parser.JSONParserBase.readMain(JSONParserBase.java:467)
	at net.minidev.json.parser.JSONParserBase.readArray(JSONParserBase.java:337)
	at net.minidev.json.parser.JSONParserBase.readMain(JSONParserBase.java:470)
	at net.minidev.json.parser.JSONParserBase.readObject(JSONParserBase.java:614)
	at net.minidev.json.parser.JSONParserBase.readMain(JSONParserBase.java:467)
	at net.minidev.json.parser.JSONParserBase.readObject(JSONParserBase.java:614)
	at net.minidev.json.parser.JSONParserBase.readMain(JSONParserBase.java:467)
	at net.minidev.json.parser.JSONParserBase.readArray(JSONParserBase.java:337)
	at net.minidev.json.parser.JSONParserBase.readMain(JSONParserBase.java:470)
	at net.minidev.json.parser.JSONParserBase.readObject(JSONParserBase.java:614)
	at net.minidev.json.parser.JSONParserBase.readMain(JSONParserBase.java:467)
	at net.minidev.json.parser.JSONParserBase.readObject(JSONParserBase.java:614)
	at net.minidev.json.parser.JSONParserBase.readMain(JSONParserBase.java:467)
	at net.minidev.json.parser.JSONParserBase.readArray(JSONParserBase.java:337)
	at net.minidev.json.parser.JSONParserBase.readMain(JSONParserBase.java:470)
	at net.minidev.json.parser.JSONParserBase.readObject(JSONParserBase.java:614)
	at net.minidev.json.parser.JSONParserBase.readMain(JSONParserBase.java:467)
	at net.minidev.json.parser.JSONParserBase.readObject(JSONParserBase.java:614)
	at net.minidev.json.parser.JSONParserBase.readMain(JSONParserBase.java:467)
	at net.minidev.json.parser.JSONParserBase.readArray(JSONParserBase.java:337)
	at net.minidev.json.parser.JSONParserBase.readMain(JSONParserBase.java:470)
	at net.minidev.json.parser.JSONParserBase.readObject(JSONParserBase.java:614)
	at net.minidev.json.parser.JSONParserBase.readMain(JSONParserBase.java:467)
	at net.minidev.json.parser.JSONParserBase.readObject(JSONParserBase.java:614)
	at net.minidev.json.parser.JSONParserBase.readMain(JSONParserBase.java:467)
	at net.minidev.json.parser.JSONParserBase.readArray(JSONParserBase.java:337)
	at net.minidev.json.parser.JSONParserBase.readMain(JSONParserBase.java:470)
	at net.minidev.json.parser.JSONParserBase.readObject(JSONParserBase.java:614)
	at net.minidev.json.parser.JSONParserBase.readMain(JSONParserBase.java:467)
	at net.minidev.json.parser.JSONParserBase.readObject(JSONParserBase.java:614)
	at net.minidev.json.parser.JSONParserBase.readMain(JSONParserBase.java:467)
	at net.minidev.json.parser.JSONParserBase.readArray(JSONParserBase.java:337)
	at net.minidev.json.parser.JSONParserBase.readMain(JSONParserBase.java:470)
	at net.minidev.json.parser.JSONParserBase.readObject(JSONParserBase.java:614)
	at net.minidev.json.parser.JSONParserBase.readMain(JSONParserBase.java:467)
	at net.minidev.json.parser.JSONParserBase.readObject(JSONParserBase.java:614)
	at net.minidev.json.parser.JSONParserBase.readMain(JSONParserBase.java:467)
	at net.minidev.json.parser.JSONParserBase.readArray(JSONParserBase.java:337)
	at net.minidev.json.parser.JSONParserBase.readMain(JSONParserBase.java:470)
	at net.minidev.json.parser.JSONParserBase.readObject(JSONParserBase.java:614)
	at net.minidev.json.parser.JSONParserBase.readMain(JSONParserBase.java:467)
	at net.minidev.json.parser.JSONParserBase.readObject(JSONParserBase.java:614)
	at net.minidev.json.parser.JSONParserBase.readMain(JSONParserBase.java:467)
	at net.minidev.json.parser.JSONParserBase.readArray(JSONParserBase.java:337)
	at net.minidev.json.parser.JSONParserBase.readMain(JSONParserBase.java:470)
	at net.minidev.json.parser.JSONParserBase.readObject(JSONParserBase.java:614)
	at net.minidev.json.parser.JSONParserBase.readMain(JSONParserBase.java:467)
	at net.minidev.json.parser.JSONParserBase.readObject(JSONParserBase.java:614)
	at net.minidev.json.parser.JSONParserBase.readMain(JSONParserBase.java:467)
	at net.minidev.json.parser.JSONParserBase.readArray(JSONParserBase.java:337)
	at net.minidev.json.parser.JSONParserBase.readMain(JSONParserBase.java:470)
	at net.minidev.json.parser.JSONParserBase.readObject(JSONParserBase.java:614)
	at net.minidev.json.parser.JSONParserBase.readMain(JSONParserBase.java:467)
	at net.minidev.json.parser.JSONParserBase.readObject(JSONParserBase.java:614)
	at net.minidev.json.parser.JSONParserBase.readMain(JSONParserBase.java:467)
	at net.minidev.json.parser.JSONParserBase.readArray(JSONParserBase.java:337)
	at net.minidev.json.parser.JSONParserBase.readMain(JSONParserBase.java:470)
	at net.minidev.json.parser.JSONParserBase.readObject(JSONParserBase.java:614)
	at net.minidev.json.parser.JSONParserBase.readMain(JSONParserBase.java:467)
	at net.minidev.json.parser.JSONParserBase.readObject(JSONParserBase.java:614)
	at net.minidev.json.parser.JSONParserBase.readMain(JSONParserBase.java:467)
	at net.minidev.json.parser.JSONParserBase.readArray(JSONParserBase.java:337)
	at net.minidev.json.parser.JSONParserBase.readMain(JSONParserBase.java:470)
	at net.minidev.json.parser.JSONParserBase.readObject(JSONParserBase.java:614)
	at net.minidev.json.parser.JSONParserBase.readMain(JSONParserBase.java:467)
	at net.minidev.json.parser.JSONParserBase.readObject(JSONParserBase.java:614)
	at net.minidev.json.parser.JSONParserBase.readMain(JSONParserBase.java:467)
	at net.minidev.json.parser.JSONParserBase.readArray(JSONParserBase.java:337)
	at net.minidev.json.parser.JSONParserBase.readMain(JSONParserBase.java:470)
	at net.minidev.json.parser.JSONParserBase.readObject(JSONParserBase.java:614)
	at net.minidev.json.parser.JSONParserBase.readMain(JSONParserBase.java:467)
	at net.minidev.json.parser.JSONParserBase.readObject(JSONParserBase.java:614)
	at net.minidev.json.parser.JSONParserBase.readMain(JSONParserBase.java:467)
	at net.minidev.json.parser.JSONParserBase.readArray(JSONParserBase.java:337)
	at net.minidev.json.parser.JSONParserBase.readMain(JSONParserBase.java:470)
	at net.minidev.json.parser.JSONParserBase.readObject(JSONParserBase.java:614)
	at net.minidev.json.parser.JSONParserBase.readMain(JSONParserBase.java:467)
	at net.minidev.json.parser.JSONParserBase.readObject(JSONParserBase.java:614)
	at net.minidev.json.parser.JSONParserBase.readMain(JSONParserBase.java:467)
	at net.minidev.json.parser.JSONParserBase.readArray(JSONParserBase.java:337)
	at net.minidev.json.parser.JSONParserBase.readMain(JSONParserBase.java:470)
	at net.minidev.json.parser.JSONParserBase.readObject(JSONParserBase.java:614)
	at net.minidev.json.parser.JSONParserBase.readMain(JSONParserBase.java:467)
	at net.minidev.json.parser.JSONParserBase.readObject(JSONParserBase.java:614)
	at net.minidev.json.parser.JSONParserBase.readMain(JSONParserBase.java:467)
	at net.minidev.json.parser.JSONParserBase.readArray(JSONParserBase.java:337)
	at net.minidev.json.parser.JSONParserBase.readMain(JSONParserBase.java:470)
	at net.minidev.json.parser.JSONParserBase.readObject(JSONParserBase.java:614)
	at net.minidev.json.parser.JSONParserBase.readMain(JSONParserBase.java:467)
	at net.minidev.json.parser.JSONParserBase.readObject(JSONParserBase.java:614)
	at net.minidev.json.parser.JSONParserBase.readMain(JSONParserBase.java:467)
	at net.minidev.json.parser.JSONParserBase.readArray(JSONParserBase.java:337)
	at net.minidev.json.parser.JSONParserBase.readMain(JSONParserBase.java:470)
	at net.minidev.json.parser.JSONParserBase.readObject(JSONParserBase.java:614)
	at net.minidev.json.parser.JSONParserBase.readMain(JSONParserBase.java:467)
	at net.minidev.json.parser.JSONParserBase.readObject(JSONParserBase.java:614)
	at net.minidev.json.parser.JSONParserBase.readMain(JSONParserBase.java:467)
	at net.minidev.json.parser.JSONParserBase.readArray(JSONParserBase.java:337)
	at net.minidev.json.parser.JSONParserBase.readMain(JSONParserBase.java:470)
	at net.minidev.json.parser.JSONParserBase.readObject(JSONParserBase.java:614)
	at net.minidev.json.parser.JSONParserBase.readMain(JSONParserBase.java:467)
	at net.minidev.json.parser.JSONParserBase.readObject(JSONParserBase.java:614)
	at net.minidev.json.parser.JSONParserBase.readMain(JSONParserBase.java:467)
	at net.minidev.json.parser.JSONParserBase.readArray(JSONParserBase.java:337)
	at net.minidev.json.parser.JSONParserBase.readMain(JSONParserBase.java:470)
	at net.minidev.json.parser.JSONParserBase.readObject(JSONParserBase.java:614)
	at net.minidev.json.parser.JSONParserBase.readMain(JSONParserBase.java:467)
	at net.minidev.json.parser.JSONParserBase.readObject(JSONParserBase.java:614)
	at net.minidev.json.parser.JSONParserBase.readMain(JSONParserBase.java:467)
	at net.minidev.json.parser.JSONParserBase.readArray(JSONParserBase.java:337)
	at net.minidev.json.parser.JSONParserBase.readMain(JSONParserBase.java:470)
	at net.minidev.json.parser.JSONParserBase.readObject(JSONParserBase.java:614)
	at net.minidev.json.parser.JSONParserBase.readMain(JSONParserBase.java:467)
	at net.minidev.json.parser.JSONParserBase.readObject(JSONParserBase.java:614)
	at net.minidev.json.parser.JSONParserBase.readMain(JSONParserBase.java:467)
	at net.minidev.json.parser.JSONParserBase.readArray(JSONParserBase.java:337)
	at net.minidev.json.parser.JSONParserBase.readMain(JSONParserBase.java:470)
	at net.minidev.json.parser.JSONParserBase.readObject(JSONParserBase.java:614)
	at net.minidev.json.parser.JSONParserBase.readMain(JSONParserBase.java:467)
	at net.minidev.json.parser.JSONParserBase.readObject(JSONParserBase.java:614)
	at net.minidev.json.parser.JSONParserBase.readMain(JSONParserBase.java:467)
	at net.minidev.json.parser.JSONParserBase.readArray(JSONParserBase.java:337)
	at net.minidev.json.parser.JSONParserBase.readMain(JSONParserBase.java:470)
	at net.minidev.json.parser.JSONParserBase.readObject(JSONParserBase.java:614)
	at net.minidev.json.parser.JSONParserBase.readMain(JSONParserBase.java:467)
	at net.minidev.json.parser.JSONParserBase.readObject(JSONParserBase.java:614)
	at net.minidev.json.parser.JSONParserBase.readMain(JSONParserBase.java:467)
	at net.minidev.json.parser.JSONParserBase.readArray(JSONParserBase.java:337)
	at net.minidev.json.parser.JSONParserBase.readMain(JSONParserBase.java:470)
	at net.minidev.json.parser.JSONParserBase.readObject(JSONParserBase.java:614)
	at net.minidev.json.parser.JSONParserBase.readMain(JSONParserBase.java:467)
	at net.minidev.json.parser.JSONParserBase.readObject(JSONParserBase.java:614)
	at net.minidev.json.parser.JSONParserBase.readMain(JSONParserBase.java:467)
	at net.minidev.json.parser.JSONParserBase.readArray(JSONParserBase.java:337)
	at net.minidev.json.parser.JSONParserBase.readMain(JSONParserBase.java:470)
	at net.minidev.json.parser.JSONParserBase.readObject(JSONParserBase.java:614)
	at net.minidev.json.parser.JSONParserBase.readMain(JSONParserBase.java:467)
	at net.minidev.json.parser.JSONParserBase.readObject(JSONParserBase.java:614)
	at net.minidev.json.parser.JSONParserBase.readMain(JSONParserBase.java:467)
	at net.minidev.json.parser.JSONParserBase.readArray(JSONParserBase.java:337)
	at net.minidev.json.parser.JSONParserBase.readMain(JSONParserBase.java:470)
	at net.minidev.json.parser.JSONParserBase.readObject(JSONParserBase.java:614)
	at net.minidev.json.parser.JSONParserBase.readMain(JSONParserBase.java:467)
	at net.minidev.json.parser.JSONParserBase.readObject(JSONParserBase.java:614)
	at net.minidev.json.parser.JSONParserBase.readMain(JSONParserBase.java:467)
	at net.minidev.json.parser.JSONParserBase.readArray(JSONParserBase.java:337)
	at net.minidev.json.parser.JSONParserBase.readMain(JSONParserBase.java:470)
	at net.minidev.json.parser.JSONParserBase.readObject(JSONParserBase.java:614)
	at net.minidev.json.parser.JSONParserBase.readMain(JSONParserBase.java:467)
	at net.minidev.json.parser.JSONParserBase.readObject(JSONParserBase.java:614)
	at net.minidev.json.parser.JSONParserBase.readMain(JSONParserBase.java:467)
	at net.minidev.json.parser.JSONParserBase.readArray(JSONParserBase.java:337)
	at net.minidev.json.parser.JSONParserBase.readMain(JSONParserBase.java:470)
	at net.minidev.json.parser.JSONParserBase.readObject(JSONParserBase.java:614)
	at net.minidev.json.parser.JSONParserBase.readMain(JSONParserBase.java:467)
	at net.minidev.json.parser.JSONParserBase.readObject(JSONParserBase.java:614)
	at net.minidev.json.parser.JSONParserBase.readMain(JSONParserBase.java:467)
	at net.minidev.json.parser.JSONParserBase.readArray(JSONParserBase.java:337)
	at net.minidev.json.parser.JSONParserBase.readMain(JSONParserBase.java:470)
	at net.minidev.json.parser.JSONParserBase.readObject(JSONParserBase.java:614)
	at net.minidev.json.parser.JSONParserBase.readMain(JSONParserBase.java:467)
	at net.minidev.json.parser.JSONParserBase.readObject(JSONParserBase.java:614)
	at net.minidev.json.parser.JSONParserBase.readMain(JSONParserBase.java:467)
	at net.minidev.json.parser.JSONParserBase.readArray(JSONParserBase.java:337)
	at net.minidev.json.parser.JSONParserBase.readMain(JSONParserBase.java:470)
	at net.minidev.json.parser.JSONParserBase.readObject(JSONParserBase.java:614)
	at net.minidev.json.parser.JSONParserBase.readMain(JSONParserBase.java:467)
	at net.minidev.json.parser.JSONParserBase.readObject(JSONParserBase.java:614)
	at net.minidev.json.parser.JSONParserBase.readMain(JSONParserBase.java:467)
	at net.minidev.json.parser.JSONParserBase.readArray(JSONParserBase.java:337)
	at net.minidev.json.parser.JSONParserBase.readMain(JSONParserBase.java:470)
	at net.minidev.json.parser.JSONParserBase.readObject(JSONParserBase.java:614)
	at net.minidev.json.parser.JSONParserBase.readMain(JSONParserBase.java:467)
	at net.minidev.json.parser.JSONParserBase.readObject(JSONParserBase.java:614)
	at net.minidev.json.parser.JSONParserBase.readMain(JSONParserBase.java:467)
	at net.minidev.json.parser.JSONParserBase.readArray(JSONParserBase.java:337)
	at net.minidev.json.parser.JSONParserBase.readMain(JSONParserBase.java:470)
	at net.minidev.json.parser.JSONParserBase.readObject(JSONParserBase.java:614)
	at net.minidev.json.parser.JSONParserBase.readMain(JSONParserBase.java:467)
	at net.minidev.json.parser.JSONParserBase.readObject(JSONParserBase.java:614)
	at net.minidev.json.parser.JSONParserBase.readMain(JSONParserBase.java:467)
	at net.minidev.json.parser.JSONParserBase.readArray(JSONParserBase.java:337)
	at net.minidev.json.parser.JSONParserBase.readMain(JSONParserBase.java:470)
	at net.minidev.json.parser.JSONParserBase.readObject(JSONParserBase.java:614)
	at net.minidev.json.parser.JSONParserBase.readMain(JSONParserBase.java:467)
	at net.minidev.json.parser.JSONParserBase.readObject(JSONParserBase.java:614)
	at net.minidev.json.parser.JSONParserBase.readMain(JSONParserBase.java:467)
	at net.minidev.json.parser.JSONParserBase.readArray(JSONParserBase.java:337)
	at net.minidev.json.parser.JSONParserBase.readMain(JSONParserBase.java:470)
	at net.minidev.json.parser.JSONParserBase.readObject(JSONParserBase.java:614)
	at net.minidev.json.parser.JSONParserBase.readMain(JSONParserBase.java:467)
	at net.minidev.json.parser.JSONParserBase.readObject(JSONParserBase.java:614)
	at net.minidev.json.parser.JSONParserBase.readMain(JSONParserBase.java:467)
	at net.minidev.json.parser.JSONParserBase.readArray(JSONParserBase.java:337)
	at net.minidev.json.parser.JSONParserBase.readMain(JSONParserBase.java:470)
	at net.minidev.json.parser.JSONParserBase.readObject(JSONParserBase.java:614)
	at net.minidev.json.parser.JSONParserBase.readMain(JSONParserBase.java:467)
	at net.minidev.json.parser.JSONParserBase.readObject(JSONParserBase.java:614)
	at net.minidev.json.parser.JSONParserBase.readMain(JSONParserBase.java:467)
	at net.minidev.json.parser.JSONParserBase.readArray(JSONParserBase.java:337)
	at net.minidev.json.parser.JSONParserBase.readMain(JSONParserBase.java:470)
	at net.minidev.json.parser.JSONParserBase.readObject(JSONParserBase.java:614)
	at net.minidev.json.parser.JSONParserBase.readMain(JSONParserBase.java:467)
	at net.minidev.json.parser.JSONParserBase.readObject(JSONParserBase.java:614)
	at net.minidev.json.parser.JSONParserBase.readMain(JSONParserBase.java:467)
	at net.minidev.json.parser.JSONParserBase.readArray(JSONParserBase.java:337)
	at net.minidev.json.parser.JSONParserBase.readMain(JSONParserBase.java:470)
	at net.minidev.json.parser.JSONParserBase.readObject(JSONParserBase.java:614)
	at net.minidev.json.parser.JSONParserBase.readMain(JSONParserBase.java:467)
	at net.minidev.json.parser.JSONParserBase.readObject(JSONParserBase.java:614)
	at net.minidev.json.parser.JSONParserBase.readMain(JSONParserBase.java:467)
	at net.minidev.json.parser.JSONParserBase.readArray(JSONParserBase.java:337)
	at net.minidev.json.parser.JSONParserBase.readMain(JSONParserBase.java:470)
	at net.minidev.json.parser.JSONParserBase.readObject(JSONParserBase.java:614)
	at net.minidev.json.parser.JSONParserBase.readMain(JSONParserBase.java:467)
	at net.minidev.json.parser.JSONParserBase.readObject(JSONParserBase.java:614)
	at net.minidev.json.parser.JSONParserBase.readMain(JSONParserBase.java:467)
	at net.minidev.json.parser.JSONParserBase.readArray(JSONParserBase.java:337)
	at net.minidev.json.parser.JSONParserBase.readMain(JSONParserBase.java:470)
	at net.minidev.json.parser.JSONParserBase.readObject(JSONParserBase.java:614)
	at net.minidev.json.parser.JSONParserBase.readMain(JSONParserBase.java:467)
	at net.minidev.json.parser.JSONParserBase.readObject(JSONParserBase.java:614)
	at net.minidev.json.parser.JSONParserBase.readMain(JSONParserBase.java:467)
	at net.minidev.json.parser.JSONParserBase.readArray(JSONParserBase.java:337)
	at net.minidev.json.parser.JSONParserBase.readMain(JSONParserBase.java:470)
	at net.minidev.json.parser.JSONParserBase.readObject(JSONParserBase.java:614)
	at net.minidev.json.parser.JSONParserBase.readMain(JSONParserBase.java:467)
	at net.minidev.json.parser.JSONParserBase.readObject(JSONParserBase.java:614)
	at net.minidev.json.parser.JSONParserBase.readMain(JSONParserBase.java:467)
	at net.minidev.json.parser.JSONParserBase.readArray(JSONParserBase.java:337)
	at net.minidev.json.parser.JSONParserBase.readMain(JSONParserBase.java:470)
	at net.minidev.json.parser.JSONParserBase.readObject(JSONParserBase.java:614)
	at net.minidev.json.parser.JSONParserBase.readMain(JSONParserBase.java:467)
	at net.minidev.json.parser.JSONParserBase.readObject(JSONParserBase.java:614)
	at net.minidev.json.parser.JSONParserBase.readMain(JSONParserBase.java:467)
	at net.minidev.json.parser.JSONParserBase.readArray(JSONParserBase.java:337)
	at net.minidev.json.parser.JSONParserBase.readMain(JSONParserBase.java:470)
	at net.minidev.json.parser.JSONParserBase.readObject(JSONParserBase.java:614)
	at net.minidev.json.parser.JSONParserBase.readMain(JSONParserBase.java:467)
	at net.minidev.json.parser.JSONParserBase.readObject(JSONParserBase.java:614)
	at net.minidev.json.parser.JSONParserBase.readMain(JSONParserBase.java:467)
	at net.minidev.json.parser.JSONParserBase.readArray(JSONParserBase.java:337)
	at net.minidev.json.parser.JSONParserBase.readMain(JSONParserBase.java:470)
	at net.minidev.json.parser.JSONParserBase.readObject(JSONParserBase.java:614)
	at net.minidev.json.parser.JSONParserBase.readMain(JSONParserBase.java:467)
	at net.minidev.json.parser.JSONParserBase.readObject(JSONParserBase.java:614)
	at net.minidev.json.parser.JSONParserBase.readMain(JSONParserBase.java:467)
	at net.minidev.json.parser.JSONParserBase.readArray(JSONParserBase.java:337)
	at net.minidev.json.parser.JSONParserBase.readMain(JSONParserBase.java:470)
	at net.minidev.json.parser.JSONParserBase.readObject(JSONParserBase.java:614)
	at net.minidev.json.parser.JSONParserBase.readMain(JSONParserBase.java:467)
	at net.minidev.json.parser.JSONParserBase.readObject(JSONParserBase.java:614)
	at net.minidev.json.parser.JSONParserBase.readMain(JSONParserBase.java:467)
	at net.minidev.json.parser.JSONParserBase.readArray(JSONParserBase.java:337)
	at net.minidev.json.parser.JSONParserBase.readMain(JSONParserBase.java:470)
	at net.minidev.json.parser.JSONParserBase.readObject(JSONParserBase.java:614)
	at net.minidev.json.parser.JSONParserBase.readMain(JSONParserBase.java:467)
	at net.minidev.json.parser.JSONParserBase.readObject(JSONParserBase.java:614)
	at net.minidev.json.parser.JSONParserBase.readMain(JSONParserBase.java:467)
	at net.minidev.json.parser.JSONParserBase.readArray(JSONParserBase.java:337)
	at net.minidev.json.parser.JSONParserBase.readMain(JSONParserBase.java:470)
	at net.minidev.json.parser.JSONParserBase.readObject(JSONParserBase.java:614)
	at net.minidev.json.parser.JSONParserBase.readMain(JSONParserBase.java:467)
	at net.minidev.json.parser.JSONParserBase.readObject(JSONParserBase.java:614)
	at net.minidev.json.parser.JSONParserBase.readMain(JSONParserBase.java:467)
	at net.minidev.json.parser.JSONParserBase.readArray(JSONParserBase.java:337)
	at net.minidev.json.parser.JSONParserBase.readMain(JSONParserBase.java:470)
	at net.minidev.json.parser.JSONParserBase.readObject(JSONParserBase.java:614)
	at net.minidev.json.parser.JSONParserBase.readMain(JSONParserBase.java:467)
	at net.minidev.json.parser.JSONParserBase.readObject(JSONParserBase.java:614)
	at net.minidev.json.parser.JSONParserBase.readMain(JSONParserBase.java:467)
	at net.minidev.json.parser.JSONParserBase.readArray(JSONParserBase.java:337)
	at net.minidev.json.parser.JSONParserBase.readMain(JSONParserBase.java:470)
	at net.minidev.json.parser.JSONParserBase.readObject(JSONParserBase.java:614)
	at net.minidev.json.parser.JSONParserBase.readMain(JSONParserBase.java:467)
	at net.minidev.json.parser.JSONParserBase.readObject(JSONParserBase.java:614)
	at net.minidev.json.parser.JSONParserBase.readMain(JSONParserBase.java:467)
	at net.minidev.json.parser.JSONParserBase.readArray(JSONParserBase.java:337)
	at net.minidev.json.parser.JSONParserBase.readMain(JSONParserBase.java:470)
	at net.minidev.json.parser.JSONParserBase.readObject(JSONParserBase.java:614)
	at net.minidev.json.parser.JSONParserBase.readMain(JSONParserBase.java:467)
	at net.minidev.json.parser.JSONParserBase.readObject(JSONParserBase.java:614)
	at net.minidev.json.parser.JSONParserBase.readMain(JSONParserBase.java:467)
	at net.minidev.json.parser.JSONParserBase.readArray(JSONParserBase.java:337)
	at net.minidev.json.parser.JSONParserBase.readMain(JSONParserBase.java:470)
	at net.minidev.json.parser.JSONParserBase.readObject(JSONParserBase.java:614)
	at net.minidev.json.parser.JSONParserBase.readMain(JSONParserBase.java:467)
	at net.minidev.json.parser.JSONParserBase.readObject(JSONParserBase.java:614)
	at net.minidev.json.parser.JSONParserBase.readMain(JSONParserBase.java:467)
	at net.minidev.json.parser.JSONParserBase.readArray(JSONParserBase.java:337)
	at net.minidev.json.parser.JSONParserBase.readMain(JSONParserBase.java:470)
	at net.minidev.json.parser.JSONParserBase.readObject(JSONParserBase.java:614)
	at net.minidev.json.parser.JSONParserBase.readMain(JSONParserBase.java:467)
	at net.minidev.json.parser.JSONParserBase.readObject(JSONParserBase.java:614)
	at net.minidev.json.parser.JSONParserBase.readMain(JSONParserBase.java:467)
	at net.minidev.json.parser.JSONParserBase.readArray(JSONParserBase.java:337)
	at net.minidev.json.parser.JSONParserBase.readMain(JSONParserBase.java:470)
	at net.minidev.json.parser.JSONParserBase.readObject(JSONParserBase.java:614)
	at net.minidev.json.parser.JSONParserBase.readMain(JSONParserBase.java:467)
	at net.minidev.json.parser.JSONParserBase.readObject(JSONParserBase.java:614)
	at net.minidev.json.parser.JSONParserBase.readMain(JSONParserBase.java:467)
	at net.minidev.json.parser.JSONParserBase.readArray(JSONParserBase.java:337)
	at net.minidev.json.parser.JSONParserBase.readMain(JSONParserBase.java:470)
	at net.minidev.json.parser.JSONParserBase.readObject(JSONParserBase.java:614)
	at net.minidev.json.parser.JSONParserBase.readMain(JSONParserBase.java:467)
	at net.minidev.json.parser.JSONParserBase.readObject(JSONParserBase.java:614)
	at net.minidev.json.parser.JSONParserBase.readMain(JSONParserBase.java:467)
	at net.minidev.json.parser.JSONParserBase.readArray(JSONParserBase.java:337)
	at net.minidev.json.parser.JSONParserBase.readMain(JSONParserBase.java:470)
	at net.minidev.json.parser.JSONParserBase.readObject(JSONParserBase.java:614)
	at net.minidev.json.parser.JSONParserBase.readMain(JSONParserBase.java:467)
	at net.minidev.json.parser.JSONParserBase.readObject(JSONParserBase.java:614)
	at net.minidev.json.parser.JSONParserBase.readMain(JSONParserBase.java:467)
	at net.minidev.json.parser.JSONParserBase.readArray(JSONParserBase.java:337)
	at net.minidev.json.parser.JSONParserBase.readMain(JSONParserBase.java:470)
	at net.minidev.json.parser.JSONParserBase.readObject(JSONParserBase.java:614)
	at net.minidev.json.parser.JSONParserBase.readMain(JSONParserBase.java:467)
	at net.minidev.json.parser.JSONParserBase.readObject(JSONParserBase.java:614)
	at net.minidev.json.parser.JSONParserBase.readMain(JSONParserBase.java:467)
	at net.minidev.json.parser.JSONParserBase.readArray(JSONParserBase.java:337)
	at net.minidev.json.parser.JSONParserBase.readMain(JSONParserBase.java:470)
	at net.minidev.json.parser.JSONParserBase.readObject(JSONParserBase.java:614)
	at net.minidev.json.parser.JSONParserBase.readMain(JSONParserBase.java:467)
	at net.minidev.json.parser.JSONParserBase.readObject(JSONParserBase.java:614)
	at net.minidev.json.parser.JSONParserBase.readMain(JSONParserBase.java:467)
	at net.minidev.json.parser.JSONParserBase.readArray(JSONParserBase.java:337)
	at net.minidev.json.parser.JSONParserBase.readMain(JSONParserBase.java:470)
	at net.minidev.json.parser.JSONParserBase.readObject(JSONParserBase.java:614)
	at net.minidev.json.parser.JSONParserBase.readMain(JSONParserBase.java:467)
	at net.minidev.json.parser.JSONParserBase.readObject(JSONParserBase.java:614)
	at net.minidev.json.parser.JSONParserBase.readMain(JSONParserBase.java:467)
	at net.minidev.json.parser.JSONParserBase.readArray(JSONParserBase.java:337)
	at net.minidev.json.parser.JSONParserBase.readMain(JSONParserBase.java:470)
	at net.minidev.json.parser.JSONParserBase.readObject(JSONParserBase.java:614)
	at net.minidev.json.parser.JSONParserBase.readMain(JSONParserBase.java:467)
	at net.minidev.json.parser.JSONParserBase.readObject(JSONParserBase.java:614)
	at net.minidev.json.parser.JSONParserBase.readMain(JSONParserBase.java:467)
	at net.minidev.json.parser.JSONParserBase.readArray(JSONParserBase.java:337)
	at net.minidev.json.parser.JSONParserBase.readMain(JSONParserBase.java:470)
	at net.minidev.json.parser.JSONParserBase.readObject(JSONParserBase.java:614)
	at net.minidev.json.parser.JSONParserBase.readMain(JSONParserBase.java:467)
	at net.minidev.json.parser.JSONParserBase.readObject(JSONParserBase.java:614)
	at net.minidev.json.parser.JSONParserBase.readMain(JSONParserBase.java:467)
	at net.minidev.json.parser.JSONParserBase.readArray(JSONParserBase.java:337)
	at net.minidev.json.parser.JSONParserBase.readMain(JSONParserBase.java:470)
	at net.minidev.json.parser.JSONParserBase.readObject(JSONParserBase.java:614)
	at net.minidev.json.parser.JSONParserBase.readMain(JSONParserBase.java:467)
	at net.minidev.json.parser.JSONParserBase.readObject(JSONParserBase.java:614)
	at net.minidev.json.parser.JSONParserBase.readMain(JSONParserBase.java:467)
	at net.minidev.json.parser.JSONParserBase.readArray(JSONParserBase.java:337)
	at net.minidev.json.parser.JSONParserBase.readMain(JSONParserBase.java:470)
	at net.minidev.json.parser.JSONParserBase.readObject(JSONParserBase.java:614)
	at net.minidev.json.parser.JSONParserBase.readMain(JSONParserBase.java:467)
	at net.minidev.json.parser.JSONParserBase.readObject(JSONParserBase.java:614)
	at net.minidev.json.parser.JSONParserBase.readMain(JSONParserBase.java:467)
	at net.minidev.json.parser.JSONParserBase.readArray(JSONParserBase.java:337)
	at net.minidev.json.parser.JSONParserBase.readMain(JSONParserBase.java:470)
	at net.minidev.json.parser.JSONParserBase.readObject(JSONParserBase.java:614)
	at net.minidev.json.parser.JSONParserBase.readMain(JSONParserBase.java:467)
	at net.minidev.json.parser.JSONParserBase.readObject(JSONParserBase.java:614)
	at net.minidev.json.parser.JSONParserBase.readMain(JSONParserBase.java:467)
	at net.minidev.json.parser.JSONParserBase.readArray(JSONParserBase.java:337)
	at net.minidev.json.parser.JSONParserBase.readMain(JSONParserBase.java:470)
	at net.minidev.json.parser.JSONParserBase.readObject(JSONParserBase.java:614)
	at net.minidev.json.parser.JSONParserBase.readMain(JSONParserBase.java:467)
	at net.minidev.json.parser.JSONParserBase.readObject(JSONParserBase.java:614)
	at net.minidev.json.parser.JSONParserBase.readMain(JSONParserBase.java:467)
	at net.minidev.json.parser.JSONParserBase.readArray(JSONParserBase.java:337)
	at net.minidev.json.parser.JSONParserBase.readMain(JSONParserBase.java:470)
	at net.minidev.json.parser.JSONParserBase.readObject(JSONParserBase.java:614)
	at net.minidev.json.parser.JSONParserBase.readMain(JSONParserBase.java:467)
	at net.minidev.json.parser.JSONParserBase.readObject(JSONParserBase.java:614)
	at net.minidev.json.parser.JSONParserBase.readMain(JSONParserBase.java:467)
	at net.minidev.json.parser.JSONParserBase.readArray(JSONParserBase.java:337)
	at net.minidev.json.parser.JSONParserBase.readMain(JSONParserBase.java:470)
	at net.minidev.json.parser.JSONParserBase.readObject(JSONParserBase.java:614)
	at net.minidev.json.parser.JSONParserBase.readMain(JSONParserBase.java:467)
	at net.minidev.json.parser.JSONParserBase.readObject(JSONParserBase.java:614)
	at net.minidev.json.parser.JSONParserBase.readMain(JSONParserBase.java:467)
	at net.minidev.json.parser.JSONParserBase.readArray(JSONParserBase.java:337)
	at net.minidev.json.parser.JSONParserBase.readMain(JSONParserBase.java:470)
	at net.minidev.json.parser.JSONParserBase.readObject(JSONParserBase.java:614)
	at net.minidev.json.parser.JSONParserBase.readMain(JSONParserBase.java:467)
	at net.minidev.json.parser.JSONParserBase.readObject(JSONParserBase.java:614)
	at net.minidev.json.parser.JSONParserBase.readMain(JSONParserBase.java:467)
	at net.minidev.json.parser.JSONParserBase.readArray(JSONParserBase.java:337)
	at net.minidev.json.parser.JSONParserBase.readMain(JSONParserBase.java:470)
	at net.minidev.json.parser.JSONParserBase.readObject(JSONParserBase.java:614)
	at net.minidev.json.parser.JSONParserBase.readMain(JSONParserBase.java:467)
	at net.minidev.json.parser.JSONParserBase.readObject(JSONParserBase.java:614)
	at net.minidev.json.parser.JSONParserBase.readMain(JSONParserBase.java:467)
	at net.minidev.json.parser.JSONParserBase.readArray(JSONParserBase.java:337)
	at net.minidev.json.parser.JSONParserBase.readMain(JSONParserBase.java:470)
	at net.minidev.json.parser.JSONParserBase.readObject(JSONParserBase.java:614)
	at net.minidev.json.parser.JSONParserBase.readMain(JSONParserBase.java:467)
	at net.minidev.json.parser.JSONParserBase.readObject(JSONParserBase.java:614)
	at net.minidev.json.parser.JSONParserBase.readMain(JSONParserBase.java:467)
	at net.minidev.json.parser.JSONParserBase.readArray(JSONParserBase.java:337)
	at net.minidev.json.parser.JSONParserBase.readMain(JSONParserBase.java:470)
	at net.minidev.json.parser.JSONParserBase.readObject(JSONParserBase.java:614)
	at net.minidev.json.parser.JSONParserBase.readMain(JSONParserBase.java:467)
	at net.minidev.json.parser.JSONParserBase.readObject(JSONParserBase.java:614)
	at net.minidev.json.parser.JSONParserBase.readMain(JSONParserBase.java:467)
	at net.minidev.json.parser.JSONParserBase.readArray(JSONParserBase.java:337)
	at net.minidev.json.parser.JSONParserBase.readMain(JSONParserBase.java:470)
	at net.minidev.json.parser.JSONParserBase.readObject(JSONParserBase.java:614)
	at net.minidev.json.parser.JSONParserBase.readMain(JSONParserBase.java:467)
	at net.minidev.json.parser.JSONParserBase.readObject(JSONParserBase.java:614)
	at net.minidev.json.parser.JSONParserBase.readMain(JSONParserBase.java:467)
	at net.minidev.json.parser.JSONParserBase.readArray(JSONParserBase.java:337)
	at net.minidev.json.parser.JSONParserBase.readMain(JSONParserBase.java:470)
	at net.minidev.json.parser.JSONParserBase.readObject(JSONParserBase.java:614)
	at net.minidev.json.parser.JSONParserBase.readMain(JSONParserBase.java:467)
	at net.minidev.json.parser.JSONParserBase.readObject(JSONParserBase.java:614)
	at net.minidev.json.parser.JSONParserBase.readMain(JSONParserBase.java:467)
	at net.minidev.json.parser.JSONParserBase.readArray(JSONParserBase.java:337)
	at net.minidev.json.parser.JSONParserBase.readMain(JSONParserBase.java:470)
	at net.minidev.json.parser.JSONParserBase.readObject(JSONParserBase.java:614)
	at net.minidev.json.parser.JSONParserBase.readMain(JSONParserBase.java:467)
	at net.minidev.json.parser.JSONParserBase.readObject(JSONParserBase.java:614)
	at net.minidev.json.parser.JSONParserBase.readMain(JSONParserBase.java:467)
	at net.minidev.json.parser.JSONParserBase.readArray(JSONParserBase.java:337)
	at net.minidev.json.parser.JSONParserBase.readMain(JSONParserBase.java:470)
	at net.minidev.json.parser.JSONParserBase.readObject(JSONParserBase.java:614)
	at net.minidev.json.parser.JSONParserBase.readMain(JSONParserBase.java:467)
	at net.minidev.json.parser.JSONParserBase.readObject(JSONParserBase.java:614)
	at net.minidev.json.parser.JSONParserBase.readMain(JSONParserBase.java:467)
	at net.minidev.json.parser.JSONParserBase.readArray(JSONParserBase.java:337)
	at net.minidev.json.parser.JSONParserBase.readMain(JSONParserBase.java:470)
	at net.minidev.json.parser.JSONParserBase.readObject(JSONParserBase.java:614)
	at net.minidev.json.parser.JSONParserBase.readMain(JSONParserBase.java:467)
	at net.minidev.json.parser.JSONParserBase.readObject(JSONParserBase.java:614)
	at net.minidev.json.parser.JSONParserBase.readMain(JSONParserBase.java:467)
	at net.minidev.json.parser.JSONParserBase.readArray(JSONParserBase.java:337)
	at net.minidev.json.parser.JSONParserBase.readMain(JSONParserBase.java:470)
	at net.minidev.json.parser.JSONParserBase.readObject(JSONParserBase.java:614)
	at net.minidev.json.parser.JSONParserBase.readMain(JSONParserBase.java:467)
	at net.minidev.json.parser.JSONParserBase.readObject(JSONParserBase.java:614)
	at net.minidev.json.parser.JSONParserBase.readMain(JSONParserBase.java:467)
	at net.minidev.json.parser.JSONParserBase.readArray(JSONParserBase.java:337)
	at net.minidev.json.parser.JSONParserBase.readMain(JSONParserBase.java:470)
	at net.minidev.json.parser.JSONParserBase.readObject(JSONParserBase.java:614)
	at net.minidev.json.parser.JSONParserBase.readMain(JSONParserBase.java:467)
	at net.minidev.json.parser.JSONParserBase.readObject(JSONParserBase.java:614)
	at net.minidev.json.parser.JSONParserBase.readMain(JSONParserBase.java:467)
	at net.minidev.json.parser.JSONParserBase.readArray(JSONParserBase.java:337)
	at net.minidev.json.parser.JSONParserBase.readMain(JSONParserBase.java:470)
	at net.minidev.json.parser.JSONParserBase.readObject(JSONParserBase.java:614)
	at net.minidev.json.parser.JSONParserBase.readMain(JSONParserBase.java:467)
	at net.minidev.json.parser.JSONParserBase.readObject(JSONParserBase.java:614)
	at net.minidev.json.parser.JSONParserBase.readMain(JSONParserBase.java:467)
	at net.minidev.json.parser.JSONParserBase.readArray(JSONParserBase.java:337)
	at net.minidev.json.parser.JSONParserBase.readMain(JSONParserBase.java:470)
	at net.minidev.json.parser.JSONParserBase.readObject(JSONParserBase.java:614)
	at net.minidev.json.parser.JSONParserBase.readMain(JSONParserBase.java:467)
	at net.minidev.json.parser.JSONParserBase.readObject(JSONParserBase.java:614)
	at net.minidev.json.parser.JSONParserBase.readMain(JSONParserBase.java:467)
	at net.minidev.json.parser.JSONParserBase.readArray(JSONParserBase.java:337)
	at net.minidev.json.parser.JSONParserBase.readMain(JSONParserBase.java:470)
	at net.minidev.json.parser.JSONParserBase.readObject(JSONParserBase.java:614)
	at net.minidev.json.parser.JSONParserBase.readMain(JSONParserBase.java:467)
	at net.minidev.json.parser.JSONParserBase.readObject(JSONParserBase.java:614)
	at net.minidev.json.parser.JSONParserBase.readMain(JSONParserBase.java:467)
	at net.minidev.json.parser.JSONParserBase.readArray(JSONParserBase.java:337)
	at net.minidev.json.parser.JSONParserBase.readMain(JSONParserBase.java:470)
	at net.minidev.json.parser.JSONParserBase.readObject(JSONParserBase.java:614)
	at net.minidev.json.parser.JSONParserBase.readMain(JSONParserBase.java:467)
	at net.minidev.json.parser.JSONParserBase.readObject(JSONParserBase.java:614)
	at net.minidev.json.parser.JSONParserBase.readMain(JSONParserBase.java:467)
	at net.minidev.json.parser.JSONParserBase.readArray(JSONParserBase.java:337)
	at net.minidev.json.parser.JSONParserBase.readMain(JSONParserBase.java:470)
	at net.minidev.json.parser.JSONParserBase.readObject(JSONParserBase.java:614)
	at net.minidev.json.parser.JSONParserBase.readMain(JSONParserBase.java:467)
	at net.minidev.json.parser.JSONParserBase.readObject(JSONParserBase.java:614)
	at net.minidev.json.parser.JSONParserBase.readMain(JSONParserBase.java:467)
	at net.minidev.json.parser.JSONParserBase.readArray(JSONParserBase.java:337)
	at net.minidev.json.parser.JSONParserBase.readMain(JSONParserBase.java:470)
	at net.minidev.json.parser.JSONParserBase.readObject(JSONParserBase.java:614)
	at net.minidev.json.parser.JSONParserBase.readMain(JSONParserBase.java:467)
	at net.minidev.json.parser.JSONParserBase.readObject(JSONParserBase.java:614)
	at net.minidev.json.parser.JSONParserBase.readMain(JSONParserBase.java:467)
	at net.minidev.json.parser.JSONParserBase.readArray(JSONParserBase.java:337)
	at net.minidev.json.parser.JSONParserBase.readMain(JSONParserBase.java:470)
	at net.minidev.json.parser.JSONParserBase.readObject(JSONParserBase.java:614)
	at net.minidev.json.parser.JSONParserBase.readMain(JSONParserBase.java:467)
	at net.minidev.json.parser.JSONParserBase.readObject(JSONParserBase.java:614)
	at net.minidev.json.parser.JSONParserBase.readMain(JSONParserBase.java:467)
	at net.minidev.json.parser.JSONParserBase.readArray(JSONParserBase.java:337)
	at net.minidev.json.parser.JSONParserBase.readMain(JSONParserBase.java:470)
	at net.minidev.json.parser.JSONParserBase.readObject(JSONParserBase.java:614)
	at net.minidev.json.parser.JSONParserBase.readMain(JSONParserBase.java:467)
	at net.minidev.json.parser.JSONParserBase.readObject(JSONParserBase.java:614)
	at net.minidev.json.parser.JSONParserBase.readMain(JSONParserBase.java:467)
	at net.minidev.json.parser.JSONParserBase.readArray(JSONParserBase.java:337)
	at net.minidev.json.parser.JSONParserBase.readMain(JSONParserBase.java:470)
	at net.minidev.json.parser.JSONParserBase.readObject(JSONParserBase.java:614)
	at net.minidev.json.parser.JSONParserBase.readMain(JSONParserBase.java:467)
	at net.minidev.json.parser.JSONParserBase.readObject(JSONParserBase.java:614)
	at net.minidev.json.parser.JSONParserBase.readMain(JSONParserBase.java:467)
	at net.minidev.json.parser.JSONParserBase.readArray(JSONParserBase.java:337)
	at net.minidev.json.parser.JSONParserBase.readMain(JSONParserBase.java:470)
	at net.minidev.json.parser.JSONParserBase.readObject(JSONParserBase.java:614)
	at net.minidev.json.parser.JSONParserBase.readMain(JSONParserBase.java:467)
	at net.minidev.json.parser.JSONParserBase.readObject(JSONParserBase.java:614)
	at net.minidev.json.parser.JSONParserBase.readMain(JSONParserBase.java:467)
	at net.minidev.json.parser.JSONParserBase.readArray(JSONParserBase.java:337)
	at net.minidev.json.parser.JSONParserBase.readMain(JSONParserBase.java:470)
	at net.minidev.json.parser.JSONParserBase.readObject(JSONParserBase.java:614)
	at net.minidev.json.parser.JSONParserBase.readMain(JSONParserBase.java:467)
	at net.minidev.json.parser.JSONParserBase.readObject(JSONParserBase.java:614)
	at net.minidev.json.parser.JSONParserBase.readMain(JSONParserBase.java:467)
	at net.minidev.json.parser.JSONParserBase.readArray(JSONParserBase.java:337)
	at net.minidev.json.parser.JSONParserBase.readMain(JSONParserBase.java:470)
	at net.minidev.json.parser.JSONParserBase.readObject(JSONParserBase.java:614)
	at net.minidev.json.parser.JSONParserBase.readMain(JSONParserBase.java:467)
	at net.minidev.json.parser.JSONParserBase.readObject(JSONParserBase.java:614)
	at net.minidev.json.parser.JSONParserBase.readMain(JSONParserBase.java:467)
	at net.minidev.json.parser.JSONParserBase.readArray(JSONParserBase.java:337)
	at net.minidev.json.parser.JSONParserBase.readMain(JSONParserBase.java:470)
	at net.minidev.json.parser.JSONParserBase.readObject(JSONParserBase.java:614)
	at net.minidev.json.parser.JSONParserBase.readMain(JSONParserBase.java:467)
	at net.minidev.json.parser.JSONParserBase.readObject(JSONParserBase.java:614)
	at net.minidev.json.parser.JSONParserBase.readMain(JSONParserBase.java:467)
	at net.minidev.json.parser.JSONParserBase.readArray(JSONParserBase.java:337)
	at net.minidev.json.parser.JSONParserBase.readMain(JSONParserBase.java:470)
	at net.minidev.json.parser.JSONParserBase.readObject(JSONParserBase.java:614)
	at net.minidev.json.parser.JSONParserBase.readMain(JSONParserBase.java:467)
	at net.minidev.json.parser.JSONParserBase.readObject(JSONParserBase.java:614)
	at net.minidev.json.parser.JSONParserBase.readMain(JSONParserBase.java:467)
	at net.minidev.json.parser.JSONParserBase.readArray(JSONParserBase.java:337)
	at net.minidev.json.parser.JSONParserBase.readMain(JSONParserBase.java:470)
	at net.minidev.json.parser.JSONParserBase.readObject(JSONParserBase.java:614)
	at net.minidev.json.parser.JSONParserBase.readMain(JSONParserBase.java:467)
	at net.minidev.json.parser.JSONParserBase.readObject(JSONParserBase.java:614)
	at net.minidev.json.parser.JSONParserBase.readMain(JSONParserBase.java:467)
	at net.minidev.json.parser.JSONParserBase.readArray(JSONParserBase.java:337)
	at net.minidev.json.parser.JSONParserBase.readMain(JSONParserBase.java:470)
	at net.minidev.json.parser.JSONParserBase.readObject(JSONParserBase.java:614)
	at net.minidev.json.parser.JSONParserBase.readMain(JSONParserBase.java:467)
	at net.minidev.json.parser.JSONParserBase.readObject(JSONParserBase.java:614)
	at net.minidev.json.parser.JSONParserBase.readMain(JSONParserBase.java:467)
	at net.minidev.json.parser.JSONParserBase.readArray(JSONParserBase.java:337)
	at net.minidev.json.parser.JSONParserBase.readMain(JSONParserBase.java:470)
	at net.minidev.json.parser.JSONParserBase.readObject(JSONParserBase.java:614)
	at net.minidev.json.parser.JSONParserBase.readMain(JSONParserBase.java:467)
	at net.minidev.json.parser.JSONParserBase.readObject(JSONParserBase.java:614)
	at net.minidev.json.parser.JSONParserBase.readMain(JSONParserBase.java:467)
	at net.minidev.json.parser.JSONParserBase.readArray(JSONParserBase.java:337)
	at net.minidev.json.parser.JSONParserBase.readFirst(JSONParserBase.java:368)
	at net.minidev.json.parser.JSONParserBase.parse(JSONParserBase.java:218)
	at net.minidev.json.parser.JSONParserString.parse(JSONParserString.java:58)
	at net.minidev.json.parser.JSONParser.parse(JSONParser.java:285)
	at com.jayway.jsonpath.spi.json.JsonSmartJsonProvider.parse(JsonSmartJsonProvider.java:62)
	... 9 more

com.examly.springapp.SpringappApplicationTests.Day12_testGetCustomerReturnById -- Time elapsed: 0.039 s <<< FAILURE!
java.lang.AssertionError: No value at JSON path "$.customerReturnId"
	at org.springframework.test.util.JsonPathExpectationsHelper.evaluateJsonPath(JsonPathExpectationsHelper.java:351)
	at org.springframework.test.util.JsonPathExpectationsHelper.assertValue(JsonPathExpectationsHelper.java:148)
	at org.springframework.test.web.servlet.result.JsonPathResultMatchers.lambda$value$2(JsonPathResultMatchers.java:112)
	at org.springframework.test.web.servlet.MockMvc$1.andExpect(MockMvc.java:214)
	at com.examly.springapp.SpringappApplicationTests.Day12_testGetCustomerReturnById(SpringappApplicationTests.java:871)
	at java.base/java.lang.reflect.Method.invoke(Method.java:580)
	at java.base/java.util.ArrayList.forEach(ArrayList.java:1596)
	at java.base/java.util.ArrayList.forEach(ArrayList.java:1596)
Caused by: com.jayway.jsonpath.InvalidJsonException: net.minidev.json.parser.ParseException: Malicious payload, having non natural depths, parsing stoped on { at position 32021.
	at com.jayway.jsonpath.spi.json.JsonSmartJsonProvider.parse(JsonSmartJsonProvider.java:64)
	at com.jayway.jsonpath.JsonPath.read(JsonPath.java:393)
	at org.springframework.test.util.JsonPathExpectationsHelper.evaluateJsonPath(JsonPathExpectationsHelper.java:348)
	... 7 more
Caused by: net.minidev.json.parser.ParseException: Malicious payload, having non natural depths, parsing stoped on { at position 32021.
	at net.minidev.json.parser.JSONParserBase.readObject(JSONParserBase.java:559)
	at net.minidev.json.parser.JSONParserBase.readMain(JSONParserBase.java:467)
	at net.minidev.json.parser.JSONParserBase.readObject(JSONParserBase.java:614)
	at net.minidev.json.parser.JSONParserBase.readMain(JSONParserBase.java:467)
	at net.minidev.json.parser.JSONParserBase.readArray(JSONParserBase.java:337)
	at net.minidev.json.parser.JSONParserBase.readMain(JSONParserBase.java:470)
	at net.minidev.json.parser.JSONParserBase.readObject(JSONParserBase.java:614)
	at net.minidev.json.parser.JSONParserBase.readMain(JSONParserBase.java:467)
	at net.minidev.json.parser.JSONParserBase.readObject(JSONParserBase.java:614)
	at net.minidev.json.parser.JSONParserBase.readMain(JSONParserBase.java:467)
	at net.minidev.json.parser.JSONParserBase.readArray(JSONParserBase.java:337)
	at net.minidev.json.parser.JSONParserBase.readMain(JSONParserBase.java:470)
	at net.minidev.json.parser.JSONParserBase.readObject(JSONParserBase.java:614)
	at net.minidev.json.parser.JSONParserBase.readMain(JSONParserBase.java:467)
	at net.minidev.json.parser.JSONParserBase.readObject(JSONParserBase.java:614)
	at net.minidev.json.parser.JSONParserBase.readMain(JSONParserBase.java:467)
	at net.minidev.json.parser.JSONParserBase.readArray(JSONParserBase.java:337)
	at net.minidev.json.parser.JSONParserBase.readMain(JSONParserBase.java:470)
	at net.minidev.json.parser.JSONParserBase.readObject(JSONParserBase.java:614)
	at net.minidev.json.parser.JSONParserBase.readMain(JSONParserBase.java:467)
	at net.minidev.json.parser.JSONParserBase.readObject(JSONParserBase.java:614)
	at net.minidev.json.parser.JSONParserBase.readMain(JSONParserBase.java:467)
	at net.minidev.json.parser.JSONParserBase.readArray(JSONParserBase.java:337)
	at net.minidev.json.parser.JSONParserBase.readMain(JSONParserBase.java:470)
	at net.minidev.json.parser.JSONParserBase.readObject(JSONParserBase.java:614)
	at net.minidev.json.parser.JSONParserBase.readMain(JSONParserBase.java:467)
	at net.minidev.json.parser.JSONParserBase.readObject(JSONParserBase.java:614)
	at net.minidev.json.parser.JSONParserBase.readMain(JSONParserBase.java:467)
	at net.minidev.json.parser.JSONParserBase.readArray(JSONParserBase.java:337)
	at net.minidev.json.parser.JSONParserBase.readMain(JSONParserBase.java:470)
	at net.minidev.json.parser.JSONParserBase.readObject(JSONParserBase.java:614)
	at net.minidev.json.parser.JSONParserBase.readMain(JSONParserBase.java:467)
	at net.minidev.json.parser.JSONParserBase.readObject(JSONParserBase.java:614)
	at net.minidev.json.parser.JSONParserBase.readMain(JSONParserBase.java:467)
	at net.minidev.json.parser.JSONParserBase.readArray(JSONParserBase.java:337)
	at net.minidev.json.parser.JSONParserBase.readMain(JSONParserBase.java:470)
	at net.minidev.json.parser.JSONParserBase.readObject(JSONParserBase.java:614)
	at net.minidev.json.parser.JSONParserBase.readMain(JSONParserBase.java:467)
	at net.minidev.json.parser.JSONParserBase.readObject(JSONParserBase.java:614)
	at net.minidev.json.parser.JSONParserBase.readMain(JSONParserBase.java:467)
	at net.minidev.json.parser.JSONParserBase.readArray(JSONParserBase.java:337)
	at net.minidev.json.parser.JSONParserBase.readMain(JSONParserBase.java:470)
	at net.minidev.json.parser.JSONParserBase.readObject(JSONParserBase.java:614)
	at net.minidev.json.parser.JSONParserBase.readMain(JSONParserBase.java:467)
	at net.minidev.json.parser.JSONParserBase.readObject(JSONParserBase.java:614)
	at net.minidev.json.parser.JSONParserBase.readMain(JSONParserBase.java:467)
	at net.minidev.json.parser.JSONParserBase.readArray(JSONParserBase.java:337)
	at net.minidev.json.parser.JSONParserBase.readMain(JSONParserBase.java:470)
	at net.minidev.json.parser.JSONParserBase.readObject(JSONParserBase.java:614)
	at net.minidev.json.parser.JSONParserBase.readMain(JSONParserBase.java:467)
	at net.minidev.json.parser.JSONParserBase.readObject(JSONParserBase.java:614)
	at net.minidev.json.parser.JSONParserBase.readMain(JSONParserBase.java:467)
	at net.minidev.json.parser.JSONParserBase.readArray(JSONParserBase.java:337)
	at net.minidev.json.parser.JSONParserBase.readMain(JSONParserBase.java:470)
	at net.minidev.json.parser.JSONParserBase.readObject(JSONParserBase.java:614)
	at net.minidev.json.parser.JSONParserBase.readMain(JSONParserBase.java:467)
	at net.minidev.json.parser.JSONParserBase.readObject(JSONParserBase.java:614)
	at net.minidev.json.parser.JSONParserBase.readMain(JSONParserBase.java:467)
	at net.minidev.json.parser.JSONParserBase.readArray(JSONParserBase.java:337)
	at net.minidev.json.parser.JSONParserBase.readMain(JSONParserBase.java:470)
	at net.minidev.json.parser.JSONParserBase.readObject(JSONParserBase.java:614)
	at net.minidev.json.parser.JSONParserBase.readMain(JSONParserBase.java:467)
	at net.minidev.json.parser.JSONParserBase.readObject(JSONParserBase.java:614)
	at net.minidev.json.parser.JSONParserBase.readMain(JSONParserBase.java:467)
[...]
	at net.minidev.json.parser.JSONParserBase.readObject(JSONParserBase.java:614)
	at net.minidev.json.parser.JSONParserBase.readMain(JSONParserBase.java:467)
	at net.minidev.json.parser.JSONParserBase.readObject(JSONParserBase.java:614)
	at net.minidev.json.parser.JSONParserBase.readMain(JSONParserBase.java:467)
	at net.minidev.json.parser.JSONParserBase.readArray(JSONParserBase.java:337)
	at net.minidev.json.parser.JSONParserBase.readMain(JSONParserBase.java:470)
	at net.minidev.json.parser.JSONParserBase.readObject(JSONParserBase.java:614)
	at net.minidev.json.parser.JSONParserBase.readMain(JSONParserBase.java:467)
	at net.minidev.json.parser.JSONParserBase.readObject(JSONParserBase.java:614)
	at net.minidev.json.parser.JSONParserBase.readMain(JSONParserBase.java:467)
	at net.minidev.json.parser.JSONParserBase.readArray(JSONParserBase.java:337)
	at net.minidev.json.parser.JSONParserBase.readMain(JSONParserBase.java:470)
	at net.minidev.json.parser.JSONParserBase.readObject(JSONParserBase.java:614)
	at net.minidev.json.parser.JSONParserBase.readMain(JSONParserBase.java:467)
	at net.minidev.json.parser.JSONParserBase.readObject(JSONParserBase.java:614)
	at net.minidev.json.parser.JSONParserBase.readMain(JSONParserBase.java:467)
	at net.minidev.json.parser.JSONParserBase.readArray(JSONParserBase.java:337)
	at net.minidev.json.parser.JSONParserBase.readMain(JSONParserBase.java:470)
	at net.minidev.json.parser.JSONParserBase.readObject(JSONParserBase.java:614)
	at net.minidev.json.parser.JSONParserBase.readMain(JSONParserBase.java:467)
	at net.minidev.json.parser.JSONParserBase.readObject(JSONParserBase.java:614)
	at net.minidev.json.parser.JSONParserBase.readMain(JSONParserBase.java:467)
	at net.minidev.json.parser.JSONParserBase.readArray(JSONParserBase.java:337)
	at net.minidev.json.parser.JSONParserBase.readMain(JSONParserBase.java:470)
	at net.minidev.json.parser.JSONParserBase.readObject(JSONParserBase.java:614)
	at net.minidev.json.parser.JSONParserBase.readMain(JSONParserBase.java:467)
	at net.minidev.json.parser.JSONParserBase.readObject(JSONParserBase.java:614)
	at net.minidev.json.parser.JSONParserBase.readMain(JSONParserBase.java:467)
	at net.minidev.json.parser.JSONParserBase.readArray(JSONParserBase.java:337)
	at net.minidev.json.parser.JSONParserBase.readMain(JSONParserBase.java:470)
	at net.minidev.json.parser.JSONParserBase.readObject(JSONParserBase.java:614)
	at net.minidev.json.parser.JSONParserBase.readMain(JSONParserBase.java:467)
	at net.minidev.json.parser.JSONParserBase.readObject(JSONParserBase.java:614)
	at net.minidev.json.parser.JSONParserBase.readMain(JSONParserBase.java:467)
	at net.minidev.json.parser.JSONParserBase.readArray(JSONParserBase.java:337)
	at net.minidev.json.parser.JSONParserBase.readMain(JSONParserBase.java:470)
	at net.minidev.json.parser.JSONParserBase.readObject(JSONParserBase.java:614)
	at net.minidev.json.parser.JSONParserBase.readMain(JSONParserBase.java:467)
	at net.minidev.json.parser.JSONParserBase.readObject(JSONParserBase.java:614)
	at net.minidev.json.parser.JSONParserBase.readMain(JSONParserBase.java:467)
	at net.minidev.json.parser.JSONParserBase.readArray(JSONParserBase.java:337)
	at net.minidev.json.parser.JSONParserBase.readMain(JSONParserBase.java:470)
	at net.minidev.json.parser.JSONParserBase.readObject(JSONParserBase.java:614)
	at net.minidev.json.parser.JSONParserBase.readMain(JSONParserBase.java:467)
	at net.minidev.json.parser.JSONParserBase.readObject(JSONParserBase.java:614)
	at net.minidev.json.parser.JSONParserBase.readMain(JSONParserBase.java:467)
	at net.minidev.json.parser.JSONParserBase.readArray(JSONParserBase.java:337)
	at net.minidev.json.parser.JSONParserBase.readMain(JSONParserBase.java:470)
	at net.minidev.json.parser.JSONParserBase.readObject(JSONParserBase.java:614)
	at net.minidev.json.parser.JSONParserBase.readMain(JSONParserBase.java:467)
	at net.minidev.json.parser.JSONParserBase.readObject(JSONParserBase.java:614)
	at net.minidev.json.parser.JSONParserBase.readMain(JSONParserBase.java:467)
	at net.minidev.json.parser.JSONParserBase.readArray(JSONParserBase.java:337)
	at net.minidev.json.parser.JSONParserBase.readMain(JSONParserBase.java:470)
	at net.minidev.json.parser.JSONParserBase.readObject(JSONParserBase.java:614)
	at net.minidev.json.parser.JSONParserBase.readMain(JSONParserBase.java:467)
	at net.minidev.json.parser.JSONParserBase.readObject(JSONParserBase.java:614)
	at net.minidev.json.parser.JSONParserBase.readFirst(JSONParserBase.java:365)
	at net.minidev.json.parser.JSONParserBase.parse(JSONParserBase.java:218)
	at net.minidev.json.parser.JSONParserString.parse(JSONParserString.java:58)
	at net.minidev.json.parser.JSONParser.parse(JSONParser.java:285)
	at com.jayway.jsonpath.spi.json.JsonSmartJsonProvider.parse(JsonSmartJsonProvider.java:62)
	... 9 more

com.examly.springapp.SpringappApplicationTests.Day13_testAddPurchaseOrderItem -- Time elapsed: 0.436 s <<< ERROR!
jakarta.servlet.ServletException: Request processing failed: org.springframework.dao.DataIntegrityViolationException: could not execute statement [Cannot add or update a child row: a foreign key constraint fails (`springapp_db`.`purchase_order_item`, CONSTRAINT `FKs3uske0upa0jymmqr7dwgbrsx` FOREIGN KEY (`purchase_order_purchase_order_id`) REFERENCES `purchase_order` (`purchase_order_id`))] [insert into purchase_order_item (product_product_id,purchase_order_purchase_order_id,quantity,unit_price) values (?,?,?,?)]; SQL [insert into purchase_order_item (product_product_id,purchase_order_purchase_order_id,quantity,unit_price) values (?,?,?,?)]; constraint [null]
	at org.springframework.web.servlet.FrameworkServlet.processRequest(FrameworkServlet.java:1022)
	at org.springframework.web.servlet.FrameworkServlet.doPost(FrameworkServlet.java:914)
	at jakarta.servlet.http.HttpServlet.service(HttpServlet.java:590)
	at org.springframework.web.servlet.FrameworkServlet.service(FrameworkServlet.java:885)
	at org.springframework.test.web.servlet.TestDispatcherServlet.service(TestDispatcherServlet.java:72)
	at jakarta.servlet.http.HttpServlet.service(HttpServlet.java:658)
	at org.springframework.mock.web.MockFilterChain$ServletFilterProxy.doFilter(MockFilterChain.java:165)
	at org.springframework.mock.web.MockFilterChain.doFilter(MockFilterChain.java:132)
	at org.springframework.web.filter.RequestContextFilter.doFilterInternal(RequestContextFilter.java:100)
	at org.springframework.web.filter.OncePerRequestFilter.doFilter(OncePerRequestFilter.java:116)
	at org.springframework.test.web.servlet.setup.MockMvcFilterDecorator.doFilter(MockMvcFilterDecorator.java:162)
	at org.springframework.mock.web.MockFilterChain.doFilter(MockFilterChain.java:132)
	at org.springframework.web.filter.FormContentFilter.doFilterInternal(FormContentFilter.java:93)
	at org.springframework.web.filter.OncePerRequestFilter.doFilter(OncePerRequestFilter.java:116)
	at org.springframework.test.web.servlet.setup.MockMvcFilterDecorator.doFilter(MockMvcFilterDecorator.java:162)
	at org.springframework.mock.web.MockFilterChain.doFilter(MockFilterChain.java:132)
	at org.springframework.web.filter.CharacterEncodingFilter.doFilterInternal(CharacterEncodingFilter.java:201)
	at org.springframework.web.filter.OncePerRequestFilter.doFilter(OncePerRequestFilter.java:116)
	at org.springframework.test.web.servlet.setup.MockMvcFilterDecorator.doFilter(MockMvcFilterDecorator.java:162)
	at org.springframework.mock.web.MockFilterChain.doFilter(MockFilterChain.java:132)
	at org.springframework.test.web.servlet.MockMvc.perform(MockMvc.java:201)
	at com.examly.springapp.SpringappApplicationTests.Day13_testAddPurchaseOrderItem(SpringappApplicationTests.java:882)
	at java.base/java.lang.reflect.Method.invoke(Method.java:580)
	at java.base/java.util.ArrayList.forEach(ArrayList.java:1596)
	at java.base/java.util.ArrayList.forEach(ArrayList.java:1596)
Caused by: org.springframework.dao.DataIntegrityViolationException: could not execute statement [Cannot add or update a child row: a foreign key constraint fails (`springapp_db`.`purchase_order_item`, CONSTRAINT `FKs3uske0upa0jymmqr7dwgbrsx` FOREIGN KEY (`purchase_order_purchase_order_id`) REFERENCES `purchase_order` (`purchase_order_id`))] [insert into purchase_order_item (product_product_id,purchase_order_purchase_order_id,quantity,unit_price) values (?,?,?,?)]; SQL [insert into purchase_order_item (product_product_id,purchase_order_purchase_order_id,quantity,unit_price) values (?,?,?,?)]; constraint [null]
	at org.springframework.orm.jpa.vendor.HibernateJpaDialect.convertHibernateAccessException(HibernateJpaDialect.java:294)
	at org.springframework.orm.jpa.vendor.HibernateJpaDialect.convertHibernateAccessException(HibernateJpaDialect.java:256)
	at org.springframework.orm.jpa.vendor.HibernateJpaDialect.translateExceptionIfPossible(HibernateJpaDialect.java:241)
	at org.springframework.orm.jpa.AbstractEntityManagerFactoryBean.translateExceptionIfPossible(AbstractEntityManagerFactoryBean.java:560)
	at org.springframework.dao.support.ChainedPersistenceExceptionTranslator.translateExceptionIfPossible(ChainedPersistenceExceptionTranslator.java:61)
	at org.springframework.dao.support.DataAccessUtils.translateIfNecessary(DataAccessUtils.java:343)
	at org.springframework.dao.support.PersistenceExceptionTranslationInterceptor.invoke(PersistenceExceptionTranslationInterceptor.java:160)
	at org.springframework.aop.framework.ReflectiveMethodInvocation.proceed(ReflectiveMethodInvocation.java:184)
	at org.springframework.data.jpa.repository.support.CrudMethodMetadataPostProcessor$CrudMethodMetadataPopulatingMethodInterceptor.invoke(CrudMethodMetadataPostProcessor.java:165)
	at org.springframework.aop.framework.ReflectiveMethodInvocation.proceed(ReflectiveMethodInvocation.java:184)
	at org.springframework.aop.framework.JdkDynamicAopProxy.invoke(JdkDynamicAopProxy.java:223)
	at jdk.proxy2/jdk.proxy2.$Proxy132.save(Unknown Source)
	at com.examly.springapp.controller.PurchaseOrderItemController.create(PurchaseOrderItemController.java:20)
	at java.base/jdk.internal.reflect.DirectMethodHandleAccessor.invoke(DirectMethodHandleAccessor.java:103)
	at java.base/java.lang.reflect.Method.invoke(Method.java:580)
	at org.springframework.web.method.support.InvocableHandlerMethod.doInvoke(InvocableHandlerMethod.java:258)
	at org.springframework.web.method.support.InvocableHandlerMethod.invokeForRequest(InvocableHandlerMethod.java:191)
	at org.springframework.web.servlet.mvc.method.annotation.ServletInvocableHandlerMethod.invokeAndHandle(ServletInvocableHandlerMethod.java:118)
	at org.springframework.web.servlet.mvc.method.annotation.RequestMappingHandlerAdapter.invokeHandlerMethod(RequestMappingHandlerAdapter.java:991)
	at org.springframework.web.servlet.mvc.method.annotation.RequestMappingHandlerAdapter.handleInternal(RequestMappingHandlerAdapter.java:896)
	at org.springframework.web.servlet.mvc.method.AbstractHandlerMethodAdapter.handle(AbstractHandlerMethodAdapter.java:87)
	at org.springframework.web.servlet.DispatcherServlet.doDispatch(DispatcherServlet.java:1089)
	at org.springframework.web.servlet.DispatcherServlet.doService(DispatcherServlet.java:979)
	at org.springframework.web.servlet.FrameworkServlet.processRequest(FrameworkServlet.java:1014)
	... 24 more
Caused by: org.hibernate.exception.ConstraintViolationException: could not execute statement [Cannot add or update a child row: a foreign key constraint fails (`springapp_db`.`purchase_order_item`, CONSTRAINT `FKs3uske0upa0jymmqr7dwgbrsx` FOREIGN KEY (`purchase_order_purchase_order_id`) REFERENCES `purchase_order` (`purchase_order_id`))] [insert into purchase_order_item (product_product_id,purchase_order_purchase_order_id,quantity,unit_price) values (?,?,?,?)]
	at org.hibernate.exception.internal.SQLExceptionTypeDelegate.convert(SQLExceptionTypeDelegate.java:62)
	at org.hibernate.exception.internal.StandardSQLExceptionConverter.convert(StandardSQLExceptionConverter.java:58)
	at org.hibernate.engine.jdbc.spi.SqlExceptionHelper.convert(SqlExceptionHelper.java:108)
	at org.hibernate.engine.jdbc.internal.ResultSetReturnImpl.executeUpdate(ResultSetReturnImpl.java:197)
	at org.hibernate.id.insert.GetGeneratedKeysDelegate.performMutation(GetGeneratedKeysDelegate.java:116)
	at org.hibernate.engine.jdbc.mutation.internal.MutationExecutorSingleNonBatched.performNonBatchedOperations(MutationExecutorSingleNonBatched.java:47)
	at org.hibernate.engine.jdbc.mutation.internal.AbstractMutationExecutor.execute(AbstractMutationExecutor.java:55)
	at org.hibernate.persister.entity.mutation.InsertCoordinatorStandard.doStaticInserts(InsertCoordinatorStandard.java:194)
	at org.hibernate.persister.entity.mutation.InsertCoordinatorStandard.coordinateInsert(InsertCoordinatorStandard.java:132)
	at org.hibernate.persister.entity.mutation.InsertCoordinatorStandard.insert(InsertCoordinatorStandard.java:95)
	at org.hibernate.action.internal.EntityIdentityInsertAction.execute(EntityIdentityInsertAction.java:85)
	at org.hibernate.engine.spi.ActionQueue.execute(ActionQueue.java:682)
	at org.hibernate.engine.spi.ActionQueue.addResolvedEntityInsertAction(ActionQueue.java:293)
	at org.hibernate.engine.spi.ActionQueue.addInsertAction(ActionQueue.java:274)
	at org.hibernate.engine.spi.ActionQueue.addAction(ActionQueue.java:324)
	at org.hibernate.event.internal.AbstractSaveEventListener.addInsertAction(AbstractSaveEventListener.java:394)
	at org.hibernate.event.internal.AbstractSaveEventListener.performSaveOrReplicate(AbstractSaveEventListener.java:308)
	at org.hibernate.event.internal.AbstractSaveEventListener.performSave(AbstractSaveEventListener.java:224)
	at org.hibernate.event.internal.AbstractSaveEventListener.saveWithGeneratedId(AbstractSaveEventListener.java:136)
	at org.hibernate.event.internal.DefaultPersistEventListener.entityIsTransient(DefaultPersistEventListener.java:177)
	at org.hibernate.event.internal.DefaultPersistEventListener.persist(DefaultPersistEventListener.java:95)
	at org.hibernate.event.internal.DefaultPersistEventListener.onPersist(DefaultPersistEventListener.java:79)
	at org.hibernate.event.internal.DefaultPersistEventListener.onPersist(DefaultPersistEventListener.java:55)
	at org.hibernate.event.service.internal.EventListenerGroupImpl.fireEventOnEachListener(EventListenerGroupImpl.java:127)
	at org.hibernate.internal.SessionImpl.firePersist(SessionImpl.java:761)
	at org.hibernate.internal.SessionImpl.persist(SessionImpl.java:745)
	at java.base/jdk.internal.reflect.DirectMethodHandleAccessor.invoke(DirectMethodHandleAccessor.java:103)
	at java.base/java.lang.reflect.Method.invoke(Method.java:580)
	at org.springframework.orm.jpa.ExtendedEntityManagerCreator$ExtendedEntityManagerInvocationHandler.invoke(ExtendedEntityManagerCreator.java:364)
	at jdk.proxy2/jdk.proxy2.$Proxy124.persist(Unknown Source)
	at java.base/jdk.internal.reflect.DirectMethodHandleAccessor.invoke(DirectMethodHandleAccessor.java:103)
	at java.base/java.lang.reflect.Method.invoke(Method.java:580)
	at org.springframework.orm.jpa.SharedEntityManagerCreator$SharedEntityManagerInvocationHandler.invoke(SharedEntityManagerCreator.java:320)
	at jdk.proxy2/jdk.proxy2.$Proxy124.persist(Unknown Source)
	at org.springframework.data.jpa.repository.support.SimpleJpaRepository.save(SimpleJpaRepository.java:636)
	at java.base/jdk.internal.reflect.DirectMethodHandleAccessor.invoke(DirectMethodHandleAccessor.java:103)
	at java.base/java.lang.reflect.Method.invoke(Method.java:580)
	at org.springframework.aop.support.AopUtils.invokeJoinpointUsingReflection(AopUtils.java:360)
	at org.springframework.data.repository.core.support.RepositoryMethodInvoker$RepositoryFragmentMethodInvoker.lambda$new$0(RepositoryMethodInvoker.java:277)
	at org.springframework.data.repository.core.support.RepositoryMethodInvoker.doInvoke(RepositoryMethodInvoker.java:170)
	at org.springframework.data.repository.core.support.RepositoryMethodInvoker.invoke(RepositoryMethodInvoker.java:158)
	at org.springframework.data.repository.core.support.RepositoryComposition$RepositoryFragments.invoke(RepositoryComposition.java:515)
	at org.springframework.data.repository.core.support.RepositoryComposition.invoke(RepositoryComposition.java:284)
	at org.springframework.data.repository.core.support.RepositoryFactorySupport$ImplementationMethodExecutionInterceptor.invoke(RepositoryFactorySupport.java:731)
	at org.springframework.aop.framework.ReflectiveMethodInvocation.proceed(ReflectiveMethodInvocation.java:184)
	at org.springframework.data.repository.core.support.QueryExecutorMethodInterceptor.doInvoke(QueryExecutorMethodInterceptor.java:174)
	at org.springframework.data.repository.core.support.QueryExecutorMethodInterceptor.invoke(QueryExecutorMethodInterceptor.java:149)
	at org.springframework.aop.framework.ReflectiveMethodInvocation.proceed(ReflectiveMethodInvocation.java:184)
	at org.springframework.data.projection.DefaultMethodInvokingMethodInterceptor.invoke(DefaultMethodInvokingMethodInterceptor.java:69)
	at org.springframework.aop.framework.ReflectiveMethodInvocation.proceed(ReflectiveMethodInvocation.java:184)
	at org.springframework.transaction.interceptor.TransactionAspectSupport.invokeWithinTransaction(TransactionAspectSupport.java:380)
	at org.springframework.transaction.interceptor.TransactionInterceptor.invoke(TransactionInterceptor.java:119)
	at org.springframework.aop.framework.ReflectiveMethodInvocation.proceed(ReflectiveMethodInvocation.java:184)
	at org.springframework.dao.support.PersistenceExceptionTranslationInterceptor.invoke(PersistenceExceptionTranslationInterceptor.java:138)
	... 41 more
Caused by: java.sql.SQLIntegrityConstraintViolationException: Cannot add or update a child row: a foreign key constraint fails (`springapp_db`.`purchase_order_item`, CONSTRAINT `FKs3uske0upa0jymmqr7dwgbrsx` FOREIGN KEY (`purchase_order_purchase_order_id`) REFERENCES `purchase_order` (`purchase_order_id`))
	at com.mysql.cj.jdbc.exceptions.SQLError.createSQLException(SQLError.java:109)
	at com.mysql.cj.jdbc.exceptions.SQLExceptionsMapping.translateException(SQLExceptionsMapping.java:114)
	at com.mysql.cj.jdbc.ClientPreparedStatement.executeInternal(ClientPreparedStatement.java:988)
	at com.mysql.cj.jdbc.ClientPreparedStatement.executeUpdateInternal(ClientPreparedStatement.java:1166)
	at com.mysql.cj.jdbc.ClientPreparedStatement.executeUpdateInternal(ClientPreparedStatement.java:1101)
	at com.mysql.cj.jdbc.ClientPreparedStatement.executeLargeUpdate(ClientPreparedStatement.java:1448)
	at com.mysql.cj.jdbc.ClientPreparedStatement.executeUpdate(ClientPreparedStatement.java:1084)
	at com.zaxxer.hikari.pool.ProxyPreparedStatement.executeUpdate(ProxyPreparedStatement.java:61)
	at com.zaxxer.hikari.pool.HikariProxyPreparedStatement.executeUpdate(HikariProxyPreparedStatement.java)
	at org.hibernate.engine.jdbc.internal.ResultSetReturnImpl.executeUpdate(ResultSetReturnImpl.java:194)
	... 91 more

com.examly.springapp.SpringappApplicationTests.Day13_testGetPurchaseOrderItemsByOrderId -- Time elapsed: 0.023 s <<< FAILURE!
java.lang.AssertionError: No value at JSON path "$[0].quantity"
	at org.springframework.test.util.JsonPathExpectationsHelper.evaluateJsonPath(JsonPathExpectationsHelper.java:351)
	at org.springframework.test.util.JsonPathExpectationsHelper.assertValue(JsonPathExpectationsHelper.java:148)
	at org.springframework.test.web.servlet.result.JsonPathResultMatchers.lambda$value$2(JsonPathResultMatchers.java:112)
	at org.springframework.test.web.servlet.MockMvc$1.andExpect(MockMvc.java:214)
	at com.examly.springapp.SpringappApplicationTests.Day13_testGetPurchaseOrderItemsByOrderId(SpringappApplicationTests.java:896)
	at java.base/java.lang.reflect.Method.invoke(Method.java:580)
	at java.base/java.util.ArrayList.forEach(ArrayList.java:1596)
	at java.base/java.util.ArrayList.forEach(ArrayList.java:1596)
Caused by: com.jayway.jsonpath.PathNotFoundException: No results for path: $[0]['quantity']

