<?xml version="1.0" encoding="UTF-8"?>
<testsuite xmlns:xsi="http://www.w3.org/2001/XMLSchema-instance" xsi:noNamespaceSchemaLocation="https://maven.apache.org/surefire/maven-surefire-plugin/xsd/surefire-test-report.xsd" version="3.0.2" name="com.examly.springapp.SpringappApplicationTests" time="7.626" tests="80" errors="1" skipped="0" failures="13">
  <properties>
[...]
</properties>
  <testcase name="Day3_test_Controller_Directory_Exists" classname="com.examly.springapp.SpringappApplicationTests" time="0.427">
    <system-out><![CDATA[20:03:25.486 [main] INFO org.springframework.test.context.support.AnnotationConfigContextLoaderUtils -- Could not detect default configuration classes for test class [com.examly.springapp.SpringappApplicationTests]: SpringappApplicationTests does not declare any static, non-private, non-final, nested classes annotated with @Configuration.
20:03:25.660 [main] INFO org.springframework.boot.test.context.SpringBootTestContextBootstrapper -- Found @SpringBootConfiguration com.examly.springapp.SpringappApplication for test class com.examly.springapp.SpringappApplicationTests
20:03:25.867 [main] INFO org.springframework.boot.devtools.restart.RestartApplicationListener -- Restart disabled due to context in which it is running

  .   ____          _            __ _ _
 /\\ / ___'_ __ _ _(_)_ __  __ _ \ \ \ \
( ( )\___ | '_ | '_| | '_ \/ _` | \ \ \ \
 \\/  ___)| |_)| | | | | || (_| |  ) ) ) )
  '  |____| .__|_| |_|_| |_\__, | / / / /
 =========|_|==============|___/=/_/_/_/

 :: Spring Boot ::               (v3.4.12)

2025-12-28T20:03:26.176+05:30  INFO 23748 --- [           main] c.e.springapp.SpringappApplicationTests  : Starting SpringappApplicationTests using Java 21.0.9 with PID 23748 (started by Sujan C in d:\final-project\springapp)
2025-12-28T20:03:26.177+05:30  INFO 23748 --- [           main] c.e.springapp.SpringappApplicationTests  : No active profile set, falling back to 1 default profile: "default"
2025-12-28T20:03:26.893+05:30  INFO 23748 --- [           main] .s.d.r.c.RepositoryConfigurationDelegate : Bootstrapping Spring Data JPA repositories in DEFAULT mode.
2025-12-28T20:03:26.959+05:30  INFO 23748 --- [           main] .s.d.r.c.RepositoryConfigurationDelegate : Finished Spring Data repository scanning in 58 ms. Found 5 JPA repository interfaces.
2025-12-28T20:03:27.602+05:30  INFO 23748 --- [           main] o.hibernate.jpa.internal.util.LogHelper  : HHH000204: Processing PersistenceUnitInfo [name: default]
2025-12-28T20:03:27.655+05:30  INFO 23748 --- [           main] org.hibernate.Version                    : HHH000412: Hibernate ORM core version 6.6.36.Final
2025-12-28T20:03:27.683+05:30  INFO 23748 --- [           main] o.h.c.internal.RegionFactoryInitiator    : HHH000026: Second-level cache disabled
2025-12-28T20:03:28.122+05:30  INFO 23748 --- [           main] o.s.o.j.p.SpringPersistenceUnitInfo      : No LoadTimeWeaver setup: ignoring JPA class transformer
2025-12-28T20:03:28.161+05:30  INFO 23748 --- [           main] com.zaxxer.hikari.HikariDataSource       : HikariPool-1 - Starting...
2025-12-28T20:03:28.610+05:30  INFO 23748 --- [           main] com.zaxxer.hikari.pool.HikariPool        : HikariPool-1 - Added connection com.mysql.cj.jdbc.ConnectionImpl@4ec8d9b2
2025-12-28T20:03:28.613+05:30  INFO 23748 --- [           main] com.zaxxer.hikari.HikariDataSource       : HikariPool-1 - Start completed.
2025-12-28T20:03:28.675+05:30  INFO 23748 --- [           main] org.hibernate.orm.connections.pooling    : HHH10001005: Database info:
	Database JDBC URL [Connecting through datasource 'HikariDataSource (HikariPool-1)']
	Database driver: undefined/unknown
	Database version: 8.0.44
	Autocommit mode: undefined/unknown
	Isolation level: undefined/unknown
	Minimum pool size: undefined/unknown
	Maximum pool size: undefined/unknown
2025-12-28T20:03:29.473+05:30  INFO 23748 --- [           main] o.h.e.t.j.p.i.JtaPlatformInitiator       : HHH000489: No JTA platform available (set 'hibernate.transaction.jta.platform' to enable JTA platform integration)
2025-12-28T20:03:29.568+05:30  INFO 23748 --- [           main] j.LocalContainerEntityManagerFactoryBean : Initialized JPA EntityManagerFactory for persistence unit 'default'
2025-12-28T20:03:30.233+05:30  WARN 23748 --- [           main] JpaBaseConfiguration$JpaWebConfiguration : spring.jpa.open-in-view is enabled by default. Therefore, database queries may be performed during view rendering. Explicitly configure spring.jpa.open-in-view to disable this warning
2025-12-28T20:03:30.829+05:30  INFO 23748 --- [           main] o.s.b.t.m.w.SpringBootMockServletContext : Initializing Spring TestDispatcherServlet ''
2025-12-28T20:03:30.829+05:30  INFO 23748 --- [           main] o.s.t.web.servlet.TestDispatcherServlet  : Initializing Servlet ''
2025-12-28T20:03:30.831+05:30  INFO 23748 --- [           main] o.s.t.web.servlet.TestDispatcherServlet  : Completed initialization in 1 ms
2025-12-28T20:03:30.864+05:30  INFO 23748 --- [           main] c.e.springapp.SpringappApplicationTests  : Started SpringappApplicationTests in 5.006 seconds (process running for 6.274)
]]></system-out>
    <system-err><![CDATA[Mockito is currently self-attaching to enable the inline-mock-maker. This will no longer work in future releases of the JDK. Please add Mockito as an agent to your build what is described in Mockito's documentation: https://javadoc.io/doc/org.mockito/mockito-core/latest/org/mockito/Mockito.html#0.3
WARNING: A Java agent has been loaded dynamically (C:\Users\Sujan C\.m2\repository\net\bytebuddy\byte-buddy-agent\1.15.11\byte-buddy-agent-1.15.11.jar)
WARNING: If a serviceability tool is in use, please run with -XX:+EnableDynamicAgentLoading to hide this warning
WARNING: If a serviceability tool is not in use, please run with -Djdk.instrument.traceUsage for more information
WARNING: Dynamic loading of agents will be disallowed by default in a future release
]]></system-err>
  </testcase>
  <testcase name="Day3_test_Model_Directory_Exists" classname="com.examly.springapp.SpringappApplicationTests" time="0.005"/>
  <testcase name="Day3_test_Service_Directory_Exists" classname="com.examly.springapp.SpringappApplicationTests" time="0.004"/>
  <testcase name="Day3_test_Repository_Directory_Exists" classname="com.examly.springapp.SpringappApplicationTests" time="0.004"/>
  <testcase name="Day4_test_ProductModel_File_Exists" classname="com.examly.springapp.SpringappApplicationTests" time="0.006"/>
  <testcase name="Day4_test_SupplierModel_File_Exists" classname="com.examly.springapp.SpringappApplicationTests" time="0.008"/>
  <testcase name="Day4_test_PurchaseOrderModel_File_Exists" classname="com.examly.springapp.SpringappApplicationTests" time="0.006"/>
  <testcase name="Day4_test_PurchaseOrderItemModel_File_Exists" classname="com.examly.springapp.SpringappApplicationTests" time="0.004"/>
  <testcase name="Day4_test_CustomerReturnModel_File_Exists" classname="com.examly.springapp.SpringappApplicationTests" time="0.006"/>
  <testcase name="Day4_test_Product_Has_Entity_Annotation" classname="com.examly.springapp.SpringappApplicationTests" time="0.005"/>
  <testcase name="Day4_test_Product_Has_Id_Annotation" classname="com.examly.springapp.SpringappApplicationTests" time="0.004"/>
  <testcase name="Day4_test_Supplier_Has_Entity_Annotation" classname="com.examly.springapp.SpringappApplicationTests" time="0.005"/>
  <testcase name="Day4_test_Supplier_Has_Id_Annotation" classname="com.examly.springapp.SpringappApplicationTests" time="0.004"/>
  <testcase name="Day4_test_CustomerReturn_Has_Entity_Annotation" classname="com.examly.springapp.SpringappApplicationTests" time="0.004"/>
  <testcase name="Day4_test_PurchaseOrder_Has_Entity_Annotation" classname="com.examly.springapp.SpringappApplicationTests" time="0.003"/>
  <testcase name="Day4_test_PurchaseOrderItem_Has_Entity_Annotation" classname="com.examly.springapp.SpringappApplicationTests" time="0.002"/>
  <testcase name="Day5_test_ProductRepo_File_Exists" classname="com.examly.springapp.SpringappApplicationTests" time="0.003"/>
  <testcase name="Day5_test_SupplierRepo_File_Exists" classname="com.examly.springapp.SpringappApplicationTests" time="0.004"/>
  <testcase name="Day5_test_PurchaseOrderRepo_File_Exists" classname="com.examly.springapp.SpringappApplicationTests" time="0.005"/>
  <testcase name="Day5_test_PurchaseOrderItemRepo_File_Exists" classname="com.examly.springapp.SpringappApplicationTests" time="0.003"/>
  <testcase name="Day5_test_CustomerReturnRepo_File_Exists" classname="com.examly.springapp.SpringappApplicationTests" time="0.002"/>
  <testcase name="Day5_test_ProductRepo_Has_Repository_Annotation" classname="com.examly.springapp.SpringappApplicationTests" time="0.002"/>
  <testcase name="Day5_test_SupplierRepo_Has_Repository_Annotation" classname="com.examly.springapp.SpringappApplicationTests" time="0.002"/>
  <testcase name="Day5_test_CustomerReturnRepo_Has_Repository_Annotation" classname="com.examly.springapp.SpringappApplicationTests" time="0.002"/>
  <testcase name="Day5_test_PurchaseOrderRepo_Has_Repository_Annotation" classname="com.examly.springapp.SpringappApplicationTests" time="0.003"/>
  <testcase name="Day5_test_PurchaseOrderItemRepo_Has_Repository_Annotation" classname="com.examly.springapp.SpringappApplicationTests" time="0.003"/>
  <testcase name="Day6_test_ProductController_File_Exists" classname="com.examly.springapp.SpringappApplicationTests" time="0.002"/>
  <testcase name="Day6_test_SupplierController_File_Exists" classname="com.examly.springapp.SpringappApplicationTests" time="0.002"/>
  <testcase name="Day6_test_PurchaseOrderController_File_Exists" classname="com.examly.springapp.SpringappApplicationTests" time="0.003"/>
  <testcase name="Day6_test_CustomerReturnController_File_Exists" classname="com.examly.springapp.SpringappApplicationTests" time="0.005"/>
  <testcase name="Day6_test_PurchaseOrderItemController_File_Exists" classname="com.examly.springapp.SpringappApplicationTests" time="0.003"/>
  <testcase name="Day6_test_ProductController_Has_RestController_Annotation" classname="com.examly.springapp.SpringappApplicationTests" time="0.003"/>
  <testcase name="Day6_test_SupplierController_Has_RestController_Annotation" classname="com.examly.springapp.SpringappApplicationTests" time="0.002"/>
  <testcase name="Day6_test_PurchaseOrderController_Has_RestController_Annotation" classname="com.examly.springapp.SpringappApplicationTests" time="0.002"/>
  <testcase name="Day6_test_CustomerReturnController_Has_RestController_Annotation" classname="com.examly.springapp.SpringappApplicationTests" time="0.002"/>
  <testcase name="Day6_test_PurchaseOrderItemController_Has_RestController_Annotation" classname="com.examly.springapp.SpringappApplicationTests" time="0.004"/>
  <testcase name="Day6_test_ProductController_Has_PostMapping" classname="com.examly.springapp.SpringappApplicationTests" time="0.003"/>
  <testcase name="Day6_test_ProductController_Has_GetMapping" classname="com.examly.springapp.SpringappApplicationTests" time="0.003"/>
  <testcase name="Day6_test_ProductController_Has_PutMapping" classname="com.examly.springapp.SpringappApplicationTests" time="0.002"/>
  <testcase name="Day6_test_ProductController_Has_DeleteMapping" classname="com.examly.springapp.SpringappApplicationTests" time="0.005"/>
  <testcase name="Day6_test_SupplierController_Has_PostMapping" classname="com.examly.springapp.SpringappApplicationTests" time="0.002"/>
  <testcase name="Day6_testCreateProduct_NoBody_StatusBadRequest" classname="com.examly.springapp.SpringappApplicationTests" time="0.214">
    <failure message="Status expected:&lt;400&gt; but was:&lt;415&gt;" type="java.lang.AssertionError"><![CDATA[java.lang.AssertionError: Status expected:<400> but was:<415>
	at org.springframework.test.util.AssertionErrors.fail(AssertionErrors.java:61)
	at org.springframework.test.util.AssertionErrors.assertEquals(AssertionErrors.java:128)
	at org.springframework.test.web.servlet.result.StatusResultMatchers.lambda$matcher$9(StatusResultMatchers.java:640)
	at org.springframework.test.web.servlet.MockMvc$1.andExpect(MockMvc.java:214)
	at com.examly.springapp.SpringappApplicationTests.Day6_testCreateProduct_NoBody_StatusBadRequest(SpringappApplicationTests.java:514)
	at java.base/java.lang.reflect.Method.invoke(Method.java:580)
	at java.base/java.util.ArrayList.forEach(ArrayList.java:1596)
	at java.base/java.util.ArrayList.forEach(ArrayList.java:1596)
]]></failure>
    <system-out><![CDATA[2025-12-28T20:03:31.691+05:30  WARN 23748 --- [           main] .c.j.MappingJackson2HttpMessageConverter : Failed to evaluate Jackson deserialization for type [[simple type, class com.examly.springapp.model.Product]]: com.fasterxml.jackson.databind.exc.InvalidDefinitionException: Cannot handle managed/back reference 'defaultReference': no back reference property found from type `java.util.List<com.examly.springapp.model.PurchaseOrderItem>`
2025-12-28T20:03:31.695+05:30  WARN 23748 --- [           main] .c.j.MappingJackson2HttpMessageConverter : Failed to evaluate Jackson deserialization for type [[simple type, class com.examly.springapp.model.Product]]: com.fasterxml.jackson.databind.exc.InvalidDefinitionException: Cannot handle managed/back reference 'defaultReference': no back reference property found from type `java.util.List<com.examly.springapp.model.PurchaseOrderItem>`
2025-12-28T20:03:31.705+05:30  WARN 23748 --- [           main] .w.s.m.s.DefaultHandlerExceptionResolver : Resolved [org.springframework.web.HttpMediaTypeNotSupportedException: Content-Type 'application/json;charset=UTF-8' is not supported]

MockHttpServletRequest:
      HTTP Method = POST
      Request URI = /api/products
       Parameters = {}
          Headers = [Content-Type:"application/json;charset=UTF-8"]
             Body = null
    Session Attrs = {}

Handler:
             Type = com.examly.springapp.controller.ProductController
           Method = com.examly.springapp.controller.ProductController#create(Product)

Async:
    Async started = false
     Async result = null

Resolved Exception:
             Type = org.springframework.web.HttpMediaTypeNotSupportedException

ModelAndView:
        View name = null
             View = null
            Model = null

FlashMap:
       Attributes = null

MockHttpServletResponse:
           Status = 415
    Error message = Content-Type 'application/json;charset=UTF-8' is not supported.
          Headers = [Accept:"application/json, application/*+json"]
     Content type = null
             Body = 
    Forwarded URL = null
   Redirected URL = null
          Cookies = []
]]></system-out>
  </testcase>
  <testcase name="Day6_testGetAllProducts_StatusNoContent" classname="com.examly.springapp.SpringappApplicationTests" time="0.16">
    <failure message="Status expected:&lt;204&gt; but was:&lt;200&gt;" type="java.lang.AssertionError"><![CDATA[java.lang.AssertionError: Status expected:<204> but was:<200>
	at org.springframework.test.util.AssertionErrors.fail(AssertionErrors.java:61)
	at org.springframework.test.util.AssertionErrors.assertEquals(AssertionErrors.java:128)
	at org.springframework.test.web.servlet.result.StatusResultMatchers.lambda$matcher$9(StatusResultMatchers.java:640)
	at org.springframework.test.web.servlet.MockMvc$1.andExpect(MockMvc.java:214)
	at com.examly.springapp.SpringappApplicationTests.Day6_testGetAllProducts_StatusNoContent(SpringappApplicationTests.java:521)
	at java.base/java.lang.reflect.Method.invoke(Method.java:580)
	at java.base/java.util.ArrayList.forEach(ArrayList.java:1596)
	at java.base/java.util.ArrayList.forEach(ArrayList.java:1596)
]]></failure>
    <system-out><![CDATA[Hibernate: select p1_0.product_id,p1_0.description,p1_0.price,p1_0.product_name,p1_0.stock_quantity from product p1_0
Hibernate: select poi1_0.product_product_id,poi1_0.purchase_order_item_id,po1_0.purchase_order_id,po1_0.order_date,po1_0.order_number,po1_0.status,s1_0.supplier_id,s1_0.address,s1_0.contact_number,s1_0.email,s1_0.supplier_name,poi1_0.quantity,poi1_0.unit_price from purchase_order_item poi1_0 left join purchase_order po1_0 on po1_0.purchase_order_id=poi1_0.purchase_order_purchase_order_id left join supplier s1_0 on s1_0.supplier_id=po1_0.supplier_supplier_id where poi1_0.product_product_id=?
Hibernate: select cr1_0.product_product_id,cr1_0.customer_return_id,cr1_0.quantity,cr1_0.reason,cr1_0.return_date from customer_return cr1_0 where cr1_0.product_product_id=?
Hibernate: select poi1_0.product_product_id,poi1_0.purchase_order_item_id,po1_0.purchase_order_id,po1_0.order_date,po1_0.order_number,po1_0.status,s1_0.supplier_id,s1_0.address,s1_0.contact_number,s1_0.email,s1_0.supplier_name,poi1_0.quantity,poi1_0.unit_price from purchase_order_item poi1_0 left join purchase_order po1_0 on po1_0.purchase_order_id=poi1_0.purchase_order_purchase_order_id left join supplier s1_0 on s1_0.supplier_id=po1_0.supplier_supplier_id where poi1_0.product_product_id=?
Hibernate: select cr1_0.product_product_id,cr1_0.customer_return_id,cr1_0.quantity,cr1_0.reason,cr1_0.return_date from customer_return cr1_0 where cr1_0.product_product_id=?
Hibernate: select poi1_0.product_product_id,poi1_0.purchase_order_item_id,po1_0.purchase_order_id,po1_0.order_date,po1_0.order_number,po1_0.status,s1_0.supplier_id,s1_0.address,s1_0.contact_number,s1_0.email,s1_0.supplier_name,poi1_0.quantity,poi1_0.unit_price from purchase_order_item poi1_0 left join purchase_order po1_0 on po1_0.purchase_order_id=poi1_0.purchase_order_purchase_order_id left join supplier s1_0 on s1_0.supplier_id=po1_0.supplier_supplier_id where poi1_0.product_product_id=?
Hibernate: select cr1_0.product_product_id,cr1_0.customer_return_id,cr1_0.quantity,cr1_0.reason,cr1_0.return_date from customer_return cr1_0 where cr1_0.product_product_id=?
Hibernate: select poi1_0.product_product_id,poi1_0.purchase_order_item_id,po1_0.purchase_order_id,po1_0.order_date,po1_0.order_number,po1_0.status,s1_0.supplier_id,s1_0.address,s1_0.contact_number,s1_0.email,s1_0.supplier_name,poi1_0.quantity,poi1_0.unit_price from purchase_order_item poi1_0 left join purchase_order po1_0 on po1_0.purchase_order_id=poi1_0.purchase_order_purchase_order_id left join supplier s1_0 on s1_0.supplier_id=po1_0.supplier_supplier_id where poi1_0.product_product_id=?
Hibernate: select cr1_0.product_product_id,cr1_0.customer_return_id,cr1_0.quantity,cr1_0.reason,cr1_0.return_date from customer_return cr1_0 where cr1_0.product_product_id=?

MockHttpServletRequest:
      HTTP Method = GET
      Request URI = /api/products
       Parameters = {}
          Headers = []
             Body = null
    Session Attrs = {}

Handler:
             Type = com.examly.springapp.controller.ProductController
           Method = com.examly.springapp.controller.ProductController#getAll()

Async:
    Async started = false
     Async result = null

Resolved Exception:
             Type = null

ModelAndView:
        View name = null
             View = null
            Model = null

FlashMap:
       Attributes = null

MockHttpServletResponse:
           Status = 200
    Error message = null
          Headers = [Content-Type:"application/json"]
     Content type = application/json
             Body = [{"productId":1,"productName":"T-SHIRT","description":"Fasion","price":999.0,"stockQuantity":561,"purchaseOrderItems":[],"customerReturns":[]},{"productId":2,"productName":"SHIRT","description":"Fasion","price":2999.0,"stockQuantity":51,"purchaseOrderItems":[],"customerReturns":[]},{"productId":3,"productName":"PANT","description":"Fasion","price":1599.0,"stockQuantity":150,"purchaseOrderItems":[],"customerReturns":[]},{"productId":4,"productName":"Laptop","description":"Gaming Laptop","price":1000.0,"stockQuantity":50,"purchaseOrderItems":[],"customerReturns":[]}]
    Forwarded URL = null
   Redirected URL = null
          Cookies = []
]]></system-out>
  </testcase>
  <testcase name="Day7_test_ProductController_Has_RequestMapping" classname="com.examly.springapp.SpringappApplicationTests" time="0.003"/>
  <testcase name="Day7_test_ProductController_Has_PathVariable" classname="com.examly.springapp.SpringappApplicationTests" time="0.004"/>
  <testcase name="Day7_test_SupplierController_Has_RequestMapping" classname="com.examly.springapp.SpringappApplicationTests" time="0.002"/>
  <testcase name="Day7_test_SupplierController_Has_PathVariable" classname="com.examly.springapp.SpringappApplicationTests" time="0.002"/>
  <testcase name="Day7_test_PurchaseOrderController_Has_RequestMapping" classname="com.examly.springapp.SpringappApplicationTests" time="0.001"/>
  <testcase name="Day7_test_CustomerReturnController_Has_RequestMapping" classname="com.examly.springapp.SpringappApplicationTests" time="0.002"/>
  <testcase name="Day8_test_ProductService_File_Exists" classname="com.examly.springapp.SpringappApplicationTests" time="0.002"/>
  <testcase name="Day8_test_SupplierService_File_Exists" classname="com.examly.springapp.SpringappApplicationTests" time="0.002"/>
  <testcase name="Day8_test_CustomerReturnService_File_Exists" classname="com.examly.springapp.SpringappApplicationTests" time="0.003"/>
  <testcase name="Day8_test_PurchaseOrderService_File_Exists" classname="com.examly.springapp.SpringappApplicationTests" time="0.003"/>
  <testcase name="Day8_test_PurchaseOrderItemService_File_Exists" classname="com.examly.springapp.SpringappApplicationTests" time="0.002"/>
  <testcase name="Day8_test_ProductServiceImpl_File_Exists" classname="com.examly.springapp.SpringappApplicationTests" time="0.001"/>
  <testcase name="Day8_test_SupplierServiceImpl_File_Exists" classname="com.examly.springapp.SpringappApplicationTests" time="0.001"/>
  <testcase name="Day8_test_CustomerReturnServiceImpl_File_Exists" classname="com.examly.springapp.SpringappApplicationTests" time="0.002"/>
  <testcase name="Day8_test_PurchaseOrderServiceImpl_File_Exists" classname="com.examly.springapp.SpringappApplicationTests" time="0.002"/>
  <testcase name="Day8_test_PurchaseOrderItemServiceImpl_File_Exists" classname="com.examly.springapp.SpringappApplicationTests" time="0.001"/>
  <testcase name="Day8_testAddProduct" classname="com.examly.springapp.SpringappApplicationTests" time="0.009">
    <failure message="Status expected:&lt;201&gt; but was:&lt;415&gt;" type="java.lang.AssertionError"><![CDATA[java.lang.AssertionError: Status expected:<201> but was:<415>
	at org.springframework.test.util.AssertionErrors.fail(AssertionErrors.java:61)
	at org.springframework.test.util.AssertionErrors.assertEquals(AssertionErrors.java:128)
	at org.springframework.test.web.servlet.result.StatusResultMatchers.lambda$matcher$9(StatusResultMatchers.java:640)
	at org.springframework.test.web.servlet.MockMvc$1.andExpect(MockMvc.java:214)
	at com.examly.springapp.SpringappApplicationTests.Day8_testAddProduct(SpringappApplicationTests.java:709)
	at java.base/java.lang.reflect.Method.invoke(Method.java:580)
	at java.base/java.util.ArrayList.forEach(ArrayList.java:1596)
	at java.base/java.util.ArrayList.forEach(ArrayList.java:1596)
]]></failure>
    <system-out><![CDATA[2025-12-28T20:03:31.940+05:30  WARN 23748 --- [           main] .c.j.MappingJackson2HttpMessageConverter : Failed to evaluate Jackson deserialization for type [[simple type, class com.examly.springapp.model.Product]]: com.fasterxml.jackson.databind.exc.InvalidDefinitionException: Cannot handle managed/back reference 'defaultReference': no back reference property found from type `java.util.List<com.examly.springapp.model.PurchaseOrderItem>`
2025-12-28T20:03:31.942+05:30  WARN 23748 --- [           main] .c.j.MappingJackson2HttpMessageConverter : Failed to evaluate Jackson deserialization for type [[simple type, class com.examly.springapp.model.Product]]: com.fasterxml.jackson.databind.exc.InvalidDefinitionException: Cannot handle managed/back reference 'defaultReference': no back reference property found from type `java.util.List<com.examly.springapp.model.PurchaseOrderItem>`
2025-12-28T20:03:31.943+05:30  WARN 23748 --- [           main] .w.s.m.s.DefaultHandlerExceptionResolver : Resolved [org.springframework.web.HttpMediaTypeNotSupportedException: Content-Type 'application/json;charset=UTF-8' is not supported]

MockHttpServletRequest:
      HTTP Method = POST
      Request URI = /api/products
       Parameters = {}
          Headers = [Content-Type:"application/json;charset=UTF-8", Accept:"application/json", Content-Length:"105"]
             Body = {"productName": "Laptop", "description": "High-end gaming laptop", "price": 1500.00, "stockQuantity": 10}
    Session Attrs = {}

Handler:
             Type = com.examly.springapp.controller.ProductController
           Method = com.examly.springapp.controller.ProductController#create(Product)

Async:
    Async started = false
     Async result = null

Resolved Exception:
             Type = org.springframework.web.HttpMediaTypeNotSupportedException

ModelAndView:
        View name = null
             View = null
            Model = null

FlashMap:
       Attributes = null

MockHttpServletResponse:
           Status = 415
    Error message = Content-Type 'application/json;charset=UTF-8' is not supported.
          Headers = [Accept:"application/json, application/*+json"]
     Content type = null
             Body = 
    Forwarded URL = null
   Redirected URL = null
          Cookies = []
]]></system-out>
  </testcase>
  <testcase name="Day9_testGetAllProducts" classname="com.examly.springapp.SpringappApplicationTests" time="0.078">
    <failure message="JSON path &quot;$[0].productName&quot; expected:&lt;Laptop&gt; but was:&lt;T-SHIRT&gt;" type="java.lang.AssertionError"><![CDATA[java.lang.AssertionError: JSON path "$[0].productName" expected:<Laptop> but was:<T-SHIRT>
	at org.springframework.test.util.AssertionErrors.fail(AssertionErrors.java:61)
	at org.springframework.test.util.AssertionErrors.assertEquals(AssertionErrors.java:128)
	at org.springframework.test.util.JsonPathExpectationsHelper.assertValue(JsonPathExpectationsHelper.java:172)
	at org.springframework.test.web.servlet.result.JsonPathResultMatchers.lambda$value$2(JsonPathResultMatchers.java:112)
	at org.springframework.test.web.servlet.MockMvc$1.andExpect(MockMvc.java:214)
	at com.examly.springapp.SpringappApplicationTests.Day9_testGetAllProducts(SpringappApplicationTests.java:720)
	at java.base/java.lang.reflect.Method.invoke(Method.java:580)
	at java.base/java.util.ArrayList.forEach(ArrayList.java:1596)
	at java.base/java.util.ArrayList.forEach(ArrayList.java:1596)
]]></failure>
    <system-out><![CDATA[Hibernate: select p1_0.product_id,p1_0.description,p1_0.price,p1_0.product_name,p1_0.stock_quantity from product p1_0
Hibernate: select poi1_0.product_product_id,poi1_0.purchase_order_item_id,po1_0.purchase_order_id,po1_0.order_date,po1_0.order_number,po1_0.status,s1_0.supplier_id,s1_0.address,s1_0.contact_number,s1_0.email,s1_0.supplier_name,poi1_0.quantity,poi1_0.unit_price from purchase_order_item poi1_0 left join purchase_order po1_0 on po1_0.purchase_order_id=poi1_0.purchase_order_purchase_order_id left join supplier s1_0 on s1_0.supplier_id=po1_0.supplier_supplier_id where poi1_0.product_product_id=?
Hibernate: select cr1_0.product_product_id,cr1_0.customer_return_id,cr1_0.quantity,cr1_0.reason,cr1_0.return_date from customer_return cr1_0 where cr1_0.product_product_id=?
Hibernate: select poi1_0.product_product_id,poi1_0.purchase_order_item_id,po1_0.purchase_order_id,po1_0.order_date,po1_0.order_number,po1_0.status,s1_0.supplier_id,s1_0.address,s1_0.contact_number,s1_0.email,s1_0.supplier_name,poi1_0.quantity,poi1_0.unit_price from purchase_order_item poi1_0 left join purchase_order po1_0 on po1_0.purchase_order_id=poi1_0.purchase_order_purchase_order_id left join supplier s1_0 on s1_0.supplier_id=po1_0.supplier_supplier_id where poi1_0.product_product_id=?
Hibernate: select cr1_0.product_product_id,cr1_0.customer_return_id,cr1_0.quantity,cr1_0.reason,cr1_0.return_date from customer_return cr1_0 where cr1_0.product_product_id=?
Hibernate: select poi1_0.product_product_id,poi1_0.purchase_order_item_id,po1_0.purchase_order_id,po1_0.order_date,po1_0.order_number,po1_0.status,s1_0.supplier_id,s1_0.address,s1_0.contact_number,s1_0.email,s1_0.supplier_name,poi1_0.quantity,poi1_0.unit_price from purchase_order_item poi1_0 left join purchase_order po1_0 on po1_0.purchase_order_id=poi1_0.purchase_order_purchase_order_id left join supplier s1_0 on s1_0.supplier_id=po1_0.supplier_supplier_id where poi1_0.product_product_id=?
Hibernate: select cr1_0.product_product_id,cr1_0.customer_return_id,cr1_0.quantity,cr1_0.reason,cr1_0.return_date from customer_return cr1_0 where cr1_0.product_product_id=?
Hibernate: select poi1_0.product_product_id,poi1_0.purchase_order_item_id,po1_0.purchase_order_id,po1_0.order_date,po1_0.order_number,po1_0.status,s1_0.supplier_id,s1_0.address,s1_0.contact_number,s1_0.email,s1_0.supplier_name,poi1_0.quantity,poi1_0.unit_price from purchase_order_item poi1_0 left join purchase_order po1_0 on po1_0.purchase_order_id=poi1_0.purchase_order_purchase_order_id left join supplier s1_0 on s1_0.supplier_id=po1_0.supplier_supplier_id where poi1_0.product_product_id=?
Hibernate: select cr1_0.product_product_id,cr1_0.customer_return_id,cr1_0.quantity,cr1_0.reason,cr1_0.return_date from customer_return cr1_0 where cr1_0.product_product_id=?

MockHttpServletRequest:
      HTTP Method = GET
      Request URI = /api/products
       Parameters = {}
          Headers = [Accept:"application/json"]
             Body = null
    Session Attrs = {}

Handler:
             Type = com.examly.springapp.controller.ProductController
           Method = com.examly.springapp.controller.ProductController#getAll()

Async:
    Async started = false
     Async result = null

Resolved Exception:
             Type = null

ModelAndView:
        View name = null
             View = null
            Model = null

FlashMap:
       Attributes = null

MockHttpServletResponse:
           Status = 200
    Error message = null
          Headers = [Content-Type:"application/json"]
     Content type = application/json
             Body = [{"productId":1,"productName":"T-SHIRT","description":"Fasion","price":999.0,"stockQuantity":561,"purchaseOrderItems":[],"customerReturns":[]},{"productId":2,"productName":"SHIRT","description":"Fasion","price":2999.0,"stockQuantity":51,"purchaseOrderItems":[],"customerReturns":[]},{"productId":3,"productName":"PANT","description":"Fasion","price":1599.0,"stockQuantity":150,"purchaseOrderItems":[],"customerReturns":[]},{"productId":4,"productName":"Laptop","description":"Gaming Laptop","price":1000.0,"stockQuantity":50,"purchaseOrderItems":[],"customerReturns":[]}]
    Forwarded URL = null
   Redirected URL = null
          Cookies = []
]]></system-out>
  </testcase>
  <testcase name="Day9_testGetProductById" classname="com.examly.springapp.SpringappApplicationTests" time="0.03">
    <failure message="JSON path &quot;$.productName&quot; expected:&lt;Laptop&gt; but was:&lt;T-SHIRT&gt;" type="java.lang.AssertionError"><![CDATA[java.lang.AssertionError: JSON path "$.productName" expected:<Laptop> but was:<T-SHIRT>
	at org.springframework.test.util.AssertionErrors.fail(AssertionErrors.java:61)
	at org.springframework.test.util.AssertionErrors.assertEquals(AssertionErrors.java:128)
	at org.springframework.test.util.JsonPathExpectationsHelper.assertValue(JsonPathExpectationsHelper.java:172)
	at org.springframework.test.web.servlet.result.JsonPathResultMatchers.lambda$value$2(JsonPathResultMatchers.java:112)
	at org.springframework.test.web.servlet.MockMvc$1.andExpect(MockMvc.java:214)
	at com.examly.springapp.SpringappApplicationTests.Day9_testGetProductById(SpringappApplicationTests.java:729)
	at java.base/java.lang.reflect.Method.invoke(Method.java:580)
	at java.base/java.util.ArrayList.forEach(ArrayList.java:1596)
	at java.base/java.util.ArrayList.forEach(ArrayList.java:1596)
]]></failure>
    <system-out><![CDATA[Hibernate: select p1_0.product_id,p1_0.description,p1_0.price,p1_0.product_name,p1_0.stock_quantity from product p1_0 where p1_0.product_id=?
Hibernate: select poi1_0.product_product_id,poi1_0.purchase_order_item_id,po1_0.purchase_order_id,po1_0.order_date,po1_0.order_number,po1_0.status,s1_0.supplier_id,s1_0.address,s1_0.contact_number,s1_0.email,s1_0.supplier_name,poi1_0.quantity,poi1_0.unit_price from purchase_order_item poi1_0 left join purchase_order po1_0 on po1_0.purchase_order_id=poi1_0.purchase_order_purchase_order_id left join supplier s1_0 on s1_0.supplier_id=po1_0.supplier_supplier_id where poi1_0.product_product_id=?
Hibernate: select cr1_0.product_product_id,cr1_0.customer_return_id,cr1_0.quantity,cr1_0.reason,cr1_0.return_date from customer_return cr1_0 where cr1_0.product_product_id=?

MockHttpServletRequest:
      HTTP Method = GET
      Request URI = /api/products/1
       Parameters = {}
          Headers = [Accept:"application/json"]
             Body = null
    Session Attrs = {}

Handler:
             Type = com.examly.springapp.controller.ProductController
           Method = com.examly.springapp.controller.ProductController#getById(Long)

Async:
    Async started = false
     Async result = null

Resolved Exception:
             Type = null

ModelAndView:
        View name = null
             View = null
            Model = null

FlashMap:
       Attributes = null

MockHttpServletResponse:
           Status = 200
    Error message = null
          Headers = [Content-Type:"application/json"]
     Content type = application/json
             Body = {"productId":1,"productName":"T-SHIRT","description":"Fasion","price":999.0,"stockQuantity":561,"purchaseOrderItems":[],"customerReturns":[]}
    Forwarded URL = null
   Redirected URL = null
          Cookies = []
]]></system-out>
  </testcase>
  <testcase name="Day9_testUpdateProduct" classname="com.examly.springapp.SpringappApplicationTests" time="0.013">
    <failure message="Status expected:&lt;200&gt; but was:&lt;415&gt;" type="java.lang.AssertionError"><![CDATA[java.lang.AssertionError: Status expected:<200> but was:<415>
	at org.springframework.test.util.AssertionErrors.fail(AssertionErrors.java:61)
	at org.springframework.test.util.AssertionErrors.assertEquals(AssertionErrors.java:128)
	at org.springframework.test.web.servlet.result.StatusResultMatchers.lambda$matcher$9(StatusResultMatchers.java:640)
	at org.springframework.test.web.servlet.MockMvc$1.andExpect(MockMvc.java:214)
	at com.examly.springapp.SpringappApplicationTests.Day9_testUpdateProduct(SpringappApplicationTests.java:740)
	at java.base/java.lang.reflect.Method.invoke(Method.java:580)
	at java.base/java.util.ArrayList.forEach(ArrayList.java:1596)
	at java.base/java.util.ArrayList.forEach(ArrayList.java:1596)
]]></failure>
    <system-out><![CDATA[2025-12-28T20:03:32.063+05:30  WARN 23748 --- [           main] .c.j.MappingJackson2HttpMessageConverter : Failed to evaluate Jackson deserialization for type [[simple type, class com.examly.springapp.model.Product]]: com.fasterxml.jackson.databind.exc.InvalidDefinitionException: Cannot handle managed/back reference 'defaultReference': no back reference property found from type `java.util.List<com.examly.springapp.model.PurchaseOrderItem>`
2025-12-28T20:03:32.065+05:30  WARN 23748 --- [           main] .c.j.MappingJackson2HttpMessageConverter : Failed to evaluate Jackson deserialization for type [[simple type, class com.examly.springapp.model.Product]]: com.fasterxml.jackson.databind.exc.InvalidDefinitionException: Cannot handle managed/back reference 'defaultReference': no back reference property found from type `java.util.List<com.examly.springapp.model.PurchaseOrderItem>`
2025-12-28T20:03:32.066+05:30  WARN 23748 --- [           main] .w.s.m.s.DefaultHandlerExceptionResolver : Resolved [org.springframework.web.HttpMediaTypeNotSupportedException: Content-Type 'application/json;charset=UTF-8' is not supported]

MockHttpServletRequest:
      HTTP Method = PUT
      Request URI = /api/products/1
       Parameters = {}
          Headers = [Content-Type:"application/json;charset=UTF-8", Accept:"application/json", Content-Length:"110"]
             Body = {"productName": "Updated Laptop", "description": "Updated description", "price": 1600.00, "stockQuantity": 15}
    Session Attrs = {}

Handler:
             Type = com.examly.springapp.controller.ProductController
           Method = com.examly.springapp.controller.ProductController#update(Long, Product)

Async:
    Async started = false
     Async result = null

Resolved Exception:
             Type = org.springframework.web.HttpMediaTypeNotSupportedException

ModelAndView:
        View name = null
             View = null
            Model = null

FlashMap:
       Attributes = null

MockHttpServletResponse:
           Status = 415
    Error message = Content-Type 'application/json;charset=UTF-8' is not supported.
          Headers = [Accept:"application/json, application/*+json"]
     Content type = null
             Body = 
    Forwarded URL = null
   Redirected URL = null
          Cookies = []
]]></system-out>
  </testcase>
  <testcase name="Day10_testAddSupplier" classname="com.examly.springapp.SpringappApplicationTests" time="0.097">
    <system-out><![CDATA[Hibernate: insert into supplier (address,contact_number,email,supplier_name) values (?,?,?,?)
]]></system-out>
  </testcase>
  <testcase name="Day10_testGetAllSuppliers" classname="com.examly.springapp.SpringappApplicationTests" time="0.026">
    <failure message="JSON path &quot;$[0].supplierName&quot; expected:&lt;Tech Supplies Inc&gt; but was:&lt;Adidas&gt;" type="java.lang.AssertionError"><![CDATA[java.lang.AssertionError: JSON path "$[0].supplierName" expected:<Tech Supplies Inc> but was:<Adidas>
	at org.springframework.test.util.AssertionErrors.fail(AssertionErrors.java:61)
	at org.springframework.test.util.AssertionErrors.assertEquals(AssertionErrors.java:128)
	at org.springframework.test.util.JsonPathExpectationsHelper.assertValue(JsonPathExpectationsHelper.java:172)
	at org.springframework.test.web.servlet.result.JsonPathResultMatchers.lambda$value$2(JsonPathResultMatchers.java:112)
	at org.springframework.test.web.servlet.MockMvc$1.andExpect(MockMvc.java:214)
	at com.examly.springapp.SpringappApplicationTests.Day10_testGetAllSuppliers(SpringappApplicationTests.java:767)
	at java.base/java.lang.reflect.Method.invoke(Method.java:580)
	at java.base/java.util.ArrayList.forEach(ArrayList.java:1596)
	at java.base/java.util.ArrayList.forEach(ArrayList.java:1596)
]]></failure>
    <system-out><![CDATA[Hibernate: select s1_0.supplier_id,s1_0.address,s1_0.contact_number,s1_0.email,s1_0.supplier_name from supplier s1_0
Hibernate: select po1_0.supplier_supplier_id,po1_0.purchase_order_id,po1_0.order_date,po1_0.order_number,po1_0.status from purchase_order po1_0 where po1_0.supplier_supplier_id=?
Hibernate: select po1_0.supplier_supplier_id,po1_0.purchase_order_id,po1_0.order_date,po1_0.order_number,po1_0.status from purchase_order po1_0 where po1_0.supplier_supplier_id=?
Hibernate: select po1_0.supplier_supplier_id,po1_0.purchase_order_id,po1_0.order_date,po1_0.order_number,po1_0.status from purchase_order po1_0 where po1_0.supplier_supplier_id=?
Hibernate: select po1_0.supplier_supplier_id,po1_0.purchase_order_id,po1_0.order_date,po1_0.order_number,po1_0.status from purchase_order po1_0 where po1_0.supplier_supplier_id=?
Hibernate: select po1_0.supplier_supplier_id,po1_0.purchase_order_id,po1_0.order_date,po1_0.order_number,po1_0.status from purchase_order po1_0 where po1_0.supplier_supplier_id=?
Hibernate: select po1_0.supplier_supplier_id,po1_0.purchase_order_id,po1_0.order_date,po1_0.order_number,po1_0.status from purchase_order po1_0 where po1_0.supplier_supplier_id=?
Hibernate: select po1_0.supplier_supplier_id,po1_0.purchase_order_id,po1_0.order_date,po1_0.order_number,po1_0.status from purchase_order po1_0 where po1_0.supplier_supplier_id=?
Hibernate: select po1_0.supplier_supplier_id,po1_0.purchase_order_id,po1_0.order_date,po1_0.order_number,po1_0.status from purchase_order po1_0 where po1_0.supplier_supplier_id=?
Hibernate: select po1_0.supplier_supplier_id,po1_0.purchase_order_id,po1_0.order_date,po1_0.order_number,po1_0.status from purchase_order po1_0 where po1_0.supplier_supplier_id=?
Hibernate: select po1_0.supplier_supplier_id,po1_0.purchase_order_id,po1_0.order_date,po1_0.order_number,po1_0.status from purchase_order po1_0 where po1_0.supplier_supplier_id=?
Hibernate: select po1_0.supplier_supplier_id,po1_0.purchase_order_id,po1_0.order_date,po1_0.order_number,po1_0.status from purchase_order po1_0 where po1_0.supplier_supplier_id=?
Hibernate: select poi1_0.purchase_order_purchase_order_id,poi1_0.purchase_order_item_id,p1_0.product_id,p1_0.description,p1_0.price,p1_0.product_name,p1_0.stock_quantity,poi1_0.quantity,poi1_0.unit_price from purchase_order_item poi1_0 left join product p1_0 on p1_0.product_id=poi1_0.product_product_id where poi1_0.purchase_order_purchase_order_id=?

MockHttpServletRequest:
      HTTP Method = GET
      Request URI = /api/suppliers
       Parameters = {}
          Headers = [Accept:"application/json"]
             Body = null
    Session Attrs = {}

Handler:
             Type = com.examly.springapp.controller.SupplierController
           Method = com.examly.springapp.controller.SupplierController#getAll()

Async:
    Async started = false
     Async result = null

Resolved Exception:
             Type = null

ModelAndView:
        View name = null
             View = null
            Model = null

FlashMap:
       Attributes = null

MockHttpServletResponse:
           Status = 200
    Error message = null
          Headers = [Vary:"Origin", "Access-Control-Request-Method", "Access-Control-Request-Headers", Content-Type:"application/json"]
     Content type = application/json
             Body = [{"supplierId":1,"supplierName":"Adidas","contactNumber":"9876543210","email":"support@adidas.com","address":"Adidas India Pvt Ltd, Bengaluru, Karnataka, India","purchaseOrders":[{"purchaseOrderId":2,"orderNumber":"PO001","orderDate":"2025-12-28T10:30:00","status":"PENDING","purchaseOrderItems":[]}]},{"supplierId":2,"supplierName":"Nike","contactNumber":"9876543211","email":"contact@nike.com","address":"Nike India Pvt Ltd, Gurugram, Haryana, India","purchaseOrders":[]},{"supplierId":3,"supplierName":"Puma","contactNumber":"9876543212","email":"info@puma.com","address":"Puma Sports India Pvt Ltd, Bengaluru, Karnataka, India","purchaseOrders":[]},{"supplierId":4,"supplierName":"Reebok","contactNumber":"9876543213","email":"support@reebok.com","address":"Reebok India Company, Mumbai, Maharashtra, India","purchaseOrders":[]},{"supplierId":5,"supplierName":"Under Armour","contactNumber":"9876543214","email":"help@underarmour.com","address":"Under Armour India Pvt Ltd, New Delhi, India","purchaseOrders":[]},{"supplierId":6,"supplierName":"Levi's","contactNumber":"9876543215","email":"care@levis.com","address":"Levi Strauss India Pvt Ltd, Mumbai, Maharashtra, India","purchaseOrders":[]},{"supplierId":7,"supplierName":"H&M","contactNumber":"9876543216","email":"support@hm.com","address":"H&M Hennes & Mauritz India Pvt Ltd, Bengaluru, Karnataka, India","purchaseOrders":[]},{"supplierId":8,"supplierName":"Zara","contactNumber":"9876543217","email":"service@zara.com","address":"Zara India (Inditex), Mumbai, Maharashtra, India","purchaseOrders":[]},{"supplierId":9,"supplierName":"Decathlon","contactNumber":"9876543218","email":"india@decathlon.com","address":"Decathlon Sports India Pvt Ltd, Chennai, Tamil Nadu, India","purchaseOrders":[]},{"supplierId":10,"supplierName":"Reliance Retail","contactNumber":"9876543219","email":"support@relianceretail.com","address":"Reliance Retail Ltd, Navi Mumbai, Maharashtra, India","purchaseOrders":[]},{"supplierId":11,"supplierName":"Tech Supplies Inc","contactNumber":"1234567890","email":"tech@example.com","address":"123 Tech Street","purchaseOrders":[]}]
    Forwarded URL = null
   Redirected URL = null
          Cookies = []
]]></system-out>
  </testcase>
  <testcase name="Day10_testGetSupplierById" classname="com.examly.springapp.SpringappApplicationTests" time="0.017">
    <system-out><![CDATA[Hibernate: select s1_0.supplier_id,s1_0.address,s1_0.contact_number,s1_0.email,s1_0.supplier_name,po1_0.supplier_supplier_id,po1_0.purchase_order_id,po1_0.order_date,po1_0.order_number,po1_0.status from supplier s1_0 left join purchase_order po1_0 on s1_0.supplier_id=po1_0.supplier_supplier_id where s1_0.supplier_id=?
Hibernate: select poi1_0.purchase_order_purchase_order_id,poi1_0.purchase_order_item_id,p1_0.product_id,p1_0.description,p1_0.price,p1_0.product_name,p1_0.stock_quantity,poi1_0.quantity,poi1_0.unit_price from purchase_order_item poi1_0 left join product p1_0 on p1_0.product_id=poi1_0.product_product_id where poi1_0.purchase_order_purchase_order_id=?
]]></system-out>
  </testcase>
  <testcase name="Day10_testUpdateSupplier" classname="com.examly.springapp.SpringappApplicationTests" time="0.027">
    <system-out><![CDATA[Hibernate: select s1_0.supplier_id,s1_0.address,s1_0.contact_number,s1_0.email,s1_0.supplier_name,po1_0.supplier_supplier_id,po1_0.purchase_order_id,po1_0.order_date,po1_0.order_number,po1_0.status from supplier s1_0 left join purchase_order po1_0 on s1_0.supplier_id=po1_0.supplier_supplier_id where s1_0.supplier_id=?
Hibernate: select poi1_0.purchase_order_purchase_order_id,poi1_0.purchase_order_item_id,p1_0.product_id,p1_0.description,p1_0.price,p1_0.product_name,p1_0.stock_quantity,poi1_0.quantity,poi1_0.unit_price from purchase_order_item poi1_0 left join product p1_0 on p1_0.product_id=poi1_0.product_product_id where poi1_0.purchase_order_purchase_order_id=?
Hibernate: update supplier set address=?,contact_number=?,email=?,supplier_name=? where supplier_id=?
]]></system-out>
  </testcase>
  <testcase name="Day11_testAddPurchaseOrder" classname="com.examly.springapp.SpringappApplicationTests" time="0.011">
    <failure message="Status expected:&lt;201&gt; but was:&lt;415&gt;" type="java.lang.AssertionError"><![CDATA[java.lang.AssertionError: Status expected:<201> but was:<415>
	at org.springframework.test.util.AssertionErrors.fail(AssertionErrors.java:61)
	at org.springframework.test.util.AssertionErrors.assertEquals(AssertionErrors.java:128)
	at org.springframework.test.web.servlet.result.StatusResultMatchers.lambda$matcher$9(StatusResultMatchers.java:640)
	at org.springframework.test.web.servlet.MockMvc$1.andExpect(MockMvc.java:214)
	at com.examly.springapp.SpringappApplicationTests.Day11_testAddPurchaseOrder(SpringappApplicationTests.java:803)
	at java.base/java.lang.reflect.Method.invoke(Method.java:580)
	at java.base/java.util.ArrayList.forEach(ArrayList.java:1596)
	at java.base/java.util.ArrayList.forEach(ArrayList.java:1596)
]]></failure>
    <system-out><![CDATA[2025-12-28T20:03:32.246+05:30  WARN 23748 --- [           main] .c.j.MappingJackson2HttpMessageConverter : Failed to evaluate Jackson deserialization for type [[simple type, class com.examly.springapp.model.PurchaseOrder]]: com.fasterxml.jackson.databind.exc.InvalidDefinitionException: Cannot handle managed/back reference 'defaultReference': no back reference property found from type `java.util.List<com.examly.springapp.model.PurchaseOrderItem>`
2025-12-28T20:03:32.248+05:30  WARN 23748 --- [           main] .c.j.MappingJackson2HttpMessageConverter : Failed to evaluate Jackson deserialization for type [[simple type, class com.examly.springapp.model.PurchaseOrder]]: com.fasterxml.jackson.databind.exc.InvalidDefinitionException: Cannot handle managed/back reference 'defaultReference': no back reference property found from type `java.util.List<com.examly.springapp.model.PurchaseOrderItem>`
2025-12-28T20:03:32.249+05:30  WARN 23748 --- [           main] .w.s.m.s.DefaultHandlerExceptionResolver : Resolved [org.springframework.web.HttpMediaTypeNotSupportedException: Content-Type 'application/json;charset=UTF-8' is not supported]

MockHttpServletRequest:
      HTTP Method = POST
      Request URI = /api/purchase-orders
       Parameters = {}
          Headers = [Content-Type:"application/json;charset=UTF-8", Accept:"application/json", Content-Length:"112"]
             Body = {"orderNumber": "PO001", "orderDate": "2024-01-15T10:00:00", "status": "CREATED", "supplier": {"supplierId": 1}}
    Session Attrs = {}

Handler:
             Type = com.examly.springapp.controller.PurchaseOrderController
           Method = com.examly.springapp.controller.PurchaseOrderController#create(PurchaseOrder)

Async:
    Async started = false
     Async result = null

Resolved Exception:
             Type = org.springframework.web.HttpMediaTypeNotSupportedException

ModelAndView:
        View name = null
             View = null
            Model = null

FlashMap:
       Attributes = null

MockHttpServletResponse:
           Status = 415
    Error message = Content-Type 'application/json;charset=UTF-8' is not supported.
          Headers = [Vary:"Origin", "Access-Control-Request-Method", "Access-Control-Request-Headers", Accept:"application/json, application/*+json"]
     Content type = null
             Body = 
    Forwarded URL = null
   Redirected URL = null
          Cookies = []
]]></system-out>
  </testcase>
  <testcase name="Day11_testGetAllPurchaseOrders" classname="com.examly.springapp.SpringappApplicationTests" time="0.012">
    <system-out><![CDATA[Hibernate: select po1_0.purchase_order_id,po1_0.order_date,po1_0.order_number,po1_0.status,po1_0.supplier_supplier_id from purchase_order po1_0
Hibernate: select s1_0.supplier_id,s1_0.address,s1_0.contact_number,s1_0.email,s1_0.supplier_name,po1_0.supplier_supplier_id,po1_0.purchase_order_id,po1_0.order_date,po1_0.order_number,po1_0.status from supplier s1_0 left join purchase_order po1_0 on s1_0.supplier_id=po1_0.supplier_supplier_id where s1_0.supplier_id=?
Hibernate: select poi1_0.purchase_order_purchase_order_id,poi1_0.purchase_order_item_id,p1_0.product_id,p1_0.description,p1_0.price,p1_0.product_name,p1_0.stock_quantity,poi1_0.quantity,poi1_0.unit_price from purchase_order_item poi1_0 left join product p1_0 on p1_0.product_id=poi1_0.product_product_id where poi1_0.purchase_order_purchase_order_id=?
]]></system-out>
  </testcase>
  <testcase name="Day11_testGetPurchaseOrderById" classname="com.examly.springapp.SpringappApplicationTests" time="0.011">
    <failure message="Status expected:&lt;200&gt; but was:&lt;404&gt;" type="java.lang.AssertionError"><![CDATA[java.lang.AssertionError: Status expected:<200> but was:<404>
	at org.springframework.test.util.AssertionErrors.fail(AssertionErrors.java:61)
	at org.springframework.test.util.AssertionErrors.assertEquals(AssertionErrors.java:128)
	at org.springframework.test.web.servlet.result.StatusResultMatchers.lambda$matcher$9(StatusResultMatchers.java:640)
	at org.springframework.test.web.servlet.MockMvc$1.andExpect(MockMvc.java:214)
	at com.examly.springapp.SpringappApplicationTests.Day11_testGetPurchaseOrderById(SpringappApplicationTests.java:822)
	at java.base/java.lang.reflect.Method.invoke(Method.java:580)
	at java.base/java.util.ArrayList.forEach(ArrayList.java:1596)
	at java.base/java.util.ArrayList.forEach(ArrayList.java:1596)
]]></failure>
    <system-out><![CDATA[Hibernate: select po1_0.purchase_order_id,po1_0.order_date,po1_0.order_number,po1_0.status,s1_0.supplier_id,s1_0.address,s1_0.contact_number,s1_0.email,s1_0.supplier_name,poi1_0.purchase_order_purchase_order_id,poi1_0.purchase_order_item_id,p1_0.product_id,p1_0.description,p1_0.price,p1_0.product_name,p1_0.stock_quantity,poi1_0.quantity,poi1_0.unit_price from purchase_order po1_0 left join supplier s1_0 on s1_0.supplier_id=po1_0.supplier_supplier_id left join purchase_order_item poi1_0 on po1_0.purchase_order_id=poi1_0.purchase_order_purchase_order_id left join product p1_0 on p1_0.product_id=poi1_0.product_product_id where po1_0.purchase_order_id=?

MockHttpServletRequest:
      HTTP Method = GET
      Request URI = /api/purchase-orders/1
       Parameters = {}
          Headers = [Accept:"application/json"]
             Body = null
    Session Attrs = {}

Handler:
             Type = com.examly.springapp.controller.PurchaseOrderController
           Method = com.examly.springapp.controller.PurchaseOrderController#getById(Long)

Async:
    Async started = false
     Async result = null

Resolved Exception:
             Type = null

ModelAndView:
        View name = null
             View = null
            Model = null

FlashMap:
       Attributes = null

MockHttpServletResponse:
           Status = 404
    Error message = null
          Headers = [Vary:"Origin", "Access-Control-Request-Method", "Access-Control-Request-Headers"]
     Content type = null
             Body = 
    Forwarded URL = null
   Redirected URL = null
          Cookies = []
]]></system-out>
  </testcase>
  <testcase name="Day11_testUpdatePurchaseOrder" classname="com.examly.springapp.SpringappApplicationTests" time="0.009">
    <failure message="Status expected:&lt;200&gt; but was:&lt;415&gt;" type="java.lang.AssertionError"><![CDATA[java.lang.AssertionError: Status expected:<200> but was:<415>
	at org.springframework.test.util.AssertionErrors.fail(AssertionErrors.java:61)
	at org.springframework.test.util.AssertionErrors.assertEquals(AssertionErrors.java:128)
	at org.springframework.test.web.servlet.result.StatusResultMatchers.lambda$matcher$9(StatusResultMatchers.java:640)
	at org.springframework.test.web.servlet.MockMvc$1.andExpect(MockMvc.java:214)
	at com.examly.springapp.SpringappApplicationTests.Day11_testUpdatePurchaseOrder(SpringappApplicationTests.java:834)
	at java.base/java.lang.reflect.Method.invoke(Method.java:580)
	at java.base/java.util.ArrayList.forEach(ArrayList.java:1596)
	at java.base/java.util.ArrayList.forEach(ArrayList.java:1596)
]]></failure>
    <system-out><![CDATA[2025-12-28T20:03:32.279+05:30  WARN 23748 --- [           main] .c.j.MappingJackson2HttpMessageConverter : Failed to evaluate Jackson deserialization for type [[simple type, class com.examly.springapp.model.PurchaseOrder]]: com.fasterxml.jackson.databind.exc.InvalidDefinitionException: Cannot handle managed/back reference 'defaultReference': no back reference property found from type `java.util.List<com.examly.springapp.model.PurchaseOrderItem>`
2025-12-28T20:03:32.281+05:30  WARN 23748 --- [           main] .c.j.MappingJackson2HttpMessageConverter : Failed to evaluate Jackson deserialization for type [[simple type, class com.examly.springapp.model.PurchaseOrder]]: com.fasterxml.jackson.databind.exc.InvalidDefinitionException: Cannot handle managed/back reference 'defaultReference': no back reference property found from type `java.util.List<com.examly.springapp.model.PurchaseOrderItem>`
2025-12-28T20:03:32.281+05:30  WARN 23748 --- [           main] .w.s.m.s.DefaultHandlerExceptionResolver : Resolved [org.springframework.web.HttpMediaTypeNotSupportedException: Content-Type 'application/json;charset=UTF-8' is not supported]

MockHttpServletRequest:
      HTTP Method = PUT
      Request URI = /api/purchase-orders/1
       Parameters = {}
          Headers = [Content-Type:"application/json;charset=UTF-8", Accept:"application/json", Content-Length:"121"]
             Body = {"orderNumber": "PO001-UPDATED", "orderDate": "2024-01-16T10:00:00", "status": "APPROVED", "supplier": {"supplierId": 1}}
    Session Attrs = {}

Handler:
             Type = com.examly.springapp.controller.PurchaseOrderController
           Method = com.examly.springapp.controller.PurchaseOrderController#update(Long, PurchaseOrder)

Async:
    Async started = false
     Async result = null

Resolved Exception:
             Type = org.springframework.web.HttpMediaTypeNotSupportedException

ModelAndView:
        View name = null
             View = null
            Model = null

FlashMap:
       Attributes = null

MockHttpServletResponse:
           Status = 415
    Error message = Content-Type 'application/json;charset=UTF-8' is not supported.
          Headers = [Vary:"Origin", "Access-Control-Request-Method", "Access-Control-Request-Headers", Accept:"application/json, application/*+json"]
     Content type = null
             Body = 
    Forwarded URL = null
   Redirected URL = null
          Cookies = []
]]></system-out>
  </testcase>
  <testcase name="Day12_testAddCustomerReturn" classname="com.examly.springapp.SpringappApplicationTests" time="0.016">
    <system-out><![CDATA[Hibernate: insert into customer_return (product_product_id,quantity,reason,return_date) values (?,?,?,?)
]]></system-out>
  </testcase>
  <testcase name="Day12_testGetAllCustomerReturns" classname="com.examly.springapp.SpringappApplicationTests" time="0.042">
    <failure message="No value at JSON path &quot;$[0].reason&quot;" type="java.lang.AssertionError"><![CDATA[java.lang.AssertionError: No value at JSON path "$[0].reason"
	at org.springframework.test.util.JsonPathExpectationsHelper.evaluateJsonPath(JsonPathExpectationsHelper.java:351)
	at org.springframework.test.util.JsonPathExpectationsHelper.assertValue(JsonPathExpectationsHelper.java:148)
	at org.springframework.test.web.servlet.result.JsonPathResultMatchers.lambda$value$2(JsonPathResultMatchers.java:112)
	at org.springframework.test.web.servlet.MockMvc$1.andExpect(MockMvc.java:214)
	at com.examly.springapp.SpringappApplicationTests.Day12_testGetAllCustomerReturns(SpringappApplicationTests.java:862)
	at java.base/java.lang.reflect.Method.invoke(Method.java:580)
	at java.base/java.util.ArrayList.forEach(ArrayList.java:1596)
	at java.base/java.util.ArrayList.forEach(ArrayList.java:1596)
Caused by: com.jayway.jsonpath.InvalidJsonException: net.minidev.json.parser.ParseException: Malicious payload, having non natural depths, parsing stoped on { at position 31921.
	at com.jayway.jsonpath.spi.json.JsonSmartJsonProvider.parse(JsonSmartJsonProvider.java:64)
	at com.jayway.jsonpath.JsonPath.read(JsonPath.java:393)
	at org.springframework.test.util.JsonPathExpectationsHelper.evaluateJsonPath(JsonPathExpectationsHelper.java:348)
	... 7 more
Caused by: net.minidev.json.parser.ParseException: Malicious payload, having non natural depths, parsing stoped on { at position 31921.
	at net.minidev.json.parser.JSONParserBase.readObject(JSONParserBase.java:559)
	at net.minidev.json.parser.JSONParserBase.readMain(JSONParserBase.java:467)
	at net.minidev.json.parser.JSONParserBase.readArray(JSONParserBase.java:337)
	at net.minidev.json.parser.JSONParserBase.readMain(JSONParserBase.java:470)
	at net.minidev.json.parser.JSONParserBase.readObject(JSONParserBase.java:614)
	at net.minidev.json.parser.JSONParserBase.readMain(JSONParserBase.java:467)
	at net.minidev.json.parser.JSONParserBase.readObject(JSONParserBase.java:614)
	at net.minidev.json.parser.JSONParserBase.readMain(JSONParserBase.java:467)
	at net.minidev.json.parser.JSONParserBase.readArray(JSONParserBase.java:337)
	at net.minidev.json.parser.JSONParserBase.readMain(JSONParserBase.java:470)
	at net.minidev.json.parser.JSONParserBase.readObject(JSONParserBase.java:614)
	at net.minidev.json.parser.JSONParserBase.readMain(JSONParserBase.java:467)
	at net.minidev.json.parser.JSONParserBase.readObject(JSONParserBase.java:614)
	at net.minidev.json.parser.JSONParserBase.readMain(JSONParserBase.java:467)
	at net.minidev.json.parser.JSONParserBase.readArray(JSONParserBase.java:337)
	at net.minidev.json.parser.JSONParserBase.readMain(JSONParserBase.java:470)
	at net.minidev.json.parser.JSONParserBase.readObject(JSONParserBase.java:614)
	at net.minidev.json.parser.JSONParserBase.readMain(JSONParserBase.java:467)
	at net.minidev.json.parser.JSONParserBase.readObject(JSONParserBase.java:614)
	at net.minidev.json.parser.JSONParserBase.readMain(JSONParserBase.java:467)
	at net.minidev.json.parser.JSONParserBase.readArray(JSONParserBase.java:337)
	at net.minidev.json.parser.JSONParserBase.readMain(JSONParserBase.java:470)
	at net.minidev.json.parser.JSONParserBase.readObject(JSONParserBase.java:614)
	at net.minidev.json.parser.JSONParserBase.readMain(JSONParserBase.java:467)
	at net.minidev.json.parser.JSONParserBase.readObject(JSONParserBase.java:614)
	at net.minidev.json.parser.JSONParserBase.readMain(JSONParserBase.java:467)
	at net.minidev.json.parser.JSONParserBase.readArray(JSONParserBase.java:337)
	at net.minidev.json.parser.JSONParserBase.readMain(JSONParserBase.java:470)
	at net.minidev.json.parser.JSONParserBase.readObject(JSONParserBase.java:614)
	at net.minidev.json.parser.JSONParserBase.readMain(JSONParserBase.java:467)
	at net.minidev.json.parser.JSONParserBase.readObject(JSONParserBase.java:614)
	at net.minidev.json.parser.JSONParserBase.readMain(JSONParserBase.java:467)
	at net.minidev.json.parser.JSONParserBase.readArray(JSONParserBase.java:337)
	at net.minidev.json.parser.JSONParserBase.readMain(JSONParserBase.java:470)
	at net.minidev.json.parser.JSONParserBase.readObject(JSONParserBase.java:614)
	at net.minidev.json.parser.JSONParserBase.readMain(JSONParserBase.java:467)
	at net.minidev.json.parser.JSONParserBase.readObject(JSONParserBase.java:614)
	at net.minidev.json.parser.JSONParserBase.readMain(JSONParserBase.java:467)
	at net.minidev.json.parser.JSONParserBase.readArray(JSONParserBase.java:337)
	at net.minidev.json.parser.JSONParserBase.readMain(JSONParserBase.java:470)
	at net.minidev.json.parser.JSONParserBase.readObject(JSONParserBase.java:614)
	at net.minidev.json.parser.JSONParserBase.readMain(JSONParserBase.java:467)
	at net.minidev.json.parser.JSONParserBase.readObject(JSONParserBase.java:614)
	at net.minidev.json.parser.JSONParserBase.readMain(JSONParserBase.java:467)
	at net.minidev.json.parser.JSONParserBase.readArray(JSONParserBase.java:337)
	at net.minidev.json.parser.JSONParserBase.readMain(JSONParserBase.java:470)
	at net.minidev.json.parser.JSONParserBase.readObject(JSONParserBase.java:614)
	at net.minidev.json.parser.JSONParserBase.readMain(JSONParserBase.java:467)
	at net.minidev.json.parser.JSONParserBase.readObject(JSONParserBase.java:614)
	at net.minidev.json.parser.JSONParserBase.readMain(JSONParserBase.java:467)
	at net.minidev.json.parser.JSONParserBase.readArray(JSONParserBase.java:337)
	at net.minidev.json.parser.JSONParserBase.readMain(JSONParserBase.java:470)
	at net.minidev.json.parser.JSONParserBase.readObject(JSONParserBase.java:614)
	at net.minidev.json.parser.JSONParserBase.readMain(JSONParserBase.java:467)
	at net.minidev.json.parser.JSONParserBase.readObject(JSONParserBase.java:614)
	at net.minidev.json.parser.JSONParserBase.readMain(JSONParserBase.java:467)
	at net.minidev.json.parser.JSONParserBase.readArray(JSONParserBase.java:337)
	at net.minidev.json.parser.JSONParserBase.readMain(JSONParserBase.java:470)
	at net.minidev.json.parser.JSONParserBase.readObject(JSONParserBase.java:614)
	at net.minidev.json.parser.JSONParserBase.readMain(JSONParserBase.java:467)
	at net.minidev.json.parser.JSONParserBase.readObject(JSONParserBase.java:614)
	at net.minidev.json.parser.JSONParserBase.readMain(JSONParserBase.java:467)
	at net.minidev.json.parser.JSONParserBase.readArray(JSONParserBase.java:337)
	at net.minidev.json.parser.JSONParserBase.readMain(JSONParserBase.java:470)
	at net.minidev.json.parser.JSONParserBase.readObject(JSONParserBase.java:614)
	at net.minidev.json.parser.JSONParserBase.readMain(JSONParserBase.java:467)
	at net.minidev.json.parser.JSONParserBase.readObject(JSONParserBase.java:614)
	at net.minidev.json.parser.JSONParserBase.readMain(JSONParserBase.java:467)
	at net.minidev.json.parser.JSONParserBase.readArray(JSONParserBase.java:337)
	at net.minidev.json.parser.JSONParserBase.readMain(JSONParserBase.java:470)
	at net.minidev.json.parser.JSONParserBase.readObject(JSONParserBase.java:614)
	at net.minidev.json.parser.JSONParserBase.readMain(JSONParserBase.java:467)
	at net.minidev.json.parser.JSONParserBase.readObject(JSONParserBase.java:614)
	at net.minidev.json.parser.JSONParserBase.readMain(JSONParserBase.java:467)
	at net.minidev.json.parser.JSONParserBase.readArray(JSONParserBase.java:337)
	at net.minidev.json.parser.JSONParserBase.readMain(JSONParserBase.java:470)
	at net.minidev.json.parser.JSONParserBase.readObject(JSONParserBase.java:614)
	at net.minidev.json.parser.JSONParserBase.readMain(JSONParserBase.java:467)
	at net.minidev.json.parser.JSONParserBase.readObject(JSONParserBase.java:614)
	at net.minidev.json.parser.JSONParserBase.readMain(JSONParserBase.java:467)
	at net.minidev.json.parser.JSONParserBase.readArray(JSONParserBase.java:337)
	at net.minidev.json.parser.JSONParserBase.readMain(JSONParserBase.java:470)
	at net.minidev.json.parser.JSONParserBase.readObject(JSONParserBase.java:614)
	at net.minidev.json.parser.JSONParserBase.readMain(JSONParserBase.java:467)
	at net.minidev.json.parser.JSONParserBase.readObject(JSONParserBase.java:614)
	at net.minidev.json.parser.JSONParserBase.readMain(JSONParserBase.java:467)
	at net.minidev.json.parser.JSONParserBase.readArray(JSONParserBase.java:337)
	at net.minidev.json.parser.JSONParserBase.readMain(JSONParserBase.java:470)
	at net.minidev.json.parser.JSONParserBase.readObject(JSONParserBase.java:614)
	at net.minidev.json.parser.JSONParserBase.readMain(JSONParserBase.java:467)
	at net.minidev.json.parser.JSONParserBase.readObject(JSONParserBase.java:614)
	at net.minidev.json.parser.JSONParserBase.readMain(JSONParserBase.java:467)
	at net.minidev.json.parser.JSONParserBase.readArray(JSONParserBase.java:337)
	at net.minidev.json.parser.JSONParserBase.readMain(JSONParserBase.java:470)
	at net.minidev.json.parser.JSONParserBase.readObject(JSONParserBase.java:614)
	at net.minidev.json.parser.JSONParserBase.readMain(JSONParserBase.java:467)
	at net.minidev.json.parser.JSONParserBase.readObject(JSONParserBase.java:614)
	at net.minidev.json.parser.JSONParserBase.readMain(JSONParserBase.java:467)
	at net.minidev.json.parser.JSONParserBase.readArray(JSONParserBase.java:337)
	at net.minidev.json.parser.JSONParserBase.readMain(JSONParserBase.java:470)
	at net.minidev.json.parser.JSONParserBase.readObject(JSONParserBase.java:614)
	at net.minidev.json.parser.JSONParserBase.readMain(JSONParserBase.java:467)
	at net.minidev.json.parser.JSONParserBase.readObject(JSONParserBase.java:614)
	at net.minidev.json.parser.JSONParserBase.readMain(JSONParserBase.java:467)
	at net.minidev.json.parser.JSONParserBase.readArray(JSONParserBase.java:337)
	at net.minidev.json.parser.JSONParserBase.readMain(JSONParserBase.java:470)
	at net.minidev.json.parser.JSONParserBase.readObject(JSONParserBase.java:614)
	at net.minidev.json.parser.JSONParserBase.readMain(JSONParserBase.java:467)
	at net.minidev.json.parser.JSONParserBase.readObject(JSONParserBase.java:614)
	at net.minidev.json.parser.JSONParserBase.readMain(JSONParserBase.java:467)
	at net.minidev.json.parser.JSONParserBase.readArray(JSONParserBase.java:337)
	at net.minidev.json.parser.JSONParserBase.readMain(JSONParserBase.java:470)
	at net.minidev.json.parser.JSONParserBase.readObject(JSONParserBase.java:614)
	at net.minidev.json.parser.JSONParserBase.readMain(JSONParserBase.java:467)
	at net.minidev.json.parser.JSONParserBase.readObject(JSONParserBase.java:614)
	at net.minidev.json.parser.JSONParserBase.readMain(JSONParserBase.java:467)
	at net.minidev.json.parser.JSONParserBase.readArray(JSONParserBase.java:337)
	at net.minidev.json.parser.JSONParserBase.readMain(JSONParserBase.java:470)
	at net.minidev.json.parser.JSONParserBase.readObject(JSONParserBase.java:614)
	at net.minidev.json.parser.JSONParserBase.readMain(JSONParserBase.java:467)
	at net.minidev.json.parser.JSONParserBase.readObject(JSONParserBase.java:614)
	at net.minidev.json.parser.JSONParserBase.readMain(JSONParserBase.java:467)
	at net.minidev.json.parser.JSONParserBase.readArray(JSONParserBase.java:337)
	at net.minidev.json.parser.JSONParserBase.readMain(JSONParserBase.java:470)
	at net.minidev.json.parser.JSONParserBase.readObject(JSONParserBase.java:614)
	at net.minidev.json.parser.JSONParserBase.readMain(JSONParserBase.java:467)
	at net.minidev.json.parser.JSONParserBase.readObject(JSONParserBase.java:614)
	at net.minidev.json.parser.JSONParserBase.readMain(JSONParserBase.java:467)
	at net.minidev.json.parser.JSONParserBase.readArray(JSONParserBase.java:337)
	at net.minidev.json.parser.JSONParserBase.readMain(JSONParserBase.java:470)
	at net.minidev.json.parser.JSONParserBase.readObject(JSONParserBase.java:614)
	at net.minidev.json.parser.JSONParserBase.readMain(JSONParserBase.java:467)
	at net.minidev.json.parser.JSONParserBase.readObject(JSONParserBase.java:614)
	at net.minidev.json.parser.JSONParserBase.readMain(JSONParserBase.java:467)
	at net.minidev.json.parser.JSONParserBase.readArray(JSONParserBase.java:337)
	at net.minidev.json.parser.JSONParserBase.readMain(JSONParserBase.java:470)
	at net.minidev.json.parser.JSONParserBase.readObject(JSONParserBase.java:614)
	at net.minidev.json.parser.JSONParserBase.readMain(JSONParserBase.java:467)
	at net.minidev.json.parser.JSONParserBase.readObject(JSONParserBase.java:614)
	at net.minidev.json.parser.JSONParserBase.readMain(JSONParserBase.java:467)
	at net.minidev.json.parser.JSONParserBase.readArray(JSONParserBase.java:337)
	at net.minidev.json.parser.JSONParserBase.readMain(JSONParserBase.java:470)
	at net.minidev.json.parser.JSONParserBase.readObject(JSONParserBase.java:614)
	at net.minidev.json.parser.JSONParserBase.readMain(JSONParserBase.java:467)
	at net.minidev.json.parser.JSONParserBase.readObject(JSONParserBase.java:614)
	at net.minidev.json.parser.JSONParserBase.readMain(JSONParserBase.java:467)
	at net.minidev.json.parser.JSONParserBase.readArray(JSONParserBase.java:337)
	at net.minidev.json.parser.JSONParserBase.readMain(JSONParserBase.java:470)
	at net.minidev.json.parser.JSONParserBase.readObject(JSONParserBase.java:614)
	at net.minidev.json.parser.JSONParserBase.readMain(JSONParserBase.java:467)
	at net.minidev.json.parser.JSONParserBase.readObject(JSONParserBase.java:614)
	at net.minidev.json.parser.JSONParserBase.readMain(JSONParserBase.java:467)
	at net.minidev.json.parser.JSONParserBase.readArray(JSONParserBase.java:337)
	at net.minidev.json.parser.JSONParserBase.readMain(JSONParserBase.java:470)
	at net.minidev.json.parser.JSONParserBase.readObject(JSONParserBase.java:614)
	at net.minidev.json.parser.JSONParserBase.readMain(JSONParserBase.java:467)
	at net.minidev.json.parser.JSONParserBase.readObject(JSONParserBase.java:614)
	at net.minidev.json.parser.JSONParserBase.readMain(JSONParserBase.java:467)
	at net.minidev.json.parser.JSONParserBase.readArray(JSONParserBase.java:337)
	at net.minidev.json.parser.JSONParserBase.readMain(JSONParserBase.java:470)
	at net.minidev.json.parser.JSONParserBase.readObject(JSONParserBase.java:614)
	at net.minidev.json.parser.JSONParserBase.readMain(JSONParserBase.java:467)
	at net.minidev.json.parser.JSONParserBase.readObject(JSONParserBase.java:614)
	at net.minidev.json.parser.JSONParserBase.readMain(JSONParserBase.java:467)
	at net.minidev.json.parser.JSONParserBase.readArray(JSONParserBase.java:337)
	at net.minidev.json.parser.JSONParserBase.readMain(JSONParserBase.java:470)
	at net.minidev.json.parser.JSONParserBase.readObject(JSONParserBase.java:614)
	at net.minidev.json.parser.JSONParserBase.readMain(JSONParserBase.java:467)
	at net.minidev.json.parser.JSONParserBase.readObject(JSONParserBase.java:614)
	at net.minidev.json.parser.JSONParserBase.readMain(JSONParserBase.java:467)
	at net.minidev.json.parser.JSONParserBase.readArray(JSONParserBase.java:337)
	at net.minidev.json.parser.JSONParserBase.readMain(JSONParserBase.java:470)
	at net.minidev.json.parser.JSONParserBase.readObject(JSONParserBase.java:614)
	at net.minidev.json.parser.JSONParserBase.readMain(JSONParserBase.java:467)
	at net.minidev.json.parser.JSONParserBase.readObject(JSONParserBase.java:614)
	at net.minidev.json.parser.JSONParserBase.readMain(JSONParserBase.java:467)
	at net.minidev.json.parser.JSONParserBase.readArray(JSONParserBase.java:337)
	at net.minidev.json.parser.JSONParserBase.readMain(JSONParserBase.java:470)
	at net.minidev.json.parser.JSONParserBase.readObject(JSONParserBase.java:614)
	at net.minidev.json.parser.JSONParserBase.readMain(JSONParserBase.java:467)
	at net.minidev.json.parser.JSONParserBase.readObject(JSONParserBase.java:614)
	at net.minidev.json.parser.JSONParserBase.readMain(JSONParserBase.java:467)
	at net.minidev.json.parser.JSONParserBase.readArray(JSONParserBase.java:337)
	at net.minidev.json.parser.JSONParserBase.readMain(JSONParserBase.java:470)
	at net.minidev.json.parser.JSONParserBase.readObject(JSONParserBase.java:614)
	at net.minidev.json.parser.JSONParserBase.readMain(JSONParserBase.java:467)
	at net.minidev.json.parser.JSONParserBase.readObject(JSONParserBase.java:614)
	at net.minidev.json.parser.JSONParserBase.readMain(JSONParserBase.java:467)
	at net.minidev.json.parser.JSONParserBase.readArray(JSONParserBase.java:337)
	at net.minidev.json.parser.JSONParserBase.readMain(JSONParserBase.java:470)
	at net.minidev.json.parser.JSONParserBase.readObject(JSONParserBase.java:614)
	at net.minidev.json.parser.JSONParserBase.readMain(JSONParserBase.java:467)
	at net.minidev.json.parser.JSONParserBase.readObject(JSONParserBase.java:614)
	at net.minidev.json.parser.JSONParserBase.readMain(JSONParserBase.java:467)
	at net.minidev.json.parser.JSONParserBase.readArray(JSONParserBase.java:337)
	at net.minidev.json.parser.JSONParserBase.readMain(JSONParserBase.java:470)
	at net.minidev.json.parser.JSONParserBase.readObject(JSONParserBase.java:614)
	at net.minidev.json.parser.JSONParserBase.readMain(JSONParserBase.java:467)
	at net.minidev.json.parser.JSONParserBase.readObject(JSONParserBase.java:614)
	at net.minidev.json.parser.JSONParserBase.readMain(JSONParserBase.java:467)
	at net.minidev.json.parser.JSONParserBase.readArray(JSONParserBase.java:337)
	at net.minidev.json.parser.JSONParserBase.readMain(JSONParserBase.java:470)
	at net.minidev.json.parser.JSONParserBase.readObject(JSONParserBase.java:614)
	at net.minidev.json.parser.JSONParserBase.readMain(JSONParserBase.java:467)
	at net.minidev.json.parser.JSONParserBase.readObject(JSONParserBase.java:614)
	at net.minidev.json.parser.JSONParserBase.readMain(JSONParserBase.java:467)
	at net.minidev.json.parser.JSONParserBase.readArray(JSONParserBase.java:337)
	at net.minidev.json.parser.JSONParserBase.readMain(JSONParserBase.java:470)
	at net.minidev.json.parser.JSONParserBase.readObject(JSONParserBase.java:614)
	at net.minidev.json.parser.JSONParserBase.readMain(JSONParserBase.java:467)
	at net.minidev.json.parser.JSONParserBase.readObject(JSONParserBase.java:614)
	at net.minidev.json.parser.JSONParserBase.readMain(JSONParserBase.java:467)
	at net.minidev.json.parser.JSONParserBase.readArray(JSONParserBase.java:337)
	at net.minidev.json.parser.JSONParserBase.readMain(JSONParserBase.java:470)
	at net.minidev.json.parser.JSONParserBase.readObject(JSONParserBase.java:614)
	at net.minidev.json.parser.JSONParserBase.readMain(JSONParserBase.java:467)
	at net.minidev.json.parser.JSONParserBase.readObject(JSONParserBase.java:614)
	at net.minidev.json.parser.JSONParserBase.readMain(JSONParserBase.java:467)
	at net.minidev.json.parser.JSONParserBase.readArray(JSONParserBase.java:337)
	at net.minidev.json.parser.JSONParserBase.readMain(JSONParserBase.java:470)
	at net.minidev.json.parser.JSONParserBase.readObject(JSONParserBase.java:614)
	at net.minidev.json.parser.JSONParserBase.readMain(JSONParserBase.java:467)
	at net.minidev.json.parser.JSONParserBase.readObject(JSONParserBase.java:614)
	at net.minidev.json.parser.JSONParserBase.readMain(JSONParserBase.java:467)
	at net.minidev.json.parser.JSONParserBase.readArray(JSONParserBase.java:337)
	at net.minidev.json.parser.JSONParserBase.readMain(JSONParserBase.java:470)
	at net.minidev.json.parser.JSONParserBase.readObject(JSONParserBase.java:614)
	at net.minidev.json.parser.JSONParserBase.readMain(JSONParserBase.java:467)
	at net.minidev.json.parser.JSONParserBase.readObject(JSONParserBase.java:614)
	at net.minidev.json.parser.JSONParserBase.readMain(JSONParserBase.java:467)
	at net.minidev.json.parser.JSONParserBase.readArray(JSONParserBase.java:337)
	at net.minidev.json.parser.JSONParserBase.readMain(JSONParserBase.java:470)
	at net.minidev.json.parser.JSONParserBase.readObject(JSONParserBase.java:614)
	at net.minidev.json.parser.JSONParserBase.readMain(JSONParserBase.java:467)
	at net.minidev.json.parser.JSONParserBase.readObject(JSONParserBase.java:614)
	at net.minidev.json.parser.JSONParserBase.readMain(JSONParserBase.java:467)
	at net.minidev.json.parser.JSONParserBase.readArray(JSONParserBase.java:337)
	at net.minidev.json.parser.JSONParserBase.readMain(JSONParserBase.java:470)
	at net.minidev.json.parser.JSONParserBase.readObject(JSONParserBase.java:614)
	at net.minidev.json.parser.JSONParserBase.readMain(JSONParserBase.java:467)
	at net.minidev.json.parser.JSONParserBase.readObject(JSONParserBase.java:614)
	at net.minidev.json.parser.JSONParserBase.readMain(JSONParserBase.java:467)
	at net.minidev.json.parser.JSONParserBase.readArray(JSONParserBase.java:337)
	at net.minidev.json.parser.JSONParserBase.readMain(JSONParserBase.java:470)
	at net.minidev.json.parser.JSONParserBase.readObject(JSONParserBase.java:614)
	at net.minidev.json.parser.JSONParserBase.readMain(JSONParserBase.java:467)
	at net.minidev.json.parser.JSONParserBase.readObject(JSONParserBase.java:614)
	at net.minidev.json.parser.JSONParserBase.readMain(JSONParserBase.java:467)
	at net.minidev.json.parser.JSONParserBase.readArray(JSONParserBase.java:337)
	at net.minidev.json.parser.JSONParserBase.readMain(JSONParserBase.java:470)
	at net.minidev.json.parser.JSONParserBase.readObject(JSONParserBase.java:614)
	at net.minidev.json.parser.JSONParserBase.readMain(JSONParserBase.java:467)
	at net.minidev.json.parser.JSONParserBase.readObject(JSONParserBase.java:614)
	at net.minidev.json.parser.JSONParserBase.readMain(JSONParserBase.java:467)
	at net.minidev.json.parser.JSONParserBase.readArray(JSONParserBase.java:337)
	at net.minidev.json.parser.JSONParserBase.readMain(JSONParserBase.java:470)
	at net.minidev.json.parser.JSONParserBase.readObject(JSONParserBase.java:614)
	at net.minidev.json.parser.JSONParserBase.readMain(JSONParserBase.java:467)
	at net.minidev.json.parser.JSONParserBase.readObject(JSONParserBase.java:614)
	at net.minidev.json.parser.JSONParserBase.readMain(JSONParserBase.java:467)
	at net.minidev.json.parser.JSONParserBase.readArray(JSONParserBase.java:337)
	at net.minidev.json.parser.JSONParserBase.readMain(JSONParserBase.java:470)
	at net.minidev.json.parser.JSONParserBase.readObject(JSONParserBase.java:614)
	at net.minidev.json.parser.JSONParserBase.readMain(JSONParserBase.java:467)
	at net.minidev.json.parser.JSONParserBase.readObject(JSONParserBase.java:614)
	at net.minidev.json.parser.JSONParserBase.readMain(JSONParserBase.java:467)
	at net.minidev.json.parser.JSONParserBase.readArray(JSONParserBase.java:337)
	at net.minidev.json.parser.JSONParserBase.readMain(JSONParserBase.java:470)
	at net.minidev.json.parser.JSONParserBase.readObject(JSONParserBase.java:614)
	at net.minidev.json.parser.JSONParserBase.readMain(JSONParserBase.java:467)
	at net.minidev.json.parser.JSONParserBase.readObject(JSONParserBase.java:614)
	at net.minidev.json.parser.JSONParserBase.readMain(JSONParserBase.java:467)
	at net.minidev.json.parser.JSONParserBase.readArray(JSONParserBase.java:337)
	at net.minidev.json.parser.JSONParserBase.readMain(JSONParserBase.java:470)
	at net.minidev.json.parser.JSONParserBase.readObject(JSONParserBase.java:614)
	at net.minidev.json.parser.JSONParserBase.readMain(JSONParserBase.java:467)
	at net.minidev.json.parser.JSONParserBase.readObject(JSONParserBase.java:614)
[...]
    Forwarded URL = null
   Redirected URL = null
          Cookies = []
]]></system-out>
  </testcase>
  <testcase name="Day13_testAddPurchaseOrderItem" classname="com.examly.springapp.SpringappApplicationTests" time="0.436">
    <error message="Request processing failed: org.springframework.dao.DataIntegrityViolationException: could not execute statement [Cannot add or update a child row: a foreign key constraint fails (`springapp_db`.`purchase_order_item`, CONSTRAINT `FKs3uske0upa0jymmqr7dwgbrsx` FOREIGN KEY (`purchase_order_purchase_order_id`) REFERENCES `purchase_order` (`purchase_order_id`))] [insert into purchase_order_item (product_product_id,purchase_order_purchase_order_id,quantity,unit_price) values (?,?,?,?)]; SQL [insert into purchase_order_item (product_product_id,purchase_order_purchase_order_id,quantity,unit_price) values (?,?,?,?)]; constraint [null]" type="jakarta.servlet.ServletException"><![CDATA[jakarta.servlet.ServletException: Request processing failed: org.springframework.dao.DataIntegrityViolationException: could not execute statement [Cannot add or update a child row: a foreign key constraint fails (`springapp_db`.`purchase_order_item`, CONSTRAINT `FKs3uske0upa0jymmqr7dwgbrsx` FOREIGN KEY (`purchase_order_purchase_order_id`) REFERENCES `purchase_order` (`purchase_order_id`))] [insert into purchase_order_item (product_product_id,purchase_order_purchase_order_id,quantity,unit_price) values (?,?,?,?)]; SQL [insert into purchase_order_item (product_product_id,purchase_order_purchase_order_id,quantity,unit_price) values (?,?,?,?)]; constraint [null]
	at org.springframework.web.servlet.FrameworkServlet.processRequest(FrameworkServlet.java:1022)
	at org.springframework.web.servlet.FrameworkServlet.doPost(FrameworkServlet.java:914)
	at jakarta.servlet.http.HttpServlet.service(HttpServlet.java:590)
	at org.springframework.web.servlet.FrameworkServlet.service(FrameworkServlet.java:885)
	at org.springframework.test.web.servlet.TestDispatcherServlet.service(TestDispatcherServlet.java:72)
	at jakarta.servlet.http.HttpServlet.service(HttpServlet.java:658)
	at org.springframework.mock.web.MockFilterChain$ServletFilterProxy.doFilter(MockFilterChain.java:165)
	at org.springframework.mock.web.MockFilterChain.doFilter(MockFilterChain.java:132)
	at org.springframework.web.filter.RequestContextFilter.doFilterInternal(RequestContextFilter.java:100)
	at org.springframework.web.filter.OncePerRequestFilter.doFilter(OncePerRequestFilter.java:116)
	at org.springframework.test.web.servlet.setup.MockMvcFilterDecorator.doFilter(MockMvcFilterDecorator.java:162)
	at org.springframework.mock.web.MockFilterChain.doFilter(MockFilterChain.java:132)
	at org.springframework.web.filter.FormContentFilter.doFilterInternal(FormContentFilter.java:93)
	at org.springframework.web.filter.OncePerRequestFilter.doFilter(OncePerRequestFilter.java:116)
	at org.springframework.test.web.servlet.setup.MockMvcFilterDecorator.doFilter(MockMvcFilterDecorator.java:162)
	at org.springframework.mock.web.MockFilterChain.doFilter(MockFilterChain.java:132)
	at org.springframework.web.filter.CharacterEncodingFilter.doFilterInternal(CharacterEncodingFilter.java:201)
	at org.springframework.web.filter.OncePerRequestFilter.doFilter(OncePerRequestFilter.java:116)
	at org.springframework.test.web.servlet.setup.MockMvcFilterDecorator.doFilter(MockMvcFilterDecorator.java:162)
	at org.springframework.mock.web.MockFilterChain.doFilter(MockFilterChain.java:132)
	at org.springframework.test.web.servlet.MockMvc.perform(MockMvc.java:201)
	at com.examly.springapp.SpringappApplicationTests.Day13_testAddPurchaseOrderItem(SpringappApplicationTests.java:882)
	at java.base/java.lang.reflect.Method.invoke(Method.java:580)
	at java.base/java.util.ArrayList.forEach(ArrayList.java:1596)
	at java.base/java.util.ArrayList.forEach(ArrayList.java:1596)
Caused by: org.springframework.dao.DataIntegrityViolationException: could not execute statement [Cannot add or update a child row: a foreign key constraint fails (`springapp_db`.`purchase_order_item`, CONSTRAINT `FKs3uske0upa0jymmqr7dwgbrsx` FOREIGN KEY (`purchase_order_purchase_order_id`) REFERENCES `purchase_order` (`purchase_order_id`))] [insert into purchase_order_item (product_product_id,purchase_order_purchase_order_id,quantity,unit_price) values (?,?,?,?)]; SQL [insert into purchase_order_item (product_product_id,purchase_order_purchase_order_id,quantity,unit_price) values (?,?,?,?)]; constraint [null]
	at org.springframework.orm.jpa.vendor.HibernateJpaDialect.convertHibernateAccessException(HibernateJpaDialect.java:294)
	at org.springframework.orm.jpa.vendor.HibernateJpaDialect.convertHibernateAccessException(HibernateJpaDialect.java:256)
	at org.springframework.orm.jpa.vendor.HibernateJpaDialect.translateExceptionIfPossible(HibernateJpaDialect.java:241)
	at org.springframework.orm.jpa.AbstractEntityManagerFactoryBean.translateExceptionIfPossible(AbstractEntityManagerFactoryBean.java:560)
	at org.springframework.dao.support.ChainedPersistenceExceptionTranslator.translateExceptionIfPossible(ChainedPersistenceExceptionTranslator.java:61)
	at org.springframework.dao.support.DataAccessUtils.translateIfNecessary(DataAccessUtils.java:343)
	at org.springframework.dao.support.PersistenceExceptionTranslationInterceptor.invoke(PersistenceExceptionTranslationInterceptor.java:160)
	at org.springframework.aop.framework.ReflectiveMethodInvocation.proceed(ReflectiveMethodInvocation.java:184)
	at org.springframework.data.jpa.repository.support.CrudMethodMetadataPostProcessor$CrudMethodMetadataPopulatingMethodInterceptor.invoke(CrudMethodMetadataPostProcessor.java:165)
	at org.springframework.aop.framework.ReflectiveMethodInvocation.proceed(ReflectiveMethodInvocation.java:184)
	at org.springframework.aop.framework.JdkDynamicAopProxy.invoke(JdkDynamicAopProxy.java:223)
	at jdk.proxy2/jdk.proxy2.$Proxy132.save(Unknown Source)
	at com.examly.springapp.controller.PurchaseOrderItemController.create(PurchaseOrderItemController.java:20)
	at java.base/jdk.internal.reflect.DirectMethodHandleAccessor.invoke(DirectMethodHandleAccessor.java:103)
	at java.base/java.lang.reflect.Method.invoke(Method.java:580)
	at org.springframework.web.method.support.InvocableHandlerMethod.doInvoke(InvocableHandlerMethod.java:258)
	at org.springframework.web.method.support.InvocableHandlerMethod.invokeForRequest(InvocableHandlerMethod.java:191)
	at org.springframework.web.servlet.mvc.method.annotation.ServletInvocableHandlerMethod.invokeAndHandle(ServletInvocableHandlerMethod.java:118)
	at org.springframework.web.servlet.mvc.method.annotation.RequestMappingHandlerAdapter.invokeHandlerMethod(RequestMappingHandlerAdapter.java:991)
	at org.springframework.web.servlet.mvc.method.annotation.RequestMappingHandlerAdapter.handleInternal(RequestMappingHandlerAdapter.java:896)
	at org.springframework.web.servlet.mvc.method.AbstractHandlerMethodAdapter.handle(AbstractHandlerMethodAdapter.java:87)
	at org.springframework.web.servlet.DispatcherServlet.doDispatch(DispatcherServlet.java:1089)
	at org.springframework.web.servlet.DispatcherServlet.doService(DispatcherServlet.java:979)
	at org.springframework.web.servlet.FrameworkServlet.processRequest(FrameworkServlet.java:1014)
	... 24 more
Caused by: org.hibernate.exception.ConstraintViolationException: could not execute statement [Cannot add or update a child row: a foreign key constraint fails (`springapp_db`.`purchase_order_item`, CONSTRAINT `FKs3uske0upa0jymmqr7dwgbrsx` FOREIGN KEY (`purchase_order_purchase_order_id`) REFERENCES `purchase_order` (`purchase_order_id`))] [insert into purchase_order_item (product_product_id,purchase_order_purchase_order_id,quantity,unit_price) values (?,?,?,?)]
	at org.hibernate.exception.internal.SQLExceptionTypeDelegate.convert(SQLExceptionTypeDelegate.java:62)
	at org.hibernate.exception.internal.StandardSQLExceptionConverter.convert(StandardSQLExceptionConverter.java:58)
	at org.hibernate.engine.jdbc.spi.SqlExceptionHelper.convert(SqlExceptionHelper.java:108)
	at org.hibernate.engine.jdbc.internal.ResultSetReturnImpl.executeUpdate(ResultSetReturnImpl.java:197)
	at org.hibernate.id.insert.GetGeneratedKeysDelegate.performMutation(GetGeneratedKeysDelegate.java:116)
	at org.hibernate.engine.jdbc.mutation.internal.MutationExecutorSingleNonBatched.performNonBatchedOperations(MutationExecutorSingleNonBatched.java:47)
	at org.hibernate.engine.jdbc.mutation.internal.AbstractMutationExecutor.execute(AbstractMutationExecutor.java:55)
	at org.hibernate.persister.entity.mutation.InsertCoordinatorStandard.doStaticInserts(InsertCoordinatorStandard.java:194)
	at org.hibernate.persister.entity.mutation.InsertCoordinatorStandard.coordinateInsert(InsertCoordinatorStandard.java:132)
	at org.hibernate.persister.entity.mutation.InsertCoordinatorStandard.insert(InsertCoordinatorStandard.java:95)
	at org.hibernate.action.internal.EntityIdentityInsertAction.execute(EntityIdentityInsertAction.java:85)
	at org.hibernate.engine.spi.ActionQueue.execute(ActionQueue.java:682)
	at org.hibernate.engine.spi.ActionQueue.addResolvedEntityInsertAction(ActionQueue.java:293)
	at org.hibernate.engine.spi.ActionQueue.addInsertAction(ActionQueue.java:274)
	at org.hibernate.engine.spi.ActionQueue.addAction(ActionQueue.java:324)
	at org.hibernate.event.internal.AbstractSaveEventListener.addInsertAction(AbstractSaveEventListener.java:394)
	at org.hibernate.event.internal.AbstractSaveEventListener.performSaveOrReplicate(AbstractSaveEventListener.java:308)
	at org.hibernate.event.internal.AbstractSaveEventListener.performSave(AbstractSaveEventListener.java:224)
	at org.hibernate.event.internal.AbstractSaveEventListener.saveWithGeneratedId(AbstractSaveEventListener.java:136)
	at org.hibernate.event.internal.DefaultPersistEventListener.entityIsTransient(DefaultPersistEventListener.java:177)
	at org.hibernate.event.internal.DefaultPersistEventListener.persist(DefaultPersistEventListener.java:95)
	at org.hibernate.event.internal.DefaultPersistEventListener.onPersist(DefaultPersistEventListener.java:79)
	at org.hibernate.event.internal.DefaultPersistEventListener.onPersist(DefaultPersistEventListener.java:55)
	at org.hibernate.event.service.internal.EventListenerGroupImpl.fireEventOnEachListener(EventListenerGroupImpl.java:127)
	at org.hibernate.internal.SessionImpl.firePersist(SessionImpl.java:761)
	at org.hibernate.internal.SessionImpl.persist(SessionImpl.java:745)
	at java.base/jdk.internal.reflect.DirectMethodHandleAccessor.invoke(DirectMethodHandleAccessor.java:103)
	at java.base/java.lang.reflect.Method.invoke(Method.java:580)
	at org.springframework.orm.jpa.ExtendedEntityManagerCreator$ExtendedEntityManagerInvocationHandler.invoke(ExtendedEntityManagerCreator.java:364)
	at jdk.proxy2/jdk.proxy2.$Proxy124.persist(Unknown Source)
	at java.base/jdk.internal.reflect.DirectMethodHandleAccessor.invoke(DirectMethodHandleAccessor.java:103)
	at java.base/java.lang.reflect.Method.invoke(Method.java:580)
	at org.springframework.orm.jpa.SharedEntityManagerCreator$SharedEntityManagerInvocationHandler.invoke(SharedEntityManagerCreator.java:320)
	at jdk.proxy2/jdk.proxy2.$Proxy124.persist(Unknown Source)
	at org.springframework.data.jpa.repository.support.SimpleJpaRepository.save(SimpleJpaRepository.java:636)
	at java.base/jdk.internal.reflect.DirectMethodHandleAccessor.invoke(DirectMethodHandleAccessor.java:103)
	at java.base/java.lang.reflect.Method.invoke(Method.java:580)
	at org.springframework.aop.support.AopUtils.invokeJoinpointUsingReflection(AopUtils.java:360)
	at org.springframework.data.repository.core.support.RepositoryMethodInvoker$RepositoryFragmentMethodInvoker.lambda$new$0(RepositoryMethodInvoker.java:277)
	at org.springframework.data.repository.core.support.RepositoryMethodInvoker.doInvoke(RepositoryMethodInvoker.java:170)
	at org.springframework.data.repository.core.support.RepositoryMethodInvoker.invoke(RepositoryMethodInvoker.java:158)
	at org.springframework.data.repository.core.support.RepositoryComposition$RepositoryFragments.invoke(RepositoryComposition.java:515)
	at org.springframework.data.repository.core.support.RepositoryComposition.invoke(RepositoryComposition.java:284)
	at org.springframework.data.repository.core.support.RepositoryFactorySupport$ImplementationMethodExecutionInterceptor.invoke(RepositoryFactorySupport.java:731)
	at org.springframework.aop.framework.ReflectiveMethodInvocation.proceed(ReflectiveMethodInvocation.java:184)
	at org.springframework.data.repository.core.support.QueryExecutorMethodInterceptor.doInvoke(QueryExecutorMethodInterceptor.java:174)
	at org.springframework.data.repository.core.support.QueryExecutorMethodInterceptor.invoke(QueryExecutorMethodInterceptor.java:149)
	at org.springframework.aop.framework.ReflectiveMethodInvocation.proceed(ReflectiveMethodInvocation.java:184)
	at org.springframework.data.projection.DefaultMethodInvokingMethodInterceptor.invoke(DefaultMethodInvokingMethodInterceptor.java:69)
	at org.springframework.aop.framework.ReflectiveMethodInvocation.proceed(ReflectiveMethodInvocation.java:184)
	at org.springframework.transaction.interceptor.TransactionAspectSupport.invokeWithinTransaction(TransactionAspectSupport.java:380)
	at org.springframework.transaction.interceptor.TransactionInterceptor.invoke(TransactionInterceptor.java:119)
	at org.springframework.aop.framework.ReflectiveMethodInvocation.proceed(ReflectiveMethodInvocation.java:184)
	at org.springframework.dao.support.PersistenceExceptionTranslationInterceptor.invoke(PersistenceExceptionTranslationInterceptor.java:138)
	... 41 more
Caused by: java.sql.SQLIntegrityConstraintViolationException: Cannot add or update a child row: a foreign key constraint fails (`springapp_db`.`purchase_order_item`, CONSTRAINT `FKs3uske0upa0jymmqr7dwgbrsx` FOREIGN KEY (`purchase_order_purchase_order_id`) REFERENCES `purchase_order` (`purchase_order_id`))
	at com.mysql.cj.jdbc.exceptions.SQLError.createSQLException(SQLError.java:109)
	at com.mysql.cj.jdbc.exceptions.SQLExceptionsMapping.translateException(SQLExceptionsMapping.java:114)
	at com.mysql.cj.jdbc.ClientPreparedStatement.executeInternal(ClientPreparedStatement.java:988)
	at com.mysql.cj.jdbc.ClientPreparedStatement.executeUpdateInternal(ClientPreparedStatement.java:1166)
	at com.mysql.cj.jdbc.ClientPreparedStatement.executeUpdateInternal(ClientPreparedStatement.java:1101)
	at com.mysql.cj.jdbc.ClientPreparedStatement.executeLargeUpdate(ClientPreparedStatement.java:1448)
	at com.mysql.cj.jdbc.ClientPreparedStatement.executeUpdate(ClientPreparedStatement.java:1084)
	at com.zaxxer.hikari.pool.ProxyPreparedStatement.executeUpdate(ProxyPreparedStatement.java:61)
	at com.zaxxer.hikari.pool.HikariProxyPreparedStatement.executeUpdate(HikariProxyPreparedStatement.java)
	at org.hibernate.engine.jdbc.internal.ResultSetReturnImpl.executeUpdate(ResultSetReturnImpl.java:194)
	... 91 more
]]></error>
    <system-out><![CDATA[Hibernate: insert into purchase_order_item (product_product_id,purchase_order_purchase_order_id,quantity,unit_price) values (?,?,?,?)
2025-12-28T20:03:32.815+05:30  WARN 23748 --- [           main] o.h.engine.jdbc.spi.SqlExceptionHelper   : SQL Error: 1452, SQLState: 23000
2025-12-28T20:03:32.815+05:30 ERROR 23748 --- [           main] o.h.engine.jdbc.spi.SqlExceptionHelper   : Cannot add or update a child row: a foreign key constraint fails (`springapp_db`.`purchase_order_item`, CONSTRAINT `FKs3uske0upa0jymmqr7dwgbrsx` FOREIGN KEY (`purchase_order_purchase_order_id`) REFERENCES `purchase_order` (`purchase_order_id`))
]]></system-out>
  </testcase>
  <testcase name="Day13_testGetPurchaseOrderItemsByOrderId" classname="com.examly.springapp.SpringappApplicationTests" time="0.023">
    <failure message="No value at JSON path &quot;$[0].quantity&quot;" type="java.lang.AssertionError"><![CDATA[java.lang.AssertionError: No value at JSON path "$[0].quantity"
	at org.springframework.test.util.JsonPathExpectationsHelper.evaluateJsonPath(JsonPathExpectationsHelper.java:351)
	at org.springframework.test.util.JsonPathExpectationsHelper.assertValue(JsonPathExpectationsHelper.java:148)
	at org.springframework.test.web.servlet.result.JsonPathResultMatchers.lambda$value$2(JsonPathResultMatchers.java:112)
	at org.springframework.test.web.servlet.MockMvc$1.andExpect(MockMvc.java:214)
	at com.examly.springapp.SpringappApplicationTests.Day13_testGetPurchaseOrderItemsByOrderId(SpringappApplicationTests.java:896)
	at java.base/java.lang.reflect.Method.invoke(Method.java:580)
	at java.base/java.util.ArrayList.forEach(ArrayList.java:1596)
	at java.base/java.util.ArrayList.forEach(ArrayList.java:1596)
Caused by: com.jayway.jsonpath.PathNotFoundException: No results for path: $[0]['quantity']
]]></failure>
    <system-out><![CDATA[Hibernate: select poi1_0.purchase_order_item_id,poi1_0.product_product_id,poi1_0.purchase_order_purchase_order_id,poi1_0.quantity,poi1_0.unit_price from purchase_order_item poi1_0 left join purchase_order po1_0 on po1_0.purchase_order_id=poi1_0.purchase_order_purchase_order_id where po1_0.purchase_order_id=?

MockHttpServletRequest:
      HTTP Method = GET
      Request URI = /api/purchase-order-items/order/1
       Parameters = {}
          Headers = [Accept:"application/json"]
             Body = null
    Session Attrs = {}

Handler:
             Type = com.examly.springapp.controller.PurchaseOrderItemController
           Method = com.examly.springapp.controller.PurchaseOrderItemController#getByOrderId(Long)

Async:
    Async started = false
     Async result = null

Resolved Exception:
             Type = null

ModelAndView:
        View name = null
             View = null
            Model = null

FlashMap:
       Attributes = null

MockHttpServletResponse:
           Status = 200
    Error message = null
          Headers = [Content-Type:"application/json"]
     Content type = application/json
             Body = []
    Forwarded URL = null
   Redirected URL = null
          Cookies = []
]]></system-out>
  </testcase>
  <testcase name="Day14_test_Exception_Directory_Exists" classname="com.examly.springapp.SpringappApplicationTests" time="0.011"/>
  <testcase name="Day14_test_ResourceNotFoundException_File_Exists" classname="com.examly.springapp.SpringappApplicationTests" time="0.002"/>
  <testcase name="Day14test_configuartion_Directory_Exists" classname="com.examly.springapp.SpringappApplicationTests" time="0.002"/>
  <testcase name="Day15_testAOPLogFileExists" classname="com.examly.springapp.SpringappApplicationTests" time="0.001"/>
</testsuite>